
**** Build of configuration Debug for project gpio_jtag ****

"C:\\ti\\ccsv5\\utils\\bin\\gmake" -k all 
gmake: ../gpio_jtag.c: Timestamp out of range; substituting 1969-12-31 21:00:00
'Building file: ../gpio_jtag.c'
'Invoking: ARM Compiler'
"C:/ti/ccsv5/tools/compiler/arm_5.0.4/bin/armcl" -mv7M4 --code_state=16 --float_support=FPv4SPD16 --abi=eabi -me -O2 -g --include_path="C:/ti/ccsv5/tools/compiler/arm_5.0.4/include" --include_path="C:/ti/TivaWare_C_Series-2.1.0.12573/examples/boards/ek-tm4c123gxl" --include_path="C:/ti/TivaWare_C_Series-2.1.0.12573" --gcc --define=ccs="ccs" --define=PART_TM4C123GH6PM --define=TARGET_IS_TM4C123_RB1 --diag_warning=225 --display_error_number --diag_wrap=off --gen_func_subsections=on --ual --preproc_with_compile --preproc_dependency="gpio_jtag.pp"  "../gpio_jtag.c"
'Finished building: ../gpio_jtag.c'
' '
gmake: ../startup_ccs.c: Timestamp out of range; substituting 1969-12-31 21:00:00
'Building file: ../startup_ccs.c'
'Invoking: ARM Compiler'
"C:/ti/ccsv5/tools/compiler/arm_5.0.4/bin/armcl" -mv7M4 --code_state=16 --float_support=FPv4SPD16 --abi=eabi -me -O2 -g --include_path="C:/ti/ccsv5/tools/compiler/arm_5.0.4/include" --include_path="C:/ti/TivaWare_C_Series-2.1.0.12573/examples/boards/ek-tm4c123gxl" --include_path="C:/ti/TivaWare_C_Series-2.1.0.12573" --gcc --define=ccs="ccs" --define=PART_TM4C123GH6PM --define=TARGET_IS_TM4C123_RB1 --diag_warning=225 --display_error_number --diag_wrap=off --gen_func_subsections=on --ual --preproc_with_compile --preproc_dependency="startup_ccs.pp"  "../startup_ccs.c"
'Finished building: ../startup_ccs.c'
' '
'Building file: C:/ti/TivaWare_C_Series-2.1.0.12573/utils/uartstdio.c'
'Invoking: ARM Compiler'
"C:/ti/ccsv5/tools/compiler/arm_5.0.4/bin/armcl" -mv7M4 --code_state=16 --float_support=FPv4SPD16 --abi=eabi -me -O2 -g --include_path="C:/ti/ccsv5/tools/compiler/arm_5.0.4/include" --include_path="C:/ti/TivaWare_C_Series-2.1.0.12573/examples/boards/ek-tm4c123gxl" --include_path="C:/ti/TivaWare_C_Series-2.1.0.12573" --gcc --define=ccs="ccs" --define=PART_TM4C123GH6PM --define=TARGET_IS_TM4C123_RB1 --diag_warning=225 --display_error_number --diag_wrap=off --gen_func_subsections=on --ual --preproc_with_compile --preproc_dependency="utils/uartstdio.pp" --obj_directory="utils"  "C:/ti/TivaWare_C_Series-2.1.0.12573/utils/uartstdio.c"
'Finished building: C:/ti/TivaWare_C_Series-2.1.0.12573/utils/uartstdio.c'
' '
'Building file: C:/ti/TivaWare_C_Series-2.1.0.12573/examples/boards/ek-tm4c123gxl/drivers/buttons.c'
'Invoking: ARM Compiler'
"C:/ti/ccsv5/tools/compiler/arm_5.0.4/bin/armcl" -mv7M4 --code_state=16 --float_support=FPv4SPD16 --abi=eabi -me -O2 -g --include_path="C:/ti/ccsv5/tools/compiler/arm_5.0.4/include" --include_path="C:/ti/TivaWare_C_Series-2.1.0.12573/examples/boards/ek-tm4c123gxl" --include_path="C:/ti/TivaWare_C_Series-2.1.0.12573" --gcc --define=ccs="ccs" --define=PART_TM4C123GH6PM --define=TARGET_IS_TM4C123_RB1 --diag_warning=225 --display_error_number --diag_wrap=off --gen_func_subsections=on --ual --preproc_with_compile --preproc_dependency="drivers/buttons.pp" --obj_directory="drivers"  "C:/ti/TivaWare_C_Series-2.1.0.12573/examples/boards/ek-tm4c123gxl/drivers/buttons.c"
'Finished building: C:/ti/TivaWare_C_Series-2.1.0.12573/examples/boards/ek-tm4c123gxl/drivers/buttons.c'
' '
gmake: ../gpio_jtag_ccs.cmd: Timestamp out of range; substituting 1969-12-31 21:00:00
'Building target: gpio_jtag.out'
'Invoking: ARM Linker'
"C:/ti/ccsv5/tools/compiler/arm_5.0.4/bin/armcl" -mv7M4 --code_state=16 --float_support=FPv4SPD16 --abi=eabi -me -O2 -g --gcc --define=ccs="ccs" --define=PART_TM4C123GH6PM --define=TARGET_IS_TM4C123_RB1 --diag_warning=225 --display_error_number --diag_wrap=off --gen_func_subsections=on --ual -z --stack_size=256 -m"gpio_jtag_ccs.map" --heap_size=0 -i"C:/ti/ccsv5/tools/compiler/arm_5.0.4/lib" -i"C:/ti/ccsv5/tools/compiler/arm_5.0.4/include" --reread_libs --warn_sections --display_error_number --diag_wrap=off --xml_link_info="gpio_jtag_linkInfo.xml" --rom_model -o "gpio_jtag.out"  "./drivers/buttons.obj" "./utils/uartstdio.obj" "./startup_ccs.obj" "./gpio_jtag.obj" -l"libc.a" -l"C:/ti/TivaWare_C_Series-2.1.0.12573/examples/boards/ek-tm4c123gxl/gpio_jtag/ccs/../../../../../driverlib/ccs/Debug/driverlib.lib" "../gpio_jtag_ccs.cmd" 
<Linking>
'Finished building target: gpio_jtag.out'
' '
"C:/ti/ccsv5/utils/tiobj2bin/tiobj2bin" "gpio_jtag.out" "gpio_jtag.bin" "C:/ti/ccsv5/tools/compiler/arm_5.0.4/bin/armofd" "C:/ti/ccsv5/tools/compiler/arm_5.0.4/bin/armhex" "C:/ti/ccsv5/utils/tiobj2bin/mkhex4bin"
' '

**** Build Finished ****
