
**** Build of configuration Debug for project udma_demo ****

"C:\\ti\\ccsv5\\utils\\bin\\gmake" -k all 
gmake: ../startup_ccs.c: Timestamp out of range; substituting 1969-12-31 21:00:00
'Building file: ../startup_ccs.c'
'Invoking: ARM Compiler'
"C:/ti/ccsv5/tools/compiler/arm_5.0.4/bin/armcl" -mv7M4 --code_state=16 --float_support=FPv4SPD16 --abi=eabi -me -O2 -g --include_path="C:/ti/ccsv5/tools/compiler/arm_5.0.4/include" --include_path="C:/ti/TivaWare_C_Series-2.1.0.12573" --gcc --define=ccs="ccs" --define=PART_TM4C123GH6PM --define=TARGET_IS_TM4C123_RB1 --diag_warning=225 --display_error_number --diag_wrap=off --gen_func_subsections=on --ual --preproc_with_compile --preproc_dependency="startup_ccs.pp"  "../startup_ccs.c"
'Finished building: ../startup_ccs.c'
gmake: ../udma_demo.c: Timestamp out of range; substituting 1969-12-31 21:00:00
' '
'Building file: ../udma_demo.c'
'Invoking: ARM Compiler'
"C:/ti/ccsv5/tools/compiler/arm_5.0.4/bin/armcl" -mv7M4 --code_state=16 --float_support=FPv4SPD16 --abi=eabi -me -O2 -g --include_path="C:/ti/ccsv5/tools/compiler/arm_5.0.4/include" --include_path="C:/ti/TivaWare_C_Series-2.1.0.12573" --gcc --define=ccs="ccs" --define=PART_TM4C123GH6PM --define=TARGET_IS_TM4C123_RB1 --diag_warning=225 --display_error_number --diag_wrap=off --gen_func_subsections=on --ual --preproc_with_compile --preproc_dependency="udma_demo.pp"  "../udma_demo.c"
'Finished building: ../udma_demo.c'
' '
'Building file: C:/ti/TivaWare_C_Series-2.1.0.12573/utils/cpu_usage.c'
'Invoking: ARM Compiler'
"C:/ti/ccsv5/tools/compiler/arm_5.0.4/bin/armcl" -mv7M4 --code_state=16 --float_support=FPv4SPD16 --abi=eabi -me -O2 -g --include_path="C:/ti/ccsv5/tools/compiler/arm_5.0.4/include" --include_path="C:/ti/TivaWare_C_Series-2.1.0.12573" --gcc --define=ccs="ccs" --define=PART_TM4C123GH6PM --define=TARGET_IS_TM4C123_RB1 --diag_warning=225 --display_error_number --diag_wrap=off --gen_func_subsections=on --ual --preproc_with_compile --preproc_dependency="utils/cpu_usage.pp" --obj_directory="utils"  "C:/ti/TivaWare_C_Series-2.1.0.12573/utils/cpu_usage.c"
'Finished building: C:/ti/TivaWare_C_Series-2.1.0.12573/utils/cpu_usage.c'
' '
'Building file: C:/ti/TivaWare_C_Series-2.1.0.12573/utils/uartstdio.c'
'Invoking: ARM Compiler'
"C:/ti/ccsv5/tools/compiler/arm_5.0.4/bin/armcl" -mv7M4 --code_state=16 --float_support=FPv4SPD16 --abi=eabi -me -O2 -g --include_path="C:/ti/ccsv5/tools/compiler/arm_5.0.4/include" --include_path="C:/ti/TivaWare_C_Series-2.1.0.12573" --gcc --define=ccs="ccs" --define=PART_TM4C123GH6PM --define=TARGET_IS_TM4C123_RB1 --diag_warning=225 --display_error_number --diag_wrap=off --gen_func_subsections=on --ual --preproc_with_compile --preproc_dependency="utils/uartstdio.pp" --obj_directory="utils"  "C:/ti/TivaWare_C_Series-2.1.0.12573/utils/uartstdio.c"
'Finished building: C:/ti/TivaWare_C_Series-2.1.0.12573/utils/uartstdio.c'
' '
'Building file: C:/ti/TivaWare_C_Series-2.1.0.12573/utils/ustdlib.c'
'Invoking: ARM Compiler'
"C:/ti/ccsv5/tools/compiler/arm_5.0.4/bin/armcl" -mv7M4 --code_state=16 --float_support=FPv4SPD16 --abi=eabi -me -O2 -g --include_path="C:/ti/ccsv5/tools/compiler/arm_5.0.4/include" --include_path="C:/ti/TivaWare_C_Series-2.1.0.12573" --gcc --define=ccs="ccs" --define=PART_TM4C123GH6PM --define=TARGET_IS_TM4C123_RB1 --diag_warning=225 --display_error_number --diag_wrap=off --gen_func_subsections=on --ual --preproc_with_compile --preproc_dependency="utils/ustdlib.pp" --obj_directory="utils"  "C:/ti/TivaWare_C_Series-2.1.0.12573/utils/ustdlib.c"
'Finished building: C:/ti/TivaWare_C_Series-2.1.0.12573/utils/ustdlib.c'
' '
gmake: ../udma_demo_ccs.cmd: Timestamp out of range; substituting 1969-12-31 21:00:00
'Building target: udma_demo.out'
'Invoking: ARM Linker'
"C:/ti/ccsv5/tools/compiler/arm_5.0.4/bin/armcl" -mv7M4 --code_state=16 --float_support=FPv4SPD16 --abi=eabi -me -O2 -g --gcc --define=ccs="ccs" --define=PART_TM4C123GH6PM --define=TARGET_IS_TM4C123_RB1 --diag_warning=225 --display_error_number --diag_wrap=off --gen_func_subsections=on --ual -z --stack_size=1024 -m"udma_demo_ccs.map" --heap_size=0 -i"C:/ti/ccsv5/tools/compiler/arm_5.0.4/lib" -i"C:/ti/ccsv5/tools/compiler/arm_5.0.4/include" --reread_libs --warn_sections --display_error_number --diag_wrap=off --xml_link_info="udma_demo_linkInfo.xml" --rom_model -o "udma_demo.out"  "./utils/ustdlib.obj" "./utils/uartstdio.obj" "./utils/cpu_usage.obj" "./udma_demo.obj" "./startup_ccs.obj" -l"libc.a" -l"C:/ti/TivaWare_C_Series-2.1.0.12573/examples/boards/ek-tm4c123gxl/udma_demo/ccs/../../../../../driverlib/ccs/Debug/driverlib.lib" "../udma_demo_ccs.cmd" 
<Linking>
'Finished building target: udma_demo.out'
' '
"C:/ti/ccsv5/utils/tiobj2bin/tiobj2bin" "udma_demo.out" "udma_demo.bin" "C:/ti/ccsv5/tools/compiler/arm_5.0.4/bin/armofd" "C:/ti/ccsv5/tools/compiler/arm_5.0.4/bin/armhex" "C:/ti/ccsv5/utils/tiobj2bin/mkhex4bin"
' '

**** Build Finished ****
