
movimiento.asm         Assembled with CASM08Z  01/01/2013  22:50:06  PAGE 1



 0000                   1  RAM_INI              EQU     $0080
 0000                   2  FLASH_INI    EQU     $EE00
 0000                   3  VECTORES     EQU     $FFDE
 0000                   4  col_1           EQU     0       ;PTB0
 0000                   5  col_2           EQU     1       ;PTB1
 0000                   6  col_3           EQU     0       ;PTA0
 0000                   7  col_4           EQU     1       ;PTA1
 0000                   8  col_5           EQU     2       ;PTB2
 0000                   9  col_6           EQU     3       ;PTB3
 0000                  10  col_7           EQU     3       ;PTA3
 0000                  11  col_8           EQU     4       ;PTB4
 0000                  12  col_9                EQU     5       ;PTB5
 0000                  13  fil_1           EQU     5       ;PTA5
 0000                  14  fil_2           EQU     6       ;PTB6
 0000                  15  fil_3           EQU     7       ;PTB7
                       16  
                       17  
 0000                  18  $base                10t
 0000                  19  $Include        'QTQY_registers.inc'
                       20  ;***************************************************
                                                    ***************************
                       21  ;                    QTQY_REGISTERS.INC - ARCHIVO 
                                                                        INCLUDE
                       22  ; Contiene las Definiciones de los Registros del 
                                                       MC68HC908QTA/QYA/8/4/2/1
                       23  ;
                       24  ;                    SyHDe - Soft y Hard Desarrollos
                       25  ;***************************************************
                                                    ***************************
                       26  
                       27  ;***************************************************
                                                    ***************************
                       28  ;---------------REGISTROS DE PUERTOS ENT/SAL--------
                                                    ---------------------------
                       29  ;---------------PUERTO A----------------------------
                                                    ---------------------------
 0000                  30  PTA  EQU     $0000   ; Port A Data register
 0000                  31  PORTA        EQU     $0000   ; "
 0000                  32  DDRA EQU     $0004   ; Port A Data Direction 
                                                                       Register
 0000                  33  PTAPUE  EQU  $000B   ; Port A Pull Ups Enable
                       34  
                       35  ;---------------PUERTO B----------------------------
                                                    ---------------------------
 0000                  36  PTB  EQU     $0001   ; Port B Data register
 0000                  37  PORTB        EQU     $0001   ; "
 0000                  38  DDRB EQU     $0005   ; Port B Data Direction 
                                                                       Register
 0000                  39  PTBPUE  EQU  $000C   ; Port B Pull Ups Enable
                       40  
                       41  ;***************************************************
                                                    ***************************
                       42  ;---------------REGISTROS DEL MODULO KEYBOARD-------
                                                    ---------------------------
 0000                  43  KBSCR        EQU     $001A   ; Keyboard Status & 
                                                               Control register
 0000                  44  keyf equ     3       ;
 0000                  45  ackk equ     2       ;


movimiento.asm         Assembled with CASM08Z  01/01/2013  22:50:06  PAGE 2



 0000                  46  imaskk       equ     1       ;
 0000                  47  modek        equ     0       ;
                       48  
 0000                  49  KBIER        EQU     $001B   ; Keyboard interrupt 
                                                                enable register
                       50  
                       51  ;***************************************************
                                                    ***************************
                       52  ;---------------REGISTROS DE INTERRUPCION EXTERNA 
                                                  1----------------------------
 0000                  53  INTSCR       EQU     $001D   ; IRQ Status & Control 
                                                                       Register
 0000                  54  irqf equ     3       ;
 0000                  55  ack  equ     2       ;
 0000                  56  imask        equ     1       ;
 0000                  57  mode equ     0       ;
                       58  
                       59  ;***************************************************
                                                    ***************************
                       60  ;---------------REGISTROS DE CONFIGURACION----------
                                                    ---------------------------
 0000                  61  CONFIG1      EQU     $001F   ; Configuration 
                                                                     Register 1
                       62  
 0000                  63  CONFIG2      EQU     $001E   ; Configuration 
                                                                     Register 2
                       64  
                       65  ;***************************************************
                                                    ***************************
                       66  ;---------------REGISTROS DEL TIMER ----------------
                                                    ---------------------------
 0000                  67  TSC  EQU     $0020   ; Timer Status & Control 
                                                                       Register
 0000                  68  tof  equ     7       ;
 0000                  69  toie equ     6       ;
 0000                  70  tstop        equ     5       ;
 0000                  71  trst equ     4       ;
                       72  
 0000                  73  TCNTH        EQU     $0021   ; Timer Counter 
                                                                  Register High
 0000                  74  TCNTL        EQU     $0022   ; Timer Counter 
                                                                   Register Low
 0000                  75  TMODH        EQU     $0023   ; Timer Counter Modulo 
                                                                  Register High
 0000                  76  TMODL        EQU     $0024   ; Timer Counter Modulo 
                                                                   Register Low
                       77  
 0000                  78  TSC0 EQU     $0025   ; Timer Channel 0 Status & 
                                                               Control Register
 0000                  79  ch0f equ     7
 0000                  80  ch0ie        equ     6       ;
 0000                  81  ms0b equ     5       ;
 0000                  82  ms0a equ     4       ;
 0000                  83  els0b        equ     3       ;
 0000                  84  els0a        equ     2       ;
 0000                  85  tov0 equ     1       ;
 0000                  86  ch0max       equ     0       ;
                       87  


movimiento.asm         Assembled with CASM08Z  01/01/2013  22:50:06  PAGE 3



 0000                  88  TCH0H        EQU     $0026   ; Timer Channel 0 
                                                                  Register High
 0000                  89  TCH0L        EQU     $0027   ; Timer Channel 0 
                                                                   Register Low
                       90  
 0000                  91  TSC1 EQU     $0028   ; Timer Channel 1 Status & 
                                                               Control Register
 0000                  92  ch1f equ     7
 0000                  93  ch1ie        equ     6       ;
 0000                  94  ms1b equ     5       ;
 0000                  95  ms1a equ     4       ;
 0000                  96  els1b        equ     3       ;
 0000                  97  els1a        equ     2       ;
 0000                  98  tov1 equ     1       ;
 0000                  99  ch1max       equ     0       ;
                      100  
 0000                 101  TCH1H        EQU     $0029   ; Timer Channel 1 
                                                                  Register High
 0000                 102  TCH1L        EQU     $002A   ; Timer Channel 1 
                                                                   Register Low
                      103  
                      104  ;***************************************************
                                                    ***************************
                      105  ;---------------REGISTROS DEL OSCILADOR-------------
                                                    ---------------------------
 0000                 106  OSCSC        EQU     $0036   ;Oscillator Status and 
                                                               Control Register
 0000                 107  ecgst        equ     0       ;Read Only!!!!
 0000                 108  ecgon        equ     1       ;
 0000                 109  ecfs0        equ     2       ;
 0000                 110  ecfs1        equ     3       ;
 0000                 111  icfs0        equ     4       ;
 0000                 112  icfs1        equ     5       ;
 0000                 113  oscopt0      equ     6       ;
 0000                 114  oscopt1      equ     7       ;
                      115  
 0000                 116  OSCTRIM      EQU     $0038   ;Oscillator Trim 
                                                                       Register
                      117  
 0000                 118  OSCSTAT EQU  $0036   ;Oscillator Status and Control 
                                                         (No Vers A Solo QY/QT)
                      119  
                      120  ;***************************************************
                                                    ***************************
                      121  ;---------------REGISTROS DEL ADC-------------------
                                                    ---------------------------
 0000                 122  ADSCR        EQU     $003C   ; ADC Status & Control 
                                                                       Register
 0000                 123  coco equ     7       ;
 0000                 124  aien equ     6       ;
 0000                 125  adco equ     5       ;
                      126  
 0000                 127  ADRH EQU     $003D   ; ADC10 Data Register High
 0000                 128  ADRL EQU     $003E   ; ADC10 Data Register Low
 0000                 129  ADICLK       EQU     $003F   ; ADC10 Clock Control 
                                                                       Register
                      130  
                      131  ;***************************************************


movimiento.asm         Assembled with CASM08Z  01/01/2013  22:50:06  PAGE 4



                                                    ***************************
                      132  ;---------------REGISTROS DEL MODULO SIM------------
                                                    ---------------------------
 0000                 133  BSR  EQU     $FE00   ; Break Status Register
 0000                 134  sbsw equ     1       ; break wait bit
                      135  
 0000                 136  SRSR EQU     $FE01   ; SIM Reset Status Register
 0000                 137  por  equ     7       ;
 0000                 138  pin  equ     6       ;
 0000                 139  cop  equ     5       ;
 0000                 140  ilop equ     4       ;
 0000                 141  ilad equ     3       ;
 0000                 142  modrst       equ     2       ;
 0000                 143  lvi  equ     1       ;
                      144  
 0000                 145  BRKAR        EQU     $FE02   ; Break Auxiliary 
                                                                       Register
 0000                 146  bdcop        equ     0
                      147  
 0000                 148  BFCR EQU     $FE03   ; Break Flag Control Register
 0000                 149  bcfe equ     7       ;
                      150  
 0000                 151  INT1 EQU     $FE04   ; Interrupt Status Register 1
                      152  
 0000                 153  INT2 EQU     $FE05   ; Interrupt Status Register 2
                      154  
 0000                 155  INT3 EQU     $FE06   ; Interrupt Status Register 3
                      156  
                      157  ;***************************************************
                                                    ***************************
                      158  ;---------------REGISTROS DE LA MEMORIA FLASH-------
                                                    ---------------------------
 0000                 159  FLCR EQU     $FE08   ; FLASH Control Register
                      160  
 0000                 161  FLBPR        EQU     $FFBE   ; FLASH Block Protect
                      162  
                      163  ;***************************************************
                                                    ***************************
                      164  ;---------------REGISTROS DEL MODULO BREAK----------
                                                     --------------------------
 0000                 165  BRKH EQU     $FE09   ; Break address Hig Register
                      166  
 0000                 167  BRKL EQU     $FE0A   ; Break Address Low Register
                      168  
 0000                 169  BRKSCR       EQU     $FE0B   ; Break Status & 
                                                               Control Register
                      170  
                      171  ;***************************************************
                                                    ***************************
                      172  ;---------------REGISTROS DEL MODULO LVI------------
                                                    ---------------------------
 0000                 173  LVISR        EQU     $FE0C   ; LVI Status Register
                      174  
                      175  ;***************************************************
                                                    ***************************
                      176  ;---------------REGISTROS DEL MODULO OSCILLATOR-----
                                                    ---------------------------
 0000                 177  IOSCTRM EQU  $FFC0   ; Internal Oscillator Trim 


movimiento.asm         Assembled with CASM08Z  01/01/2013  22:50:06  PAGE 5



                                                  (Factory Prog Value Optional)
                      178  
                      179  ;***************************************************
                                                    ***************************
                      180  ;---------------REGISTROS DEL MODULO COP WATCHDOG---
                                                    ---------------------------
 0000                 181  COPCTL       EQU     $FFFF   ; COP Control Register
                      182  
                      183  ;***************************************************
                                                    ***************************
                      184  ;***************************************************
                                                    ***************************
                      185  ; RUTINAS DE MANEJO DE LA MEMORIA FLASH SITUADAS EN 
                                                    LA ROM MONITOR (HC908QTQYx)
                      186  ;***************************************************
                                                    ***************************
                      187  
 0000                 188  PRGRNGE              EQU     $2809   ;Programa un 
                                                  rango de direcciones de Flash
 0000                 189  ERARNGE              EQU     $2806   ;Borra una 
                                                        pagina de Memoria Flash
 0000                 190  GETBYTE              EQU     $2800   ;Recibe un 
                                              Byte en Modo Monitordesde el Port
 0000                 191  RDVRRNG              EQU     $2803   ;Usa un Rango 
                                               de la Flash y lo envia x el Port
 0000                 192  DELNUS               EQU     $280C   ;Rutina de 
                                                  Demora (usa parametros[A][X])
                      193  
                      194  ;***************************************************
                                                    ***************************
                      195  ;       SyHDe - Soft y Hard Desarrollos, 2000  - 
                                                          Derechos Reservados -
                      196  ; Ud.uede usar este archivo gratuitamente mientras 
                                                     incluya este pie de pagina
                      197  ;***************************************************
                                                    ***************************
                      198  
                      199  
                      200  
                      201  
 EE00                 202       org     FLASH_INI
                      203  start:
 EE00 [01] 9C         204          rsp
 EE01 [01] 4F         205       clra
 EE02 [01] 8C         206       clrh
 EE03 [01] 5F         207       clrx
 EE04 [02] 9B         208       sei
                      209  
 EE05 [04] 6E801E     210          mov     #%10000000,CONFIG2
 EE08 [04] 6E0D1F     211          mov     #%00001101,CONFIG1
 EE0B [01] 9D         212          nop
 EE0C [01] 9D         213          nop
 EE0D [01] 9D         214          nop
                      215  
 EE0E [04] 6E2036     216          mov     #%00100000,OSCSC
 EE11 [04] 6E8138     217          mov     #$81,OSCTRIM
                      218  
 EE14 [05] CDEECB     219          jsr     demora_qy


movimiento.asm         Assembled with CASM08Z  01/01/2013  22:50:06  PAGE 6



 EE17 [05] CDEECB     220          jsr     demora_qy
 EE1A [05] CDEECB     221          jsr     demora_qy
 EE1D [05] CDEECB     222          jsr     demora_qy
 EE20 [05] CDEECB     223          jsr     demora_qy
 EE23 [05] CDEECB     224          jsr     demora_qy
                      225  
 EE26 [04] 6EFF01     226          mov     #%11111111,PORTB
 EE29 [04] 6EFF05     227          mov     #%11111111,DDRB
 EE2C [04] 6EFF01     228          mov     #%11111111,PORTB
 EE2F [01] 9D         229          nop
 EE30 [01] 9D         230          nop
                      231  
                      232  
 EE31 [04] 6EFF00     233          mov     #%11111111,PORTA
 EE34 [04] 6EFF04     234          mov     #%11111111,DDRA
 EE37 [04] 6EFF00     235          mov     #%11111111,PORTA
 EE3A [01] 9D         236          nop
 EE3B [01] 9D         237          nop
                      238  
                      239  
                      240  
                      241  
                      242  iniciar:
                      243  
 EE3C [05] CDEEFF     244          jsr     apagado_led
 EE3F [05] CDEF6C     245          jsr     cruz_1_1000ms
 EE42 [05] CDEEDA     246          jsr     demora_1000ms
 EE45 [05] CDEEDA     247          jsr     demora_1000ms
 EE48 [05] CDEEDA     248          jsr     demora_1000ms
 EE4B [05] CDEEFF     249          jsr     apagado_led
 EE4E [05] CDF2B5     250          jsr     cruz_2_1000ms
 EE51 [05] CDEEDA     251          jsr     demora_1000ms
 EE54 [05] CDEEDA     252          jsr     demora_1000ms
 EE57 [05] CDEEDA     253          jsr     demora_1000ms
                      254  
 EE5A [05] CDEEFF     255          jsr     apagado_led
 EE5D [05] CDEF6C     256          jsr     cruz_1_1000ms
 EE60 [05] CDEEDA     257          jsr     demora_1000ms
 EE63 [05] CDEEDA     258          jsr     demora_1000ms
 EE66 [05] CDEEFF     259          jsr     apagado_led
 EE69 [05] CDF2B5     260          jsr     cruz_2_1000ms
 EE6C [05] CDEEDA     261          jsr     demora_1000ms
 EE6F [05] CDEEDA     262          jsr     demora_1000ms
                      263          
 EE72 [05] CDEEFF     264          jsr     apagado_led
 EE75 [05] CDEF6C     265          jsr     cruz_1_1000ms
 EE78 [05] CDEEDA     266          jsr     demora_1000ms
 EE7B [05] CDEEFF     267          jsr     apagado_led
 EE7E [05] CDF2B5     268          jsr     cruz_2_1000ms
 EE81 [05] CDEEDA     269          jsr     demora_1000ms
                      270          
 EE84 [05] CDEEFF     271          jsr     apagado_led
 EE87 [05] CDEF6C     272          jsr     cruz_1_1000ms
 EE8A [05] CDEEEC     273          jsr     demora_500ms
 EE8D [05] CDEEFF     274          jsr     apagado_led
 EE90 [05] CDF2B5     275          jsr     cruz_2_1000ms
 EE93 [05] CDEEEC     276          jsr     demora_500ms
                      277          


movimiento.asm         Assembled with CASM08Z  01/01/2013  22:50:06  PAGE 7



 EE96 [05] CDEEFF     278          jsr     apagado_led
 EE99 [05] CDEF6C     279          jsr     cruz_1_1000ms
 EE9C [05] CDEEF2     280          jsr     demora_320ms
 EE9F [05] CDEEFF     281          jsr     apagado_led
 EEA2 [05] CDF2B5     282          jsr     cruz_2_1000ms
 EEA5 [05] CDEEF2     283          jsr     demora_320ms
                      284          
 EEA8 [05] CDEEFF     285          jsr     apagado_led
 EEAB [05] CDEF6C     286          jsr     cruz_1_1000ms
 EEAE [05] CDEEF5     287          jsr     demora_240ms
 EEB1 [05] CDEEFF     288          jsr     apagado_led
 EEB4 [05] CDF2B5     289          jsr     cruz_2_1000ms
 EEB7 [05] CDEEF5     290          jsr     demora_240ms
                      291          
 EEBA [03] 2080       292          bra     iniciar
                      293  
                      294  
                      295  retardo_qy:
 EEBC [02] AE1B       296          ldx     #$1B
                      297  retardo_2:
 EEBE [02] A61B       298          lda     #$1B
                      299  retardo_1:
 EEC0 [01] 4A         300          deca
 EEC1 [02] A100       301          cmp     #$00
 EEC3 [03] 26FB       302          bne     retardo_1
 EEC5 [01] 5A         303          decx
 EEC6 [02] A300       304          cpx     #$00
 EEC8 [03] 26F4       305          bne     retardo_2
 EECA [04] 81         306          rts
                      307  
                      308  demora_qy:
 EECB [02] AEFF       309          ldx     #$FF
                      310  dem_2:
 EECD [02] A6FF       311          lda     #$FF
                      312  dem_1:
 EECF [01] 4A         313          deca
 EED0 [02] A100       314          cmp     #$00
 EED2 [03] 26FB       315          bne     dem_1
 EED4 [01] 5A         316          decx
 EED5 [02] A300       317          cpx     #$00
 EED7 [03] 26F4       318          bne     dem_2
 EED9 [04] 81         319          rts
                      320  
                      321  demora_1000ms:
 EEDA [05] CDEECB     322       jsr     demora_qy
 EEDD [05] CDEECB     323       jsr     demora_qy
 EEE0 [05] CDEECB     324       jsr     demora_qy
 EEE3 [05] CDEECB     325       jsr     demora_qy
 EEE6 [05] CDEECB     326       jsr     demora_qy
 EEE9 [05] CDEECB     327       jsr     demora_qy
                      328  demora_500ms:
 EEEC [05] CDEECB     329       jsr     demora_qy
 EEEF [05] CDEECB     330       jsr     demora_qy
                      331  demora_320ms:
 EEF2 [05] CDEECB     332       jsr     demora_qy
                      333  demora_240ms:
 EEF5 [05] CDEECB     334       jsr     demora_qy
                      335  demora_rapida:


movimiento.asm         Assembled with CASM08Z  01/01/2013  22:50:06  PAGE 8



 EEF8 [05] CDEECB     336       jsr     demora_qy
 EEFB [05] CDEECB     337       jsr     demora_qy
 EEFE [04] 81         338       rts
                      339  
                      340  apagado_led:
 EEFF [04] 1101       341          bclr col_1,PORTB
 EF01 [04] 1301       342          bclr col_2,PORTB
 EF03 [04] 1100       343          bclr col_3,PORTA
 EF05 [04] 1300       344          bclr col_4,PORTA
 EF07 [04] 1501       345          bclr col_5,PORTB
 EF09 [04] 1701       346          bclr col_6,PORTB
 EF0B [04] 1700       347          bclr col_7,PORTA
 EF0D [04] 1901       348          bclr col_8,PORTB
 EF0F [04] 1B01       349          bclr col_9,PORTB
 EF11 [04] 1B00       350          bclr fil_1,PORTA
 EF13 [04] 1D01       351          bclr fil_2,PORTB
 EF15 [04] 1F01       352          bclr fil_3,PORTB
 EF17 [04] 81         353          rts
                      354  
                      355  cruz_1:
 EF18 [04] 1200       356          bset    col_4,PORTA
 EF1A [04] 1A00       357          bset    fil_1,PORTA
 EF1C [04] 1C01       358          bset    fil_2,PORTB
 EF1E [04] 1E01       359          bset    fil_3,PORTB
 EF20 [05] CDEEBC     360          jsr     retardo_qy
                      361  
 EF23 [04] 1300       362          bclr    col_4,PORTA
 EF25 [04] 1201       363          bset    col_2,PORTB
 EF27 [04] 1401       364          bset    col_5,PORTB
 EF29 [04] 1801       365          bset    col_8,PORTB
 EF2B [05] CDEEBC     366          jsr     retardo_qy
                      367  
 EF2E [04] 1301       368          bclr    col_2,PORTB
 EF30 [04] 1501       369          bclr    col_5,PORTB
 EF32 [04] 1901       370          bclr    col_8,PORTB
 EF34 [04] 1601       371          bset    col_6,PORTB
 EF36 [05] CDEEBC     372          jsr     retardo_qy
                      373  
 EF39 [04] 1701       374          bclr    col_6,PORTB
 EF3B [04] 1B00       375          bclr    fil_1,PORTA
 EF3D [04] 1D01       376          bclr    fil_2,PORTB
 EF3F [04] 1F01       377          bclr    fil_3,PORTB
 EF41 [04] 81         378          rts
                      379  
                      380  cruz_2:
 EF42 [04] 1001       381          bset    col_1,PORTB
 EF44 [04] 1600       382          bset    col_7,PORTA
 EF46 [04] 1A00       383          bset    fil_1,PORTA
 EF48 [04] 1C01       384          bset    fil_2,PORTB
 EF4A [04] 1E01       385          bset    fil_3,PORTB
 EF4C [05] CDEEBC     386          jsr     retardo_qy
                      387          
 EF4F [04] 1101       388          bclr    col_1,PORTB
 EF51 [04] 1700       389          bclr    col_7,PORTA
 EF53 [04] 1401       390          bset    col_5,PORTB
 EF55 [05] CDEEBC     391          jsr     retardo_qy
                      392          
 EF58 [04] 1501       393          bclr    col_5,PORTB


movimiento.asm         Assembled with CASM08Z  01/01/2013  22:50:06  PAGE 9



 EF5A [04] 1000       394          bset    col_3,PORTA
 EF5C [04] 1A01       395          bset    col_9,PORTB
 EF5E [05] CDEEBC     396          jsr     retardo_qy
                      397          
 EF61 [04] 1100       398          bclr    col_3,PORTA
 EF63 [04] 1B01       399          bclr    col_9,PORTB
 EF65 [04] 1B00       400          bclr    fil_1,PORTA
 EF67 [04] 1D01       401          bclr    fil_2,PORTB
 EF69 [04] 1F01       402          bclr    fil_3,PORTB
 EF6B [04] 81         403          rts
                      404          
                      405  cruz_1_1000ms:
 EF6C [05] CDEF18     406          jsr   cruz_1
 EF6F [05] CDEF18     407          jsr   cruz_1
 EF72 [05] CDEF18     408          jsr   cruz_1
 EF75 [05] CDEF18     409          jsr   cruz_1
 EF78 [05] CDEF18     410          jsr   cruz_1
 EF7B [05] CDEF18     411          jsr   cruz_1
 EF7E [05] CDEF18     412          jsr   cruz_1
 EF81 [05] CDEF18     413          jsr   cruz_1
 EF84 [05] CDEF18     414          jsr   cruz_1
 EF87 [05] CDEF18     415          jsr   cruz_1
 EF8A [05] CDEF18     416          jsr   cruz_1
 EF8D [05] CDEF18     417          jsr   cruz_1
 EF90 [05] CDEF18     418          jsr   cruz_1
 EF93 [05] CDEF18     419          jsr   cruz_1
 EF96 [05] CDEF18     420          jsr   cruz_1
 EF99 [05] CDEF18     421          jsr   cruz_1
 EF9C [05] CDEF18     422          jsr   cruz_1
 EF9F [05] CDEF18     423          jsr   cruz_1
 EFA2 [05] CDEF18     424          jsr   cruz_1
 EFA5 [05] CDEF18     425          jsr   cruz_1
 EFA8 [05] CDEF18     426          jsr   cruz_1
 EFAB [05] CDEF18     427          jsr   cruz_1
 EFAE [05] CDEF18     428          jsr   cruz_1
 EFB1 [05] CDEF18     429          jsr   cruz_1
 EFB4 [05] CDEF18     430          jsr   cruz_1
 EFB7 [05] CDEF18     431          jsr   cruz_1
 EFBA [05] CDEF18     432          jsr   cruz_1
 EFBD [05] CDEF18     433          jsr   cruz_1
 EFC0 [05] CDEF18     434          jsr   cruz_1
 EFC3 [05] CDEF18     435          jsr   cruz_1
 EFC6 [05] CDEF18     436          jsr   cruz_1
 EFC9 [05] CDEF18     437          jsr   cruz_1
 EFCC [05] CDEF18     438          jsr   cruz_1
 EFCF [05] CDEF18     439          jsr   cruz_1
 EFD2 [05] CDEF18     440          jsr   cruz_1
 EFD5 [05] CDEF18     441          jsr   cruz_1
 EFD8 [05] CDEF18     442          jsr   cruz_1
 EFDB [05] CDEF18     443          jsr   cruz_1
 EFDE [05] CDEF18     444          jsr   cruz_1
 EFE1 [05] CDEF18     445          jsr   cruz_1
 EFE4 [05] CDEF18     446          jsr   cruz_1
 EFE7 [05] CDEF18     447          jsr   cruz_1
 EFEA [05] CDEF18     448          jsr   cruz_1
 EFED [05] CDEF18     449          jsr   cruz_1
 EFF0 [05] CDEF18     450          jsr   cruz_1
 EFF3 [05] CDEF18     451          jsr   cruz_1


movimiento.asm         Assembled with CASM08Z  01/01/2013  22:50:06  PAGE 10



 EFF6 [05] CDEF18     452          jsr   cruz_1
 EFF9 [05] CDEF18     453          jsr   cruz_1
 EFFC [05] CDEF18     454          jsr   cruz_1
 EFFF [05] CDEF18     455          jsr   cruz_1
 F002 [05] CDEF18     456          jsr   cruz_1
 F005 [05] CDEF18     457          jsr   cruz_1
 F008 [05] CDEF18     458          jsr   cruz_1
 F00B [05] CDEF18     459          jsr   cruz_1
 F00E [05] CDEF18     460          jsr   cruz_1
 F011 [05] CDEF18     461          jsr   cruz_1
 F014 [05] CDEF18     462          jsr   cruz_1
 F017 [05] CDEF18     463          jsr   cruz_1
 F01A [05] CDEF18     464          jsr   cruz_1
 F01D [05] CDEF18     465          jsr   cruz_1
 F020 [05] CDEF18     466          jsr   cruz_1
 F023 [05] CDEF18     467          jsr   cruz_1
 F026 [05] CDEF18     468          jsr   cruz_1
 F029 [05] CDEF18     469          jsr   cruz_1
 F02C [05] CDEF18     470          jsr   cruz_1
 F02F [05] CDEF18     471          jsr   cruz_1
 F032 [05] CDEF18     472          jsr   cruz_1
 F035 [05] CDEF18     473          jsr   cruz_1
 F038 [05] CDEF18     474          jsr   cruz_1
 F03B [05] CDEF18     475          jsr   cruz_1
 F03E [05] CDEF18     476          jsr   cruz_1
 F041 [05] CDEF18     477          jsr   cruz_1
 F044 [05] CDEF18     478          jsr   cruz_1
 F047 [05] CDEF18     479          jsr   cruz_1
 F04A [05] CDEF18     480          jsr   cruz_1
 F04D [05] CDEF18     481          jsr   cruz_1
 F050 [05] CDEF18     482          jsr   cruz_1
 F053 [05] CDEF18     483          jsr   cruz_1
 F056 [05] CDEF18     484          jsr   cruz_1
 F059 [05] CDEF18     485          jsr   cruz_1
 F05C [05] CDEF18     486          jsr   cruz_1
 F05F [05] CDEF18     487          jsr   cruz_1
 F062 [05] CDEF18     488          jsr   cruz_1
 F065 [05] CDEF18     489          jsr   cruz_1
 F068 [05] CDEF18     490          jsr   cruz_1
 F06B [05] CDEF18     491          jsr   cruz_1
 F06E [05] CDEF18     492          jsr   cruz_1
 F071 [05] CDEF18     493          jsr   cruz_1
 F074 [05] CDEF18     494          jsr   cruz_1
 F077 [05] CDEF18     495          jsr   cruz_1
 F07A [05] CDEF18     496          jsr   cruz_1
 F07D [05] CDEF18     497          jsr   cruz_1
 F080 [05] CDEF18     498          jsr   cruz_1
 F083 [05] CDEF18     499          jsr   cruz_1
 F086 [05] CDEF18     500          jsr   cruz_1
 F089 [05] CDEF18     501          jsr   cruz_1
 F08C [05] CDEF18     502          jsr   cruz_1
 F08F [05] CDEF18     503          jsr   cruz_1
 F092 [05] CDEF18     504          jsr   cruz_1
 F095 [05] CDEF18     505          jsr   cruz_1
 F098 [05] CDEF18     506          jsr   cruz_1
 F09B [05] CDEF18     507          jsr   cruz_1
 F09E [05] CDEF18     508          jsr   cruz_1
 F0A1 [05] CDEF18     509          jsr   cruz_1


movimiento.asm         Assembled with CASM08Z  01/01/2013  22:50:06  PAGE 11



 F0A4 [05] CDEF18     510          jsr   cruz_1
 F0A7 [05] CDEF18     511          jsr   cruz_1
 F0AA [05] CDEF18     512          jsr   cruz_1
 F0AD [05] CDEF18     513          jsr   cruz_1
 F0B0 [05] CDEF18     514          jsr   cruz_1
 F0B3 [05] CDEF18     515          jsr   cruz_1
 F0B6 [05] CDEF18     516          jsr   cruz_1
 F0B9 [05] CDEF18     517          jsr   cruz_1
 F0BC [05] CDEF18     518          jsr   cruz_1
 F0BF [05] CDEF18     519          jsr   cruz_1
 F0C2 [05] CDEF18     520          jsr   cruz_1
 F0C5 [05] CDEF18     521          jsr   cruz_1
 F0C8 [05] CDEF18     522          jsr   cruz_1
 F0CB [05] CDEF18     523          jsr   cruz_1
 F0CE [05] CDEF18     524          jsr   cruz_1
 F0D1 [05] CDEF18     525          jsr   cruz_1
 F0D4 [05] CDEF18     526          jsr   cruz_1
 F0D7 [05] CDEF18     527          jsr   cruz_1
 F0DA [05] CDEF18     528          jsr   cruz_1
 F0DD [05] CDEF18     529          jsr   cruz_1
 F0E0 [05] CDEF18     530          jsr   cruz_1
 F0E3 [05] CDEF18     531          jsr   cruz_1
 F0E6 [05] CDEF18     532          jsr   cruz_1
 F0E9 [05] CDEF18     533          jsr   cruz_1
 F0EC [05] CDEF18     534          jsr   cruz_1
 F0EF [05] CDEF18     535          jsr   cruz_1
 F0F2 [05] CDEF18     536          jsr   cruz_1
 F0F5 [05] CDEF18     537          jsr   cruz_1
 F0F8 [05] CDEF18     538          jsr   cruz_1
 F0FB [05] CDEF18     539          jsr   cruz_1
 F0FE [05] CDEF18     540          jsr   cruz_1
 F101 [05] CDEF18     541          jsr   cruz_1
 F104 [05] CDEF18     542          jsr   cruz_1
 F107 [05] CDEF18     543          jsr   cruz_1
 F10A [05] CDEF18     544          jsr   cruz_1
 F10D [05] CDEF18     545          jsr   cruz_1
 F110 [05] CDEF18     546          jsr   cruz_1
 F113 [05] CDEF18     547          jsr   cruz_1
 F116 [05] CDEF18     548          jsr   cruz_1
 F119 [05] CDEF18     549          jsr   cruz_1
 F11C [05] CDEF18     550          jsr   cruz_1
 F11F [05] CDEF18     551          jsr   cruz_1
 F122 [05] CDEF18     552          jsr   cruz_1
 F125 [05] CDEF18     553          jsr   cruz_1
 F128 [05] CDEF18     554          jsr   cruz_1
 F12B [05] CDEF18     555          jsr   cruz_1
 F12E [05] CDEF18     556          jsr   cruz_1
 F131 [05] CDEF18     557          jsr   cruz_1
 F134 [05] CDEF18     558          jsr   cruz_1
 F137 [05] CDEF18     559          jsr   cruz_1
 F13A [05] CDEF18     560          jsr   cruz_1
 F13D [05] CDEF18     561          jsr   cruz_1
 F140 [05] CDEF18     562          jsr   cruz_1
 F143 [05] CDEF18     563          jsr   cruz_1
 F146 [05] CDEF18     564          jsr   cruz_1
 F149 [05] CDEF18     565          jsr   cruz_1
 F14C [05] CDEF18     566          jsr   cruz_1
 F14F [05] CDEF18     567          jsr   cruz_1


movimiento.asm         Assembled with CASM08Z  01/01/2013  22:50:06  PAGE 12



 F152 [05] CDEF18     568          jsr   cruz_1
 F155 [05] CDEF18     569          jsr   cruz_1
 F158 [05] CDEF18     570          jsr   cruz_1
 F15B [05] CDEF18     571          jsr   cruz_1
 F15E [05] CDEF18     572          jsr   cruz_1
 F161 [05] CDEF18     573          jsr   cruz_1
 F164 [05] CDEF18     574          jsr   cruz_1
 F167 [05] CDEF18     575          jsr   cruz_1
 F16A [05] CDEF18     576          jsr   cruz_1
 F16D [05] CDEF18     577          jsr   cruz_1
 F170 [05] CDEF18     578          jsr   cruz_1
 F173 [05] CDEF18     579          jsr   cruz_1
 F176 [05] CDEF18     580          jsr   cruz_1
 F179 [05] CDEF18     581          jsr   cruz_1
 F17C [05] CDEF18     582          jsr   cruz_1
 F17F [05] CDEF18     583          jsr   cruz_1
 F182 [05] CDEF18     584          jsr   cruz_1
 F185 [05] CDEF18     585          jsr   cruz_1
 F188 [05] CDEF18     586          jsr   cruz_1
 F18B [05] CDEF18     587          jsr   cruz_1
 F18E [05] CDEF18     588          jsr   cruz_1
 F191 [05] CDEF18     589          jsr   cruz_1
 F194 [05] CDEF18     590          jsr   cruz_1
 F197 [05] CDEF18     591          jsr   cruz_1
 F19A [05] CDEF18     592          jsr   cruz_1
 F19D [05] CDEF18     593          jsr   cruz_1
 F1A0 [05] CDEF18     594          jsr   cruz_1
 F1A3 [05] CDEF18     595          jsr   cruz_1
 F1A6 [05] CDEF18     596          jsr   cruz_1
 F1A9 [05] CDEF18     597          jsr   cruz_1
 F1AC [05] CDEF18     598          jsr   cruz_1
 F1AF [05] CDEF18     599          jsr   cruz_1
 F1B2 [05] CDEF18     600          jsr   cruz_1
 F1B5 [05] CDEF18     601          jsr   cruz_1
 F1B8 [05] CDEF18     602          jsr   cruz_1
 F1BB [05] CDEF18     603          jsr   cruz_1
 F1BE [05] CDEF18     604          jsr   cruz_1
 F1C1 [05] CDEF18     605          jsr   cruz_1
 F1C4 [05] CDEF18     606          jsr   cruz_1
 F1C7 [05] CDEF18     607          jsr   cruz_1
 F1CA [05] CDEF18     608          jsr   cruz_1
 F1CD [05] CDEF18     609          jsr   cruz_1
 F1D0 [05] CDEF18     610          jsr   cruz_1
 F1D3 [05] CDEF18     611          jsr   cruz_1
 F1D6 [05] CDEF18     612          jsr   cruz_1
 F1D9 [05] CDEF18     613          jsr   cruz_1
 F1DC [05] CDEF18     614          jsr   cruz_1
 F1DF [05] CDEF18     615          jsr   cruz_1
 F1E2 [05] CDEF18     616          jsr   cruz_1
 F1E5 [05] CDEF18     617          jsr   cruz_1
 F1E8 [05] CDEF18     618          jsr   cruz_1
 F1EB [05] CDEF18     619          jsr   cruz_1
 F1EE [05] CDEF18     620          jsr   cruz_1
 F1F1 [05] CDEF18     621          jsr   cruz_1
 F1F4 [05] CDEF18     622          jsr   cruz_1
 F1F7 [05] CDEF18     623          jsr   cruz_1
 F1FA [05] CDEF18     624          jsr   cruz_1
 F1FD [05] CDEF18     625          jsr   cruz_1


movimiento.asm         Assembled with CASM08Z  01/01/2013  22:50:06  PAGE 13



 F200 [05] CDEF18     626          jsr   cruz_1
 F203 [05] CDEF18     627          jsr   cruz_1
 F206 [05] CDEF18     628          jsr   cruz_1
 F209 [05] CDEF18     629          jsr   cruz_1
 F20C [05] CDEF18     630          jsr   cruz_1
 F20F [05] CDEF18     631          jsr   cruz_1
 F212 [05] CDEF18     632          jsr   cruz_1
 F215 [05] CDEF18     633          jsr   cruz_1
 F218 [05] CDEF18     634          jsr   cruz_1
 F21B [05] CDEF18     635          jsr   cruz_1
 F21E [05] CDEF18     636          jsr   cruz_1
 F221 [05] CDEF18     637          jsr   cruz_1
 F224 [05] CDEF18     638          jsr   cruz_1
 F227 [05] CDEF18     639          jsr   cruz_1
 F22A [05] CDEF18     640          jsr   cruz_1
 F22D [05] CDEF18     641          jsr   cruz_1
 F230 [05] CDEF18     642          jsr   cruz_1
 F233 [05] CDEF18     643          jsr   cruz_1
 F236 [05] CDEF18     644          jsr   cruz_1
 F239 [05] CDEF18     645          jsr   cruz_1
 F23C [05] CDEF18     646          jsr   cruz_1
 F23F [05] CDEF18     647          jsr   cruz_1
 F242 [05] CDEF18     648          jsr   cruz_1
 F245 [05] CDEF18     649          jsr   cruz_1
 F248 [05] CDEF18     650          jsr   cruz_1
 F24B [05] CDEF18     651          jsr   cruz_1
 F24E [05] CDEF18     652          jsr   cruz_1
 F251 [05] CDEF18     653          jsr   cruz_1
 F254 [05] CDEF18     654          jsr   cruz_1
 F257 [05] CDEF18     655          jsr   cruz_1
 F25A [05] CDEF18     656          jsr   cruz_1
 F25D [05] CDEF18     657          jsr   cruz_1
 F260 [05] CDEF18     658          jsr   cruz_1
 F263 [05] CDEF18     659          jsr   cruz_1
 F266 [05] CDEF18     660          jsr   cruz_1
 F269 [05] CDEF18     661          jsr   cruz_1
 F26C [05] CDEF18     662          jsr   cruz_1
 F26F [05] CDEF18     663          jsr   cruz_1
 F272 [05] CDEF18     664          jsr   cruz_1
 F275 [05] CDEF18     665          jsr   cruz_1
 F278 [05] CDEF18     666          jsr   cruz_1
 F27B [05] CDEF18     667          jsr   cruz_1
 F27E [05] CDEF18     668          jsr   cruz_1
 F281 [05] CDEF18     669          jsr   cruz_1
 F284 [05] CDEF18     670          jsr   cruz_1
 F287 [05] CDEF18     671          jsr   cruz_1
 F28A [05] CDEF18     672          jsr   cruz_1
 F28D [05] CDEF18     673          jsr   cruz_1
 F290 [05] CDEF18     674          jsr   cruz_1
 F293 [05] CDEF18     675          jsr   cruz_1
 F296 [05] CDEF18     676          jsr   cruz_1
 F299 [05] CDEF18     677          jsr   cruz_1
 F29C [05] CDEF18     678          jsr   cruz_1
 F29F [05] CDEF18     679          jsr   cruz_1
 F2A2 [05] CDEF18     680          jsr   cruz_1
 F2A5 [05] CDEF18     681          jsr   cruz_1
 F2A8 [05] CDEF18     682          jsr   cruz_1
 F2AB [05] CDEF18     683          jsr   cruz_1


movimiento.asm         Assembled with CASM08Z  01/01/2013  22:50:06  PAGE 14



 F2AE [05] CDEF18     684          jsr   cruz_1
 F2B1 [05] CDEF18     685          jsr   cruz_1
 F2B4 [04] 81         686          rts
                      687  
                      688  cruz_2_1000ms:
 F2B5 [05] CDEF42     689          jsr   cruz_2
 F2B8 [05] CDEF42     690          jsr   cruz_2
 F2BB [05] CDEF42     691          jsr   cruz_2
 F2BE [05] CDEF42     692          jsr   cruz_2
 F2C1 [05] CDEF42     693          jsr   cruz_2
 F2C4 [05] CDEF42     694          jsr   cruz_2
 F2C7 [05] CDEF42     695          jsr   cruz_2
 F2CA [05] CDEF42     696          jsr   cruz_2
 F2CD [05] CDEF42     697          jsr   cruz_2
 F2D0 [05] CDEF42     698          jsr   cruz_2
 F2D3 [05] CDEF42     699          jsr   cruz_2
 F2D6 [05] CDEF42     700          jsr   cruz_2
 F2D9 [05] CDEF42     701          jsr   cruz_2
 F2DC [05] CDEF42     702          jsr   cruz_2
 F2DF [05] CDEF42     703          jsr   cruz_2
 F2E2 [05] CDEF42     704          jsr   cruz_2
 F2E5 [05] CDEF42     705          jsr   cruz_2
 F2E8 [05] CDEF42     706          jsr   cruz_2
 F2EB [05] CDEF42     707          jsr   cruz_2
 F2EE [05] CDEF42     708          jsr   cruz_2
 F2F1 [05] CDEF42     709          jsr   cruz_2
 F2F4 [05] CDEF42     710          jsr   cruz_2
 F2F7 [05] CDEF42     711          jsr   cruz_2
 F2FA [05] CDEF42     712          jsr   cruz_2
 F2FD [05] CDEF42     713          jsr   cruz_2
 F300 [05] CDEF42     714          jsr   cruz_2
 F303 [05] CDEF42     715          jsr   cruz_2
 F306 [05] CDEF42     716          jsr   cruz_2
 F309 [05] CDEF42     717          jsr   cruz_2
 F30C [05] CDEF42     718          jsr   cruz_2
 F30F [05] CDEF42     719          jsr   cruz_2
 F312 [05] CDEF42     720          jsr   cruz_2
 F315 [05] CDEF42     721          jsr   cruz_2
 F318 [05] CDEF42     722          jsr   cruz_2
 F31B [05] CDEF42     723          jsr   cruz_2
 F31E [05] CDEF42     724          jsr   cruz_2
 F321 [05] CDEF42     725          jsr   cruz_2
 F324 [05] CDEF42     726          jsr   cruz_2
 F327 [05] CDEF42     727          jsr   cruz_2
 F32A [05] CDEF42     728          jsr   cruz_2
 F32D [05] CDEF42     729          jsr   cruz_2
 F330 [05] CDEF42     730          jsr   cruz_2
 F333 [05] CDEF42     731          jsr   cruz_2
 F336 [05] CDEF42     732          jsr   cruz_2
 F339 [05] CDEF42     733          jsr   cruz_2
 F33C [05] CDEF42     734          jsr   cruz_2
 F33F [05] CDEF42     735          jsr   cruz_2
 F342 [05] CDEF42     736          jsr   cruz_2
 F345 [05] CDEF42     737          jsr   cruz_2
 F348 [05] CDEF42     738          jsr   cruz_2
 F34B [05] CDEF42     739          jsr   cruz_2
 F34E [05] CDEF42     740          jsr   cruz_2
 F351 [05] CDEF42     741          jsr   cruz_2


movimiento.asm         Assembled with CASM08Z  01/01/2013  22:50:06  PAGE 15



 F354 [05] CDEF42     742          jsr   cruz_2
 F357 [05] CDEF42     743          jsr   cruz_2
 F35A [05] CDEF42     744          jsr   cruz_2
 F35D [05] CDEF42     745          jsr   cruz_2
 F360 [05] CDEF42     746          jsr   cruz_2
 F363 [05] CDEF42     747          jsr   cruz_2
 F366 [05] CDEF42     748          jsr   cruz_2
 F369 [05] CDEF42     749          jsr   cruz_2
 F36C [05] CDEF42     750          jsr   cruz_2
 F36F [05] CDEF42     751          jsr   cruz_2
 F372 [05] CDEF42     752          jsr   cruz_2
 F375 [05] CDEF42     753          jsr   cruz_2
 F378 [05] CDEF42     754          jsr   cruz_2
 F37B [05] CDEF42     755          jsr   cruz_2
 F37E [05] CDEF42     756          jsr   cruz_2
 F381 [05] CDEF42     757          jsr   cruz_2
 F384 [05] CDEF42     758          jsr   cruz_2
 F387 [05] CDEF42     759          jsr   cruz_2
 F38A [05] CDEF42     760          jsr   cruz_2
 F38D [05] CDEF42     761          jsr   cruz_2
 F390 [05] CDEF42     762          jsr   cruz_2
 F393 [05] CDEF42     763          jsr   cruz_2
 F396 [05] CDEF42     764          jsr   cruz_2
 F399 [05] CDEF42     765          jsr   cruz_2
 F39C [05] CDEF42     766          jsr   cruz_2
 F39F [05] CDEF42     767          jsr   cruz_2
 F3A2 [05] CDEF42     768          jsr   cruz_2
 F3A5 [05] CDEF42     769          jsr   cruz_2
 F3A8 [05] CDEF42     770          jsr   cruz_2
 F3AB [05] CDEF42     771          jsr   cruz_2
 F3AE [05] CDEF42     772          jsr   cruz_2
 F3B1 [05] CDEF42     773          jsr   cruz_2
 F3B4 [05] CDEF42     774          jsr   cruz_2
 F3B7 [05] CDEF42     775          jsr   cruz_2
 F3BA [05] CDEF42     776          jsr   cruz_2
 F3BD [05] CDEF42     777          jsr   cruz_2
 F3C0 [05] CDEF42     778          jsr   cruz_2
 F3C3 [05] CDEF42     779          jsr   cruz_2
 F3C6 [05] CDEF42     780          jsr   cruz_2
 F3C9 [05] CDEF42     781          jsr   cruz_2
 F3CC [05] CDEF42     782          jsr   cruz_2
 F3CF [05] CDEF42     783          jsr   cruz_2
 F3D2 [05] CDEF42     784          jsr   cruz_2
 F3D5 [05] CDEF42     785          jsr   cruz_2
 F3D8 [05] CDEF42     786          jsr   cruz_2
 F3DB [05] CDEF42     787          jsr   cruz_2
 F3DE [05] CDEF42     788          jsr   cruz_2
 F3E1 [05] CDEF42     789          jsr   cruz_2
 F3E4 [05] CDEF42     790          jsr   cruz_2
 F3E7 [05] CDEF42     791          jsr   cruz_2
 F3EA [05] CDEF42     792          jsr   cruz_2
 F3ED [05] CDEF42     793          jsr   cruz_2
 F3F0 [05] CDEF42     794          jsr   cruz_2
 F3F3 [05] CDEF42     795          jsr   cruz_2
 F3F6 [05] CDEF42     796          jsr   cruz_2
 F3F9 [05] CDEF42     797          jsr   cruz_2
 F3FC [05] CDEF42     798          jsr   cruz_2
 F3FF [05] CDEF42     799          jsr   cruz_2


movimiento.asm         Assembled with CASM08Z  01/01/2013  22:50:06  PAGE 16



 F402 [05] CDEF42     800          jsr   cruz_2
 F405 [05] CDEF42     801          jsr   cruz_2
 F408 [05] CDEF42     802          jsr   cruz_2
 F40B [05] CDEF42     803          jsr   cruz_2
 F40E [05] CDEF42     804          jsr   cruz_2
 F411 [05] CDEF42     805          jsr   cruz_2
 F414 [05] CDEF42     806          jsr   cruz_2
 F417 [05] CDEF42     807          jsr   cruz_2
 F41A [05] CDEF42     808          jsr   cruz_2
 F41D [05] CDEF42     809          jsr   cruz_2
 F420 [05] CDEF42     810          jsr   cruz_2
 F423 [05] CDEF42     811          jsr   cruz_2
 F426 [05] CDEF42     812          jsr   cruz_2
 F429 [05] CDEF42     813          jsr   cruz_2
 F42C [05] CDEF42     814          jsr   cruz_2
 F42F [05] CDEF42     815          jsr   cruz_2
 F432 [05] CDEF42     816          jsr   cruz_2
 F435 [05] CDEF42     817          jsr   cruz_2
 F438 [05] CDEF42     818          jsr   cruz_2
 F43B [05] CDEF42     819          jsr   cruz_2
 F43E [05] CDEF42     820          jsr   cruz_2
 F441 [05] CDEF42     821          jsr   cruz_2
 F444 [05] CDEF42     822          jsr   cruz_2
 F447 [05] CDEF42     823          jsr   cruz_2
 F44A [05] CDEF42     824          jsr   cruz_2
 F44D [05] CDEF42     825          jsr   cruz_2
 F450 [05] CDEF42     826          jsr   cruz_2
 F453 [05] CDEF42     827          jsr   cruz_2
 F456 [05] CDEF42     828          jsr   cruz_2
 F459 [05] CDEF42     829          jsr   cruz_2
 F45C [05] CDEF42     830          jsr   cruz_2
 F45F [05] CDEF42     831          jsr   cruz_2
 F462 [05] CDEF42     832          jsr   cruz_2
 F465 [05] CDEF42     833          jsr   cruz_2
 F468 [05] CDEF42     834          jsr   cruz_2
 F46B [05] CDEF42     835          jsr   cruz_2
 F46E [05] CDEF42     836          jsr   cruz_2
 F471 [05] CDEF42     837          jsr   cruz_2
 F474 [05] CDEF42     838          jsr   cruz_2
 F477 [05] CDEF42     839          jsr   cruz_2
 F47A [05] CDEF42     840          jsr   cruz_2
 F47D [05] CDEF42     841          jsr   cruz_2
 F480 [05] CDEF42     842          jsr   cruz_2
 F483 [05] CDEF42     843          jsr   cruz_2
 F486 [05] CDEF42     844          jsr   cruz_2
 F489 [05] CDEF42     845          jsr   cruz_2
 F48C [05] CDEF42     846          jsr   cruz_2
 F48F [05] CDEF42     847          jsr   cruz_2
 F492 [05] CDEF42     848          jsr   cruz_2
 F495 [05] CDEF42     849          jsr   cruz_2
 F498 [05] CDEF42     850          jsr   cruz_2
 F49B [05] CDEF42     851          jsr   cruz_2
 F49E [05] CDEF42     852          jsr   cruz_2
 F4A1 [05] CDEF42     853          jsr   cruz_2
 F4A4 [05] CDEF42     854          jsr   cruz_2
 F4A7 [05] CDEF42     855          jsr   cruz_2
 F4AA [05] CDEF42     856          jsr   cruz_2
 F4AD [05] CDEF42     857          jsr   cruz_2


movimiento.asm         Assembled with CASM08Z  01/01/2013  22:50:06  PAGE 17



 F4B0 [05] CDEF42     858          jsr   cruz_2
 F4B3 [05] CDEF42     859          jsr   cruz_2
 F4B6 [05] CDEF42     860          jsr   cruz_2
 F4B9 [05] CDEF42     861          jsr   cruz_2
 F4BC [05] CDEF42     862          jsr   cruz_2
 F4BF [05] CDEF42     863          jsr   cruz_2
 F4C2 [05] CDEF42     864          jsr   cruz_2
 F4C5 [05] CDEF42     865          jsr   cruz_2
 F4C8 [05] CDEF42     866          jsr   cruz_2
 F4CB [05] CDEF42     867          jsr   cruz_2
 F4CE [05] CDEF42     868          jsr   cruz_2
 F4D1 [05] CDEF42     869          jsr   cruz_2
 F4D4 [05] CDEF42     870          jsr   cruz_2
 F4D7 [05] CDEF42     871          jsr   cruz_2
 F4DA [05] CDEF42     872          jsr   cruz_2
 F4DD [05] CDEF42     873          jsr   cruz_2
 F4E0 [05] CDEF42     874          jsr   cruz_2
 F4E3 [05] CDEF42     875          jsr   cruz_2
 F4E6 [05] CDEF42     876          jsr   cruz_2
 F4E9 [05] CDEF42     877          jsr   cruz_2
 F4EC [05] CDEF42     878          jsr   cruz_2
 F4EF [05] CDEF42     879          jsr   cruz_2
 F4F2 [05] CDEF42     880          jsr   cruz_2
 F4F5 [05] CDEF42     881          jsr   cruz_2
 F4F8 [05] CDEF42     882          jsr   cruz_2
 F4FB [05] CDEF42     883          jsr   cruz_2
 F4FE [05] CDEF42     884          jsr   cruz_2
 F501 [05] CDEF42     885          jsr   cruz_2
 F504 [05] CDEF42     886          jsr   cruz_2
 F507 [05] CDEF42     887          jsr   cruz_2
 F50A [05] CDEF42     888          jsr   cruz_2
 F50D [05] CDEF42     889          jsr   cruz_2
 F510 [05] CDEF42     890          jsr   cruz_2
 F513 [05] CDEF42     891          jsr   cruz_2
 F516 [05] CDEF42     892          jsr   cruz_2
 F519 [05] CDEF42     893          jsr   cruz_2
 F51C [05] CDEF42     894          jsr   cruz_2
 F51F [05] CDEF42     895          jsr   cruz_2
 F522 [05] CDEF42     896          jsr   cruz_2
 F525 [05] CDEF42     897          jsr   cruz_2
 F528 [05] CDEF42     898          jsr   cruz_2
 F52B [05] CDEF42     899          jsr   cruz_2
 F52E [05] CDEF42     900          jsr   cruz_2
 F531 [05] CDEF42     901          jsr   cruz_2
 F534 [05] CDEF42     902          jsr   cruz_2
 F537 [05] CDEF42     903          jsr   cruz_2
 F53A [05] CDEF42     904          jsr   cruz_2
 F53D [05] CDEF42     905          jsr   cruz_2
 F540 [05] CDEF42     906          jsr   cruz_2
 F543 [05] CDEF42     907          jsr   cruz_2
 F546 [05] CDEF42     908          jsr   cruz_2
 F549 [05] CDEF42     909          jsr   cruz_2
 F54C [05] CDEF42     910          jsr   cruz_2
 F54F [05] CDEF42     911          jsr   cruz_2
 F552 [05] CDEF42     912          jsr   cruz_2
 F555 [05] CDEF42     913          jsr   cruz_2
 F558 [05] CDEF42     914          jsr   cruz_2
 F55B [05] CDEF42     915          jsr   cruz_2


movimiento.asm         Assembled with CASM08Z  01/01/2013  22:50:06  PAGE 18



 F55E [05] CDEF42     916          jsr   cruz_2
 F561 [05] CDEF42     917          jsr   cruz_2
 F564 [05] CDEF42     918          jsr   cruz_2
 F567 [05] CDEF42     919          jsr   cruz_2
 F56A [05] CDEF42     920          jsr   cruz_2
 F56D [05] CDEF42     921          jsr   cruz_2
 F570 [05] CDEF42     922          jsr   cruz_2
 F573 [05] CDEF42     923          jsr   cruz_2
 F576 [05] CDEF42     924          jsr   cruz_2
 F579 [05] CDEF42     925          jsr   cruz_2
 F57C [05] CDEF42     926          jsr   cruz_2
 F57F [05] CDEF42     927          jsr   cruz_2
 F582 [05] CDEF42     928          jsr   cruz_2
 F585 [05] CDEF42     929          jsr   cruz_2
 F588 [05] CDEF42     930          jsr   cruz_2
 F58B [05] CDEF42     931          jsr   cruz_2
 F58E [05] CDEF42     932          jsr   cruz_2
 F591 [05] CDEF42     933          jsr   cruz_2
 F594 [05] CDEF42     934          jsr   cruz_2
 F597 [05] CDEF42     935          jsr   cruz_2
 F59A [05] CDEF42     936          jsr   cruz_2
 F59D [05] CDEF42     937          jsr   cruz_2
 F5A0 [05] CDEF42     938          jsr   cruz_2
 F5A3 [05] CDEF42     939          jsr   cruz_2
 F5A6 [05] CDEF42     940          jsr   cruz_2
 F5A9 [05] CDEF42     941          jsr   cruz_2
 F5AC [05] CDEF42     942          jsr   cruz_2
 F5AF [05] CDEF42     943          jsr   cruz_2
 F5B2 [05] CDEF42     944          jsr   cruz_2
 F5B5 [05] CDEF42     945          jsr   cruz_2
 F5B8 [05] CDEF42     946          jsr   cruz_2
 F5BB [05] CDEF42     947          jsr   cruz_2
 F5BE [05] CDEF42     948          jsr   cruz_2
 F5C1 [05] CDEF42     949          jsr   cruz_2
 F5C4 [05] CDEF42     950          jsr   cruz_2
 F5C7 [05] CDEF42     951          jsr   cruz_2
 F5CA [05] CDEF42     952          jsr   cruz_2
 F5CD [05] CDEF42     953          jsr   cruz_2
 F5D0 [05] CDEF42     954          jsr   cruz_2
 F5D3 [05] CDEF42     955          jsr   cruz_2
 F5D6 [05] CDEF42     956          jsr   cruz_2
 F5D9 [05] CDEF42     957          jsr   cruz_2
 F5DC [05] CDEF42     958          jsr   cruz_2
 F5DF [05] CDEF42     959          jsr   cruz_2
 F5E2 [05] CDEF42     960          jsr   cruz_2
 F5E5 [05] CDEF42     961          jsr   cruz_2
 F5E8 [05] CDEF42     962          jsr   cruz_2
 F5EB [05] CDEF42     963          jsr   cruz_2
 F5EE [05] CDEF42     964          jsr   cruz_2
 F5F1 [05] CDEF42     965          jsr   cruz_2
 F5F4 [05] CDEF42     966          jsr   cruz_2
 F5F7 [05] CDEF42     967          jsr   cruz_2
 F5FA [05] CDEF42     968          jsr   cruz_2
 F5FD [04] 81         969          rts
                      970  
                      971  adc_isr:
 F5FE [01] 9D         972          nop
 F5FF [07] 80         973       rti


movimiento.asm         Assembled with CASM08Z  01/01/2013  22:50:06  PAGE 19



                      974  
                      975  
                      976  keyb_isr:
 F600 [01] 9D         977          nop
 F601 [07] 80         978          rti
                      979  
                      980  
                      981  tim1_ov_isr:
 F602 [01] 9D         982       nop
 F603 [07] 80         983          rti
                      984  
                      985  tim1_1_isr:
 F604 [01] 9D         986          nop
 F605 [07] 80         987       rti
                      988  
                      989  tim1_0_isr:
 F606 [01] 9D         990          nop
 F607 [07] 80         991       rti
                      992  
                      993  
                      994  irq_isr:
 F608 [01] 9D         995       nop
 F609 [07] 80         996       rti
                      997  
                      998  swi_isr:
 F60A [01] 9D         999          nop
 F60B [07] 80        1000          rti
                     1001  
                     1002  
                     1003  dummy_isr:
 F60C [01] 9D        1004          nop
 F60D [07] 80        1005          rti
                     1006  
                     1007  
 FFDE                1008       org     VECTORES
 FFDE      F5FE      1009       fdb     adc_isr         ; ADC Vector
 FFE0      F600      1010       fdb     keyb_isr        ; KEYBOARD Vector
                     1011  
 FFF2                1012       org     $FFF2
 FFF2      F602      1013       fdb     tim1_ov_isr     ; TIM1 Overflow Vector
 FFF4      F604      1014       fdb     tim1_1_isr      ; TIM1 Channel 1 Vector
 FFF6      F606      1015       fdb     tim1_0_isr      ; TIM1 Channel 0 Vector
                     1016  
 FFFA                1017       org     $FFFA
 FFFA      F608      1018       fdb     irq_isr         ; IRQ1  Vector
 FFFC      F60A      1019       fdb     swi_isr         ; SWI Vector
 FFFE      EE00      1020       fdb     Start           ; Reset
                     1021  
                     1022  end
                     1023   

 Symbol Table 

ACK              0002
ACKK             0002
ADCO             0005
ADC_ISR          F5FE
ADICLK           003F


movimiento.asm         Assembled with CASM08Z  01/01/2013  22:50:06  PAGE 20



ADRH             003D
ADRL             003E
ADSCR            003C
AIEN             0006
APAGADO_LED      EEFF
BCFE             0007
BDCOP            0000
BFCR             FE03
BRKAR            FE02
BRKH             FE09
BRKL             FE0A
BRKSCR           FE0B
BSR              FE00
CH0F             0007
CH0IE            0006
CH0MAX           0000
CH1F             0007
CH1IE            0006
CH1MAX           0000
COCO             0007
COL_1            0000
COL_2            0001
COL_3            0000
COL_4            0001
COL_5            0002
COL_6            0003
COL_7            0003
COL_8            0004
COL_9            0005
CONFIG1          001F
CONFIG2          001E
COP              0005
COPCTL           FFFF
CRUZ_1           EF18
CRUZ_1_1000MS    EF6C
CRUZ_2           EF42
CRUZ_2_1000MS    F2B5
DDRA             0004
DDRB             0005
DELNUS           280C
DEMORA_1000MS    EEDA
DEMORA_240MS     EEF5
DEMORA_320MS     EEF2
DEMORA_500MS     EEEC
DEMORA_QY        EECB
DEMORA_RAPIDA    EEF8
DEM_1            EECF
DEM_2            EECD
DUMMY_ISR        F60C
ECFS0            0002
ECFS1            0003
ECGON            0001
ECGST            0000
ELS0A            0002
ELS0B            0003
ELS1A            0002
ELS1B            0003
END              0000


movimiento.asm         Assembled with CASM08Z  01/01/2013  22:50:06  PAGE 21



ERARNGE          2806
FIL_1            0005
FIL_2            0006
FIL_3            0007
FLASH_INI        EE00
FLBPR            FFBE
FLCR             FE08
GETBYTE          2800
ICFS0            0004
ICFS1            0005
ILAD             0003
ILOP             0004
IMASK            0001
IMASKK           0001
INICIAR          EE3C
INT1             FE04
INT2             FE05
INT3             FE06
INTSCR           001D
IOSCTRM          FFC0
IRQF             0003
IRQ_ISR          F608
KBIER            001B
KBSCR            001A
KEYB_ISR         F600
KEYF             0003
LVI              0001
LVISR            FE0C
MODE             0000
MODEK            0000
MODRST           0002
MS0A             0004
MS0B             0005
MS1A             0004
MS1B             0005
OSCOPT0          0006
OSCOPT1          0007
OSCSC            0036
OSCSTAT          0036
OSCTRIM          0038
PIN              0006
POR              0007
PORTA            0000
PORTB            0001
PRGRNGE          2809
PTA              0000
PTAPUE           000B
PTB              0001
PTBPUE           000C
RAM_INI          0080
RDVRRNG          2803
RETARDO_1        EEC0
RETARDO_2        EEBE
RETARDO_QY       EEBC
SBSW             0001
SRSR             FE01
START            EE00
SWI_ISR          F60A


movimiento.asm         Assembled with CASM08Z  01/01/2013  22:50:06  PAGE 22



TCH0H            0026
TCH0L            0027
TCH1H            0029
TCH1L            002A
TCNTH            0021
TCNTL            0022
TIM1_0_ISR       F606
TIM1_1_ISR       F604
TIM1_OV_ISR      F602
TMODH            0023
TMODL            0024
TOF              0007
TOIE             0006
TOV0             0001
TOV1             0001
TRST             0004
TSC              0020
TSC0             0025
TSC1             0028
TSTOP            0005
VECTORES         FFDE
