
LCD posicion-filas.asm   Assembled with CASM08Z  22/03/2014  01:28:33 p.m.  
                                                                         PAGE 1



 0000                   1  RAM_START  EQU  $0080
 0000                   2  ROM_START  EQU  $EE00
 0000                   3  VECTORS    EQU  $FFDE
 0000                   4  E          EQU   0
 0000                   5  RWR        EQU   5
 0000                   6  RS         EQU   4
                        7  
 0000                   8  $BASE 10T
 0000                   9  $include   'QTQY_Registers.inc'
                       10  ;***************************************************
                                                    ***************************
                       11  ;                    QTQY_REGISTERS.INC - ARCHIVO 
                                                                        INCLUDE
                       12  ; Contiene las Definiciones de los Registros del 
                                                       MC68HC908QTA/QYA/8/4/2/1
                       13  ;
                       14  ;                    SyHDe - Soft y Hard Desarrollos
                       15  ;***************************************************
                                                    ***************************
                       16  
                       17  ;***************************************************
                                                    ***************************
                       18  ;---------------REGISTROS DE PUERTOS ENT/SAL--------
                                                    ---------------------------
                       19  ;---------------PUERTO A----------------------------
                                                    ---------------------------
 0000                  20  PTA  EQU     $0000   ; Port A Data register
 0000                  21  PORTA        EQU     $0000   ; "
 0000                  22  DDRA EQU     $0004   ; Port A Data Direction 
                                                                       Register
 0000                  23  PTAPUE  EQU  $000B   ; Port A Pull Ups Enable
                       24  
                       25  ;---------------PUERTO B----------------------------
                                                    ---------------------------
 0000                  26  PTB  EQU     $0001   ; Port B Data register
 0000                  27  PORTB        EQU     $0001   ; "
 0000                  28  DDRB EQU     $0005   ; Port B Data Direction 
                                                                       Register
 0000                  29  PTBPUE  EQU  $000C   ; Port B Pull Ups Enable
                       30  
                       31  ;***************************************************
                                                    ***************************
                       32  ;---------------REGISTROS DEL MODULO KEYBOARD-------
                                                    ---------------------------
 0000                  33  KBSCR        EQU     $001A   ; Keyboard Status & 
                                                               Control register
 0000                  34  keyf equ     3       ;
 0000                  35  ackk equ     2       ;
 0000                  36  imaskk       equ     1       ;
 0000                  37  modek        equ     0       ;
                       38  
 0000                  39  KBIER        EQU     $001B   ; Keyboard interrupt 
                                                                enable register
                       40  
                       41  ;***************************************************
                                                    ***************************
                       42  ;---------------REGISTROS DE INTERRUPCION EXTERNA 


LCD posicion-filas.asm   Assembled with CASM08Z  22/03/2014  01:28:33 p.m.  PAGE 2



                                                  1----------------------------
 0000                  43  INTSCR       EQU     $001D   ; IRQ Status & Control 
                                                                       Register
 0000                  44  irqf equ     3       ;
 0000                  45  ack  equ     2       ;
 0000                  46  imask        equ     1       ;
 0000                  47  mode equ     0       ;
                       48  
                       49  ;***************************************************
                                                    ***************************
                       50  ;---------------REGISTROS DE CONFIGURACION----------
                                                    ---------------------------
 0000                  51  CONFIG1      EQU     $001F   ; Configuration 
                                                                     Register 1
                       52  
 0000                  53  CONFIG2      EQU     $001E   ; Configuration 
                                                                     Register 2
                       54  
                       55  ;***************************************************
                                                    ***************************
                       56  ;---------------REGISTROS DEL TIMER ----------------
                                                    ---------------------------
 0000                  57  TSC  EQU     $0020   ; Timer Status & Control 
                                                                       Register
 0000                  58  tof  equ     7       ;
 0000                  59  toie equ     6       ;
 0000                  60  tstop        equ     5       ;
 0000                  61  trst equ     4       ;
                       62  
 0000                  63  TCNTH        EQU     $0021   ; Timer Counter 
                                                                  Register High
 0000                  64  TCNTL        EQU     $0022   ; Timer Counter 
                                                                   Register Low
 0000                  65  TMODH        EQU     $0023   ; Timer Counter Modulo 
                                                                  Register High
 0000                  66  TMODL        EQU     $0024   ; Timer Counter Modulo 
                                                                   Register Low
                       67  
 0000                  68  TSC0 EQU     $0025   ; Timer Channel 0 Status & 
                                                               Control Register
 0000                  69  ch0f equ     7
 0000                  70  ch0ie        equ     6       ;
 0000                  71  ms0b equ     5       ;
 0000                  72  ms0a equ     4       ;
 0000                  73  els0b        equ     3       ;
 0000                  74  els0a        equ     2       ;
 0000                  75  tov0 equ     1       ;
 0000                  76  ch0max       equ     0       ;
                       77  
 0000                  78  TCH0H        EQU     $0026   ; Timer Channel 0 
                                                                  Register High
 0000                  79  TCH0L        EQU     $0027   ; Timer Channel 0 
                                                                   Register Low
                       80  
 0000                  81  TSC1 EQU     $0028   ; Timer Channel 1 Status & 
                                                               Control Register
 0000                  82  ch1f equ     7
 0000                  83  ch1ie        equ     6       ;


LCD posicion-filas.asm   Assembled with CASM08Z  22/03/2014  01:28:33 p.m.  PAGE 3



 0000                  84  ms1b equ     5       ;
 0000                  85  ms1a equ     4       ;
 0000                  86  els1b        equ     3       ;
 0000                  87  els1a        equ     2       ;
 0000                  88  tov1 equ     1       ;
 0000                  89  ch1max       equ     0       ;
                       90  
 0000                  91  TCH1H        EQU     $0029   ; Timer Channel 1 
                                                                  Register High
 0000                  92  TCH1L        EQU     $002A   ; Timer Channel 1 
                                                                   Register Low
                       93  
                       94  ;***************************************************
                                                    ***************************
                       95  ;---------------REGISTROS DEL OSCILADOR-------------
                                                    ---------------------------
 0000                  96  OSCSC        EQU     $0036   ;Oscillator Status and 
                                                               Control Register
 0000                  97  ecgst        equ     0       ;Read Only!!!!
 0000                  98  ecgon        equ     1       ;
 0000                  99  ecfs0        equ     2       ;
 0000                 100  ecfs1        equ     3       ;
 0000                 101  icfs0        equ     4       ;
 0000                 102  icfs1        equ     5       ;
 0000                 103  oscopt0      equ     6       ;
 0000                 104  oscopt1      equ     7       ;
                      105  
 0000                 106  OSCTRIM      EQU     $0038   ;Oscillator Trim 
                                                                       Register
                      107  
 0000                 108  OSCSTAT EQU  $0036   ;Oscillator Status and Control 
                                                         (No Vers A Solo QY/QT)
                      109  
                      110  ;***************************************************
                                                    ***************************
                      111  ;---------------REGISTROS DEL ADC-------------------
                                                    ---------------------------
 0000                 112  ADSCR        EQU     $003C   ; ADC Status & Control 
                                                                       Register
 0000                 113  coco equ     7       ;
 0000                 114  aien equ     6       ;
 0000                 115  adco equ     5       ;
                      116  
 0000                 117  ADRH EQU     $003D   ; ADC10 Data Register High
 0000                 118  ADRL EQU     $003E   ; ADC10 Data Register Low
 0000                 119  ADICLK       EQU     $003F   ; ADC10 Clock Control 
                                                                       Register
                      120  
                      121  ;***************************************************
                                                    ***************************
                      122  ;---------------REGISTROS DEL MODULO SIM------------
                                                    ---------------------------
 0000                 123  BSR  EQU     $FE00   ; Break Status Register
 0000                 124  sbsw equ     1       ; break wait bit
                      125  
 0000                 126  SRSR EQU     $FE01   ; SIM Reset Status Register
 0000                 127  por  equ     7       ;
 0000                 128  pin  equ     6       ;


LCD posicion-filas.asm   Assembled with CASM08Z  22/03/2014  01:28:33 p.m.  PAGE 4



 0000                 129  cop  equ     5       ;
 0000                 130  ilop equ     4       ;
 0000                 131  ilad equ     3       ;
 0000                 132  modrst       equ     2       ;
 0000                 133  lvi  equ     1       ;
                      134  
 0000                 135  BRKAR        EQU     $FE02   ; Break Auxiliary 
                                                                       Register
 0000                 136  bdcop        equ     0
                      137  
 0000                 138  BFCR EQU     $FE03   ; Break Flag Control Register
 0000                 139  bcfe equ     7       ;
                      140  
 0000                 141  INT1 EQU     $FE04   ; Interrupt Status Register 1
                      142  
 0000                 143  INT2 EQU     $FE05   ; Interrupt Status Register 2
                      144  
 0000                 145  INT3 EQU     $FE06   ; Interrupt Status Register 3
                      146  
                      147  ;***************************************************
                                                    ***************************
                      148  ;---------------REGISTROS DE LA MEMORIA FLASH-------
                                                    ---------------------------
 0000                 149  FLCR EQU     $FE08   ; FLASH Control Register
                      150  
 0000                 151  FLBPR        EQU     $FFBE   ; FLASH Block Protect
                      152  
                      153  ;***************************************************
                                                    ***************************
                      154  ;---------------REGISTROS DEL MODULO BREAK----------
                                                     --------------------------
 0000                 155  BRKH EQU     $FE09   ; Break address Hig Register
                      156  
 0000                 157  BRKL EQU     $FE0A   ; Break Address Low Register
                      158  
 0000                 159  BRKSCR       EQU     $FE0B   ; Break Status & 
                                                               Control Register
                      160  
                      161  ;***************************************************
                                                    ***************************
                      162  ;---------------REGISTROS DEL MODULO LVI------------
                                                    ---------------------------
 0000                 163  LVISR        EQU     $FE0C   ; LVI Status Register
                      164  
                      165  ;***************************************************
                                                    ***************************
                      166  ;---------------REGISTROS DEL MODULO OSCILLATOR-----
                                                    ---------------------------
 0000                 167  IOSCTRM EQU  $FFC0   ; Internal Oscillator Trim 
                                                  (Factory Prog Value Optional)
                      168  
                      169  ;***************************************************
                                                    ***************************
                      170  ;---------------REGISTROS DEL MODULO COP WATCHDOG---
                                                    ---------------------------
 0000                 171  COPCTL       EQU     $FFFF   ; COP Control Register
                      172  
                      173  ;***************************************************


LCD posicion-filas.asm   Assembled with CASM08Z  22/03/2014  01:28:33 p.m.  PAGE 5



                                                    ***************************
                      174  ;***************************************************
                                                    ***************************
                      175  ; RUTINAS DE MANEJO DE LA MEMORIA FLASH SITUADAS EN 
                                                    LA ROM MONITOR (HC908QTQYx)
                      176  ;***************************************************
                                                    ***************************
                      177  
 0000                 178  PRGRNGE              EQU     $2809   ;Programa un 
                                                  rango de direcciones de Flash
 0000                 179  ERARNGE              EQU     $2806   ;Borra una 
                                                        pagina de Memoria Flash
 0000                 180  GETBYTE              EQU     $2800   ;Recibe un 
                                              Byte en Modo Monitordesde el Port
 0000                 181  RDVRRNG              EQU     $2803   ;Usa un Rango 
                                               de la Flash y lo envia x el Port
 0000                 182  DELNUS               EQU     $280C   ;Rutina de 
                                                  Demora (usa parametros[A][X])
                      183  
                      184  ;***************************************************
                                                    ***************************
                      185  ;       SyHDe - Soft y Hard Desarrollos, 2000  - 
                                                          Derechos Reservados -
                      186  ; Ud.uede usar este archivo gratuitamente mientras 
                                                     incluya este pie de pagina
                      187  ;***************************************************
                                                    ***************************
                      188  
                      189  
                      190  ***********VARIABLES DE RAM**********
 0080                 191             ORG  RAM_START
                      192  
                      193  ****************************************************
                             **************************************************
                                                           ********************
 EE00                 194             ORG  ROM_START
                      195  START:
 EE00 [03] 3F36       196             CLR  OSCSC        ; Oscilador interno a 
                                                                          4 MHz
 EE02 [01] 9C         197             RSP          ;INICIALIZACION DEL 
                                                               MICROCONTROLADOR
 EE03 [01] 4F         198             CLRA
 EE04 [01] 8C         199             CLRH
 EE05 [01] 5F         200             CLRX
 EE06 [01] 98         201             CLC
                      202  
 EE07 [04] 6E091F     203             MOV  #%00001001,CONFIG1   ;PROGRAMACION 
                                                                 DE LOS CONFIGS
 EE0A [01] 9D         204             NOP
 EE0B [01] 9D         205             NOP
 EE0C [04] 6E801E     206             MOV  #%10000000,CONFIG2
 EE0F [01] 9D         207             NOP
 EE10 [01] 9D         208             NOP
                      209  
 EE11 [04] 6EFF05     210             MOV  #$FF,DDRB             ;PUERTO B 
                                                               TODO COMO SALIDA
 EE14 [04] 6E3104     211             MOV  #%00110001,DDRA       ;PTA5, PTA4 Y 
                                                            PTA0 SON SALIIDAS. 


LCD posicion-filas.asm   Assembled with CASM08Z  22/03/2014  01:28:33 p.m.  PAGE 6



 EE17 [03] 3F00       212             CLR  PTA
 EE19 [03] 3F01       213             CLR  PTB
 EE1B [05] CDEE7F     214             JSR  RETARDO
                      215  
                      216  
                      217  ****************************************************
                             **************************************************
                                                           ********************
                      218  INICIO_LCD:                           ;PREPARA AL 
                                                    MODULO LCD PARA MODO 8 BITS
 EE1E [02] A638       219             LDA  #%00111000
 EE20 [05] CDEE59     220             JSR  ESCRIBE_IR
 EE23 [02] A60E       221             LDA  #%00001110
 EE25 [05] CDEE59     222             JSR  ESCRIBE_IR
 EE28 [02] A601       223             LDA  #%00000001
 EE2A [05] CDEE59     224             JSR  ESCRIBE_IR
 EE2D [02] A606       225             LDA  #%00000110
 EE2F [05] CDEE59     226             JSR  ESCRIBE_IR
 EE32 [02] A640       227             LDA  #%01000000
 EE34 [05] CDEE59     228             JSR  ESCRIBE_IR
 EE37 [02] A60C       229             LDA  #%00001100
 EE39 [05] CDEE59     230             JSR  ESCRIBE_IR
                      231  ****************************************************
                             **************************************************
                                                           ********************
                      232  SALUDO:
 EE3C [02] A601       233             LDA  #$01                 ;CLEAR DISPLAY
 EE3E [05] CDEE59     234             JSR  ESCRIBE_IR
 EE41 [02] A60C       235             LDA  #$0C                 ;DISPLAY ON
 EE43 [05] CDEE59     236             JSR  ESCRIBE_IR
                      237  
                      238             ;LDA  #%10000000            ;SET DDRAM 
                                     $00. Va a la posicion 0 de la primera fila
                      239             ;LDA  #%10000001            ;SET DDRAM 
                                     $01. Va a la posicion 1 de la primera fila
                      240             ;LDA  #%10000010            ;SET DDRAM 
                                     $02. Va a la posicion 2 de la primera fila
                      241             ;LDA  #%10000011            ;SET DDRAM 
                                     $03. Va a la posicion 3 de la primera fila
                      242             ;LDA  #%10000100            ;SET DDRAM 
                                     $04. Va a la posicion 4 de la primera fila
                      243             ;LDA  #%10000101            ;SET DDRAM 
                                     $05. Va a la posicion 5 de la primera fila
                      244             ;LDA  #%10010010            ;SET DDRAM 
                                    $12. Va a la posicion 18 de la primera fila
                      245             ;LDA  #%10010011            ;SET DDRAM 
                                    $13. Va a la posicion 19 de la primera fila
                      246  
                      247             ;LDA  #%11000000            ;SET DDRAM 
                                     $40. Va a la posicion 0 de la segunda fila
                      248             ;LDA  #%11000001            ;SET DDRAM 
                                     $41. Va a la posicion 1 de la segunda fila
                      249             ;LDA  #%11000010            ;SET DDRAM 
                                     $42. Va a la posicion 2 de la segunda fila
                      250             ;LDA  #%11000011            ;SET DDRAM 
                                     $43. Va a la posicion 3 de la segunda fila
                      251             ;LDA  #%11000100            ;SET DDRAM 
                                     $44. Va a la posicion 4 de la segunda fila


LCD posicion-filas.asm   Assembled with CASM08Z  22/03/2014  01:28:33 p.m.  PAGE 7



                      252             ;LDA  #%11000101            ;SET DDRAM 
                                     $45. Va a la posicion 5 de la segunda fila
                      253             ;LDA  #%11010010            ;SET DDRAM 
                                    $52. Va a la posicion 18 de la segunda fila
                      254             ;LDA  #%11010011            ;SET DDRAM 
                                    $53. Va a la posicion 19 de la segunda fila
                      255             
                      256             ;LDA  #%10010100            ;SET DDRAM 
                                     $14. Va a la posicion 0 de la tercera fila
                      257             ;LDA  #%10010101            ;SET DDRAM 
                                     $15. Va a la posicion 1 de la tercera fila
                      258             ;LDA  #%10010110            ;SET DDRAM 
                                     $16. Va a la posicion 2 de la tercera fila
                      259             ;LDA  #%10010111            ;SET DDRAM 
                                     $17. Va a la posicion 3 de la tercera fila
                      260             ;LDA  #%10011000            ;SET DDRAM 
                                     $18. Va a la posicion 4 de la tercera fila
                      261             ;LDA  #%10011001            ;SET DDRAM 
                                     $19. Va a la posicion 5 de la tercera fila
                      262             ;LDA  #%10100110            ;SET DDRAM 
                                    $26. Va a la posicion 18 de la tercera fila
                      263             ;LDA  #%10100111            ;SET DDRAM 
                                    $27. Va a la posicion 19 de la tercera fila
                      264  
                      265             ;LDA  #%11010100            ;SET DDRAM 
                                      $54. Va a la posicion 0 de la cuarta fila
                      266             ;LDA  #%11010101            ;SET DDRAM 
                                      $55. Va a la posicion 1 de la cuarta fila
                      267             ;LDA  #%11010110            ;SET DDRAM 
                                      $56. Va a la posicion 2 de la cuarta fila
                      268             ;LDA  #%11010111            ;SET DDRAM 
                                      $57. Va a la posicion 3 de la cuarta fila
                      269             ;LDA  #%11011000            ;SET DDRAM 
                                      $58. Va a la posicion 4 de la cuarta fila
                      270             ;LDA  #%11011001            ;SET DDRAM 
                                      $59. Va a la posicion 5 de la cuarta fila
                      271             ;LDA  #%11100110            ;SET DDRAM 
                                     $66. Va a la posicion 18 de la cuarta fila
                      272             ;LDA  #%11100111            ;SET DDRAM 
                                     $67. Va a la posicion 19 de la cuarta fila
                      273  
 EE46 [05] CDEE59     274             JSR  ESCRIBE_IR
 EE49 [02] AE0B       275             LDX  #$0B
 EE4B [04] D6EE9D     276             LDA  TABLA,X                ;R
 EE4E [05] CDEE6C     277             JSR  ESCRIBE_DR
 EE51 [02] AE1E       278             LDX  #$1E
 EE53 [04] D6EE9D     279             LDA  TABLA,X                ;u
 EE56 [05] CDEE6C     280             JSR  ESCRIBE_DR             ;termina 
                             siempre con este salto, sino borra la ultima letra
                      281  
                      282  
                      283  
                      284             ;JSR  RETARDO               ;Retardo 
                                         para dar tiempo a que se lea el nombre
                      285             ;JSR  RETARDO
                      286             ;JSR  RETARDO
                      287             ;JSR  RETARDO
                      288             ;JSR  RETARDO


LCD posicion-filas.asm   Assembled with CASM08Z  22/03/2014  01:28:33 p.m.  PAGE 8



                      289             ;JSR  RETARDO
                      290             ;JSR  RETARDO
                      291  ****************************************************
                             **************************************************
                                                           ********************
                      292             ;LDA  #$01         ;CLEAR DISPLAY
                      293             ;JSR  ESCRIBE_IR
                      294  ****************************************************
                             **************************************************
                                                           ********************
                      295  ESCRIBE_IR:                  ;SUBRUTINA QUE SIRVE 
                                      PARA MANDARLE INSTRUCCIONES AL MODULO LCD
 EE59 [04] 1900       296             BCLR  RS,PTA
 EE5B [04] 1B00       297             BCLR  RWR,PTA
 EE5D [04] 1000       298             BSET  E,PTA
 EE5F [03] B701       299             STA   PTB
 EE61 [05] CDEE95     300             JSR   DEMORA100
 EE64 [04] 1100       301             BCLR  E,PTA
 EE66 [05] CDEE95     302             JSR   DEMORA100
 EE69 [04] 1900       303             BCLR  RS,PTA
 EE6B [04] 81         304             RTS
                      305  ****************************************************
                             **************************************************
                                                           ********************
                      306  ESCRIBE_DR:                  ;SUBRUTINA QUE SIRVE 
                                 PARA MANDARLE DATOS (CARACTERES) AL MODULO LCD
 EE6C [04] 1800       307             BSET  RS,PTA
 EE6E [04] 1B00       308             BCLR  RWR,PTA
 EE70 [04] 1000       309             BSET  E,PTA
 EE72 [03] B701       310             STA   PTB
 EE74 [05] CDEE95     311             JSR   DEMORA100
 EE77 [04] 1100       312             BCLR  E,PTA
 EE79 [05] CDEE95     313             JSR   DEMORA100
 EE7C [04] 1900       314             BCLR  RS,PTA
 EE7E [04] 81         315             RTS
                      316  ****************************************************
                             **************************************************
                                                           ********************
                      317  RETARDO
 EE7F [02] 87         318          PSHA
 EE80 [02] 8B         319          PSHH
 EE81 [02] 89         320          PSHX
 EE82 [02] A6FF       321          LDA     #$FF
                      322  DELAY
 EE84 [03] 4500EF     323          LDHX    #$00EF
                      324  LOOP1
 EE87 [02] AFFF       325          AIX     #-1
 EE89 [03] 650000     326          CPHX    #0
 EE8C [03] 26F9       327          BNE     LOOP1
 EE8E [01] 4A         328          DECA
 EE8F [03] 26F3       329          BNE     DELAY
 EE91 [02] 88         330          PULX
 EE92 [02] 8A         331          PULH
 EE93 [02] 86         332          PULA
 EE94 [04] 81         333          RTS
                      334  ****************************************************
                             **************************************************
                                                           ********************


LCD posicion-filas.asm   Assembled with CASM08Z  22/03/2014  01:28:33 p.m.  PAGE 9



                      335  DEMORA100:                        ;RUTINA QUE 
                                                    GENERA UNA DEMORA DE APROX.
 EE95 [02] 87         336             PSHA
 EE96 [02] A6FF       337             LDA  #$FF
                      338  RESTA3:
 EE98 [01] 4A         339             DECA
 EE99 [03] 26FD       340             BNE  RESTA3
                      341  
 EE9B [02] 86         342             PULA
 EE9C [04] 81         343             RTS
                      344  ****************************************************
                             **************************************************
                                                           ********************
                      345  TABLA:                                ;TABLA EN 
                                  DONDE SE DEFINEN LOS CARACTERES QUE SE USARAN
 EE9D      30         346             DB  %00110000;0 X = $00
 EE9E      31         347             DB  %00110001;1 X = $01
 EE9F      32         348             DB  %00110010;2 X = $02
 EEA0      33         349             DB  %00110011;3 X = $03
 EEA1      34         350             DB  %00110100;4 X = $04
 EEA2      35         351             DB  %00110101;5 X = $05
 EEA3      36         352             DB  %00110110;6 X = $06
 EEA4      37         353             DB  %00110111;7 X = $07
 EEA5      38         354             DB  %00111000;8 X = $08
 EEA6      39         355             DB  %00111001;9 X = $09
 EEA7      50         356             DB  %01010000;P X = $0A
 EEA8      52         357             DB  %01010010;R X = $0B
 EEA9      54         358             DB  %01010100;T X = $0C
 EEAA      55         359             DB  %01010101;U X = $0D
 EEAB      43         360             DB  %01000011;C X = $0E
 EEAC      45         361             DB  %01000101;E X = $0F
 EEAD      46         362             DB  %01000110;F X = $10
 EEAE      48         363             DB  %01001000;H X = $11
 EEAF      4C         364             DB  %01001100;L X = $12
 EEB0      4E         365             DB  %01001110;N X = $13
 EEB1      61         366             DB  %01100001;a X = $14
 EEB2      63         367             DB  %01100011;c X = $15
 EEB3      67         368             DB  %01100111;g X = $16
 EEB4      69         369             DB  %01101001;i X = $17
 EEB5      6A         370             DB  %01101010;j X = $18
 EEB6      6C         371             DB  %01101100;l X = $19
 EEB7      6F         372             DB  %01101111;o X = $1A
 EEB8      70         373             DB  %01110000;p X = $1B
 EEB9      72         374             DB  %01110010;r X = $1C
 EEBA      73         375             DB  %01110011;s X = $1D
 EEBB      75         376             DB  %01110101;u X = $1E
 EEBC      2E         377             DB  %00101110;punto X = $1F
 EEBD      2C         378             DB  %00101100;coma X = $20
 EEBE      3F         379             DB  %00111111;pregunta X = $21
 EEBF      3D         380             DB  %00111101;igual X = $22
 EEC0      00         381             DB  %00000000; mu X=$23
 EEC1      20         382             DB  %00100000;ESPACIO X=$24
 EEC2      01         383             DB  %00000001; Yaz X=$25
 EEC3      65         384             DB  %01100101;e  X = $26
 EEC4      3A         385             DB  %00111010;dos puntos X = $27
 EEC5      6E         386             DB  %01101110;n  X = $28
 EEC6      42         387             DB  %01000010;B  X = $29
 EEC7      64         388             DB  %01100100;d  X = $2A


LCD posicion-filas.asm   Assembled with CASM08Z  22/03/2014  01:28:33 p.m.  PAGE 10



 EEC8      4A         389             DB  %01001010;J  X = $2B
 EEC9      76         390             DB  %01110110;v  X = $2C
                      391  ****************************************************
                             **************************************************
                                                           ********************
                      392  BOBO                       ;Rutina para los 
                                vectores no utilizados. Se pone "por las dudas"
 EECA [01] 9D         393             NOP
 EECB [07] 80         394             RTI
                      395  *************************************TABLA DE 
                             VECTORES******************************************
                                                      *************************
                      396  
 FFDE                 397             ORG  VECTORS
                      398  
 FFDE      EECA       399             DW   BOBO  ;FFDE-FFDF
 FFE0      EECA       400             DW   BOBO  ;FFE0-FFE1
 FFE2      EECA       401             DW   BOBO  ;FFE2-FFE3
 FFE4      EECA       402             DW   BOBO  ;FFE4-FFE5
 FFE6      EECA       403             DW   BOBO  ;FFE6-FFE7
 FFE8      EECA       404             DW   BOBO  ;FFE8-FFE9
 FFEA      EECA       405             DW   BOBO  ;FFEA-FFEB
 FFEC      EECA       406             DW   BOBO  ;FFEC-FFED
 FFEE      EECA       407             DW   BOBO  ;FFEE-FFEF
 FFF0      EECA       408             DW   BOBO  ;FFF0-FFF1
 FFF2      EECA       409             DW   BOBO  ;FFF2-FFF3
 FFF4      EECA       410             DW   BOBO  ;FFF4-FFF5
 FFF6      EECA       411             DW   BOBO  ;FFF6-FFF7
 FFF8      EECA       412             DW   BOBO  ;FFFF8-FFF9
 FFFA      EECA       413             DW   BOBO  ;FFFA-FFFB
 FFFC      EECA       414             DW   BOBO  ;FFFC-FFFD
 FFFE      EE00       415             DW   START ;FFFE-FFFF
                      416  ****************************************************
                             **************************************************
                                                           ********************
                      417  END
                      418  ****************************************************
                             **************************************************
                                                           ********************
                      419  
                      420  
                      421  
                      422  
                      423  
                      424  
                      425  
                      426  
                      427  
                      428  
                      429  
                      430  
                      431  
                      432  
                      433  
                      434   

 Symbol Table 



LCD posicion-filas.asm   Assembled with CASM08Z  22/03/2014  01:28:33 p.m.  PAGE 11



ACK              0002
ACKK             0002
ADCO             0005
ADICLK           003F
ADRH             003D
ADRL             003E
ADSCR            003C
AIEN             0006
BCFE             0007
BDCOP            0000
BFCR             FE03
BOBO             EECA
BRKAR            FE02
BRKH             FE09
BRKL             FE0A
BRKSCR           FE0B
BSR              FE00
CH0F             0007
CH0IE            0006
CH0MAX           0000
CH1F             0007
CH1IE            0006
CH1MAX           0000
COCO             0007
CONFIG1          001F
CONFIG2          001E
COP              0005
COPCTL           FFFF
DDRA             0004
DDRB             0005
DELAY            EE84
DELNUS           280C
DEMORA100        EE95
E                0000
ECFS0            0002
ECFS1            0003
ECGON            0001
ECGST            0000
ELS0A            0002
ELS0B            0003
ELS1A            0002
ELS1B            0003
END              0000
ERARNGE          2806
ESCRIBE_DR       EE6C
ESCRIBE_IR       EE59
FLBPR            FFBE
FLCR             FE08
GETBYTE          2800
ICFS0            0004
ICFS1            0005
ILAD             0003
ILOP             0004
IMASK            0001
IMASKK           0001
INICIO_LCD       EE1E
INT1             FE04
INT2             FE05


LCD posicion-filas.asm   Assembled with CASM08Z  22/03/2014  01:28:33 p.m.  PAGE 12



INT3             FE06
INTSCR           001D
IOSCTRM          FFC0
IRQF             0003
KBIER            001B
KBSCR            001A
KEYF             0003
LOOP1            EE87
LVI              0001
LVISR            FE0C
MODE             0000
MODEK            0000
MODRST           0002
MS0A             0004
MS0B             0005
MS1A             0004
MS1B             0005
OSCOPT0          0006
OSCOPT1          0007
OSCSC            0036
OSCSTAT          0036
OSCTRIM          0038
PIN              0006
POR              0007
PORTA            0000
PORTB            0001
PRGRNGE          2809
PTA              0000
PTAPUE           000B
PTB              0001
PTBPUE           000C
RAM_START        0080
RDVRRNG          2803
RESTA3           EE98
RETARDO          EE7F
ROM_START        EE00
RS               0004
RWR              0005
SALUDO           EE3C
SBSW             0001
SRSR             FE01
START            EE00
TABLA            EE9D
TCH0H            0026
TCH0L            0027
TCH1H            0029
TCH1L            002A
TCNTH            0021
TCNTL            0022
TMODH            0023
TMODL            0024
TOF              0007
TOIE             0006
TOV0             0001
TOV1             0001
TRST             0004
TSC              0020
TSC0             0025


LCD posicion-filas.asm   Assembled with CASM08Z  22/03/2014  01:28:33 p.m.  PAGE 13



TSC1             0028
TSTOP            0005
VECTORS          FFDE
