
entrada-salida.asm     Assembled with CASM08Z  28/08/2013  1:04:41  PAGE 1



 0000                   1  RAM_INI         EQU     $0080
 0000                   2  FLASH_INI       EQU     $EE00
 0000                   3  VECTORES        EQU     $FFD0
 0000                   4  IN_1            EQU     7
 0000                   5  IN_2            EQU     6
 0000                   6  IN_3            EQU     5
 0000                   7  IN_4            EQU     4
 0000                   8  OUT_1           EQU     0
 0000                   9  OUT_2           EQU     1
 0000                  10  OUT_3           EQU     2
 0000                  11  OUT_4           EQU     3
                       12  
 0000                  13  $base   10t
 0000                  14  $include   'QTQY_Registers.inc'
                       15  ;***************************************************
                                                    ***************************
                       16  ;                    QTQY_REGISTERS.INC - ARCHIVO 
                                                                        INCLUDE
                       17  ; Contiene las Definiciones de los Registros del 
                                                       MC68HC908QTA/QYA/8/4/2/1
                       18  ;
                       19  ;                    SyHDe - Soft y Hard Desarrollos
                       20  ;***************************************************
                                                    ***************************
                       21  
                       22  ;***************************************************
                                                    ***************************
                       23  ;---------------REGISTROS DE PUERTOS ENT/SAL--------
                                                    ---------------------------
                       24  ;---------------PUERTO A----------------------------
                                                    ---------------------------
 0000                  25  PTA  EQU     $0000   ; Port A Data register
 0000                  26  PORTA        EQU     $0000   ; "
 0000                  27  DDRA EQU     $0004   ; Port A Data Direction 
                                                                       Register
 0000                  28  PTAPUE  EQU  $000B   ; Port A Pull Ups Enable
                       29  
                       30  ;---------------PUERTO B----------------------------
                                                    ---------------------------
 0000                  31  PTB  EQU     $0001   ; Port B Data register
 0000                  32  PORTB        EQU     $0001   ; "
 0000                  33  DDRB EQU     $0005   ; Port B Data Direction 
                                                                       Register
 0000                  34  PTBPUE  EQU  $000C   ; Port B Pull Ups Enable
                       35  
                       36  ;***************************************************
                                                    ***************************
                       37  ;---------------REGISTROS DEL MODULO KEYBOARD-------
                                                    ---------------------------
 0000                  38  KBSCR        EQU     $001A   ; Keyboard Status & 
                                                               Control register
 0000                  39  keyf equ     3       ;
 0000                  40  ackk equ     2       ;
 0000                  41  imaskk       equ     1       ;
 0000                  42  modek        equ     0       ;
                       43  
 0000                  44  KBIER        EQU     $001B   ; Keyboard interrupt 
                                                                enable register


entrada-salida.asm     Assembled with CASM08Z  28/08/2013  1:04:41  PAGE 2



                       45  
                       46  ;***************************************************
                                                    ***************************
                       47  ;---------------REGISTROS DE INTERRUPCION EXTERNA 
                                                  1----------------------------
 0000                  48  INTSCR       EQU     $001D   ; IRQ Status & Control 
                                                                       Register
 0000                  49  irqf equ     3       ;
 0000                  50  ack  equ     2       ;
 0000                  51  imask        equ     1       ;
 0000                  52  mode equ     0       ;
                       53  
                       54  ;***************************************************
                                                    ***************************
                       55  ;---------------REGISTROS DE CONFIGURACION----------
                                                    ---------------------------
 0000                  56  CONFIG1      EQU     $001F   ; Configuration 
                                                                     Register 1
                       57  
 0000                  58  CONFIG2      EQU     $001E   ; Configuration 
                                                                     Register 2
                       59  
                       60  ;***************************************************
                                                    ***************************
                       61  ;---------------REGISTROS DEL TIMER ----------------
                                                    ---------------------------
 0000                  62  TSC  EQU     $0020   ; Timer Status & Control 
                                                                       Register
 0000                  63  tof  equ     7       ;
 0000                  64  toie equ     6       ;
 0000                  65  tstop        equ     5       ;
 0000                  66  trst equ     4       ;
                       67  
 0000                  68  TCNTH        EQU     $0021   ; Timer Counter 
                                                                  Register High
 0000                  69  TCNTL        EQU     $0022   ; Timer Counter 
                                                                   Register Low
 0000                  70  TMODH        EQU     $0023   ; Timer Counter Modulo 
                                                                  Register High
 0000                  71  TMODL        EQU     $0024   ; Timer Counter Modulo 
                                                                   Register Low
                       72  
 0000                  73  TSC0 EQU     $0025   ; Timer Channel 0 Status & 
                                                               Control Register
 0000                  74  ch0f equ     7
 0000                  75  ch0ie        equ     6       ;
 0000                  76  ms0b equ     5       ;
 0000                  77  ms0a equ     4       ;
 0000                  78  els0b        equ     3       ;
 0000                  79  els0a        equ     2       ;
 0000                  80  tov0 equ     1       ;
 0000                  81  ch0max       equ     0       ;
                       82  
 0000                  83  TCH0H        EQU     $0026   ; Timer Channel 0 
                                                                  Register High
 0000                  84  TCH0L        EQU     $0027   ; Timer Channel 0 
                                                                   Register Low
                       85  


entrada-salida.asm     Assembled with CASM08Z  28/08/2013  1:04:41  PAGE 3



 0000                  86  TSC1 EQU     $0028   ; Timer Channel 1 Status & 
                                                               Control Register
 0000                  87  ch1f equ     7
 0000                  88  ch1ie        equ     6       ;
 0000                  89  ms1b equ     5       ;
 0000                  90  ms1a equ     4       ;
 0000                  91  els1b        equ     3       ;
 0000                  92  els1a        equ     2       ;
 0000                  93  tov1 equ     1       ;
 0000                  94  ch1max       equ     0       ;
                       95  
 0000                  96  TCH1H        EQU     $0029   ; Timer Channel 1 
                                                                  Register High
 0000                  97  TCH1L        EQU     $002A   ; Timer Channel 1 
                                                                   Register Low
                       98  
                       99  ;***************************************************
                                                    ***************************
                      100  ;---------------REGISTROS DEL OSCILADOR-------------
                                                    ---------------------------
 0000                 101  OSCSC        EQU     $0036   ;Oscillator Status and 
                                                               Control Register
 0000                 102  ecgst        equ     0       ;Read Only!!!!
 0000                 103  ecgon        equ     1       ;
 0000                 104  ecfs0        equ     2       ;
 0000                 105  ecfs1        equ     3       ;
 0000                 106  icfs0        equ     4       ;
 0000                 107  icfs1        equ     5       ;
 0000                 108  oscopt0      equ     6       ;
 0000                 109  oscopt1      equ     7       ;
                      110  
 0000                 111  OSCTRIM      EQU     $0038   ;Oscillator Trim 
                                                                       Register
                      112  
 0000                 113  OSCSTAT EQU  $0036   ;Oscillator Status and Control 
                                                         (No Vers A Solo QY/QT)
                      114  
                      115  ;***************************************************
                                                    ***************************
                      116  ;---------------REGISTROS DEL ADC-------------------
                                                    ---------------------------
 0000                 117  ADSCR        EQU     $003C   ; ADC Status & Control 
                                                                       Register
 0000                 118  coco equ     7       ;
 0000                 119  aien equ     6       ;
 0000                 120  adco equ     5       ;
                      121  
 0000                 122  ADRH EQU     $003D   ; ADC10 Data Register High
 0000                 123  ADRL EQU     $003E   ; ADC10 Data Register Low
 0000                 124  ADICLK       EQU     $003F   ; ADC10 Clock Control 
                                                                       Register
                      125  
                      126  ;***************************************************
                                                    ***************************
                      127  ;---------------REGISTROS DEL MODULO SIM------------
                                                    ---------------------------
 0000                 128  BSR  EQU     $FE00   ; Break Status Register
 0000                 129  sbsw equ     1       ; break wait bit


entrada-salida.asm     Assembled with CASM08Z  28/08/2013  1:04:41  PAGE 4



                      130  
 0000                 131  SRSR EQU     $FE01   ; SIM Reset Status Register
 0000                 132  por  equ     7       ;
 0000                 133  pin  equ     6       ;
 0000                 134  cop  equ     5       ;
 0000                 135  ilop equ     4       ;
 0000                 136  ilad equ     3       ;
 0000                 137  modrst       equ     2       ;
 0000                 138  lvi  equ     1       ;
                      139  
 0000                 140  BRKAR        EQU     $FE02   ; Break Auxiliary 
                                                                       Register
 0000                 141  bdcop        equ     0
                      142  
 0000                 143  BFCR EQU     $FE03   ; Break Flag Control Register
 0000                 144  bcfe equ     7       ;
                      145  
 0000                 146  INT1 EQU     $FE04   ; Interrupt Status Register 1
                      147  
 0000                 148  INT2 EQU     $FE05   ; Interrupt Status Register 2
                      149  
 0000                 150  INT3 EQU     $FE06   ; Interrupt Status Register 3
                      151  
                      152  ;***************************************************
                                                    ***************************
                      153  ;---------------REGISTROS DE LA MEMORIA FLASH-------
                                                    ---------------------------
 0000                 154  FLCR EQU     $FE08   ; FLASH Control Register
                      155  
 0000                 156  FLBPR        EQU     $FFBE   ; FLASH Block Protect
                      157  
                      158  ;***************************************************
                                                    ***************************
                      159  ;---------------REGISTROS DEL MODULO BREAK----------
                                                     --------------------------
 0000                 160  BRKH EQU     $FE09   ; Break address Hig Register
                      161  
 0000                 162  BRKL EQU     $FE0A   ; Break Address Low Register
                      163  
 0000                 164  BRKSCR       EQU     $FE0B   ; Break Status & 
                                                               Control Register
                      165  
                      166  ;***************************************************
                                                    ***************************
                      167  ;---------------REGISTROS DEL MODULO LVI------------
                                                    ---------------------------
 0000                 168  LVISR        EQU     $FE0C   ; LVI Status Register
                      169  
                      170  ;***************************************************
                                                    ***************************
                      171  ;---------------REGISTROS DEL MODULO OSCILLATOR-----
                                                    ---------------------------
 0000                 172  IOSCTRM EQU  $FFC0   ; Internal Oscillator Trim 
                                                  (Factory Prog Value Optional)
                      173  
                      174  ;***************************************************
                                                    ***************************
                      175  ;---------------REGISTROS DEL MODULO COP WATCHDOG---


entrada-salida.asm     Assembled with CASM08Z  28/08/2013  1:04:41  PAGE 5



                                                    ---------------------------
 0000                 176  COPCTL       EQU     $FFFF   ; COP Control Register
                      177  
                      178  ;***************************************************
                                                    ***************************
                      179  ;***************************************************
                                                    ***************************
                      180  ; RUTINAS DE MANEJO DE LA MEMORIA FLASH SITUADAS EN 
                                                    LA ROM MONITOR (HC908QTQYx)
                      181  ;***************************************************
                                                    ***************************
                      182  
 0000                 183  PRGRNGE              EQU     $2809   ;Programa un 
                                                  rango de direcciones de Flash
 0000                 184  ERARNGE              EQU     $2806   ;Borra una 
                                                        pagina de Memoria Flash
 0000                 185  GETBYTE              EQU     $2800   ;Recibe un 
                                              Byte en Modo Monitordesde el Port
 0000                 186  RDVRRNG              EQU     $2803   ;Usa un Rango 
                                               de la Flash y lo envia x el Port
 0000                 187  DELNUS               EQU     $280C   ;Rutina de 
                                                  Demora (usa parametros[A][X])
                      188  
                      189  ;***************************************************
                                                    ***************************
                      190  ;       SyHDe - Soft y Hard Desarrollos, 2000  - 
                                                          Derechos Reservados -
                      191  ; Ud.uede usar este archivo gratuitamente mientras 
                                                     incluya este pie de pagina
                      192  ;***************************************************
                                                    ***************************
                      193  
                      194  
 EE00                 195                  org     FLASH_INI
                      196  start:
                      197  
 EE00 [01] 4F         198                  clra
 EE01 [01] 8C         199                  clrh
 EE02 [01] 5F         200                  clrx
 EE03 [01] 9C         201                  rsp
 EE04 [02] 9B         202                  sei
                      203  
 EE05 [04] 6E801E     204                  mov     #%10000000,CONFIG2
 EE08 [04] 6E0D1F     205                  mov     #%00001101,CONFIG1
 EE0B [01] 9D         206                  nop
 EE0C [01] 9D         207                  nop
 EE0D [01] 9D         208                  nop
                      209  
 EE0E [04] 6E2036     210                  mov  #%00100000,OSCSC
 EE11 [04] 6E8138     211               mov     #$81,OSCTRIM
                      212  
 EE14 [05] CDEE58     213                  jsr  demora_qy
 EE17 [05] CDEE58     214                  jsr  demora_qy
 EE1A [05] CDEE58     215                  jsr  demora_qy
 EE1D [05] CDEE58     216                  jsr  demora_qy
 EE20 [05] CDEE58     217                  jsr  demora_qy
 EE23 [05] CDEE58     218                  jsr  demora_qy
                      219  


entrada-salida.asm     Assembled with CASM08Z  28/08/2013  1:04:41  PAGE 6



                      220  
 EE26 [04] 6E0F01     221                  mov     #%00001111,PORTB
 EE29 [04] 6E0F05     222                  mov     #%00001111,DDRB
 EE2C [04] 6EF00C     223                  mov     #%11110000,PTBPUE
 EE2F [04] 6E0F01     224                  mov     #%00001111,PORTB
                      225  
                      226  ;Sirve para mandar el estado de la entrada a la 
                                                        salida, no lo mantiene;
                      227  
                      228  start_00:
 EE32 [04] 1101       229                  bclr    OUT_1,PORTB             ;
 EE34 [04] 1301       230                  bclr    OUT_2,PORTB             
                                                  ;Apaga los led en cada inicio
 EE36 [04] 1501       231                  bclr    OUT_3,PORTB             ;
 EE38 [04] 1701       232                  bclr    OUT_4,PORTB             ;
 EE3A [05] CDEE41     233                  jsr  codigo                  ;Salta 
                                                            a las sub-funciones
 EE3D [01] 9D         234                  nop
 EE3E [01] 9D         235                  nop
 EE3F [03] 20F1       236                  bra     start_00                ;
                      237  
                      238  codigo:
 EE41 [05] CDEE48     239                  jsr     entrada1
 EE44 [01] 9D         240                  nop
                      241                  ;jsr     entrada2
                      242                  ;nop
                      243                  ;jsr     entrada3
                      244                  ;nop
                      245                  ;jsr     entrada4
 EE45 [01] 9D         246                  nop
 EE46 [01] 9D         247                  nop
 EE47 [04] 81         248                  rts
                      249  entrada1:
 EE48 [05] 0E0105     250                  brset IN_1,PORTB,enc1           ;Si 
                                           hay un 1 salta a la sub funcion enc1
 EE4B [01] 9D         251                  nop
 EE4C [05] 0F0105     252                  brclr IN_1,PORTB,apa1           ;Si 
                                           hay un 0 salta a la sub funcion apa1
 EE4F [04] 81         253                  rts
                      254  
                      255  ;entrada2:
                      256                  ;brset IN_2,PORTB,enc2           
                                       ;Si hay un 1 salta a la sub funcion enc2
                      257                  ;nop
                      258                  ;brclr IN_2,PORTB,apa2           
                                       ;Si hay un 0 salta a la sub funcion apa2
                      259                  ;rts
                      260  
                      261  ;entrada3:
                      262                  ;brset IN_3,PORTB,enc3           
                                       ;Si hay un 1 salta a la sub funcion enc3
                      263                  ;nop
                      264                  ;brclr IN_3,PORTB,apa3           
                                       ;Si hay un 0 salta a la sub funcion apa3
                      265                  ;rts
                      266  
                      267  ;entrada4:
                      268                  ;brset IN_4,PORTB,enc4           


entrada-salida.asm     Assembled with CASM08Z  28/08/2013  1:04:41  PAGE 7



                                       ;Si hay un 1 salta a la sub funcion enc4
                      269                  ;nop
                      270                  ;brclr IN_4,PORTB,apa4           
                                       ;Si hay un 0 salta a la sub funcion apa4
                      271                  ;rts
                      272  ;===================================================
                                       =======================================;
                      273  enc1:
 EE50 [04] 1001       274                  bset    OUT_1,PORTB             
                                                               ;Enciende el led
 EE52 [01] 9D         275                  nop
 EE53 [04] 81         276                  rts
                      277  
                      278  ;enc2:
                      279                  ;bset    OUT_2,PORTB             
                                                               ;Enciende el led
                      280                  ;nop
                      281                  ;rts
                      282  
                      283  ;enc3:
                      284                  ;bset    OUT_3,PORTB             
                                                               ;Enciende el led
                      285                  ;nop
                      286                  ;rts
                      287  
                      288  ;enc4:
                      289                  ;bset    OUT_4,PORTB             
                                                               ;Enciende el led
                      290                  ;nop
                      291                  ;rts
                      292  ;===================================================
                                       =======================================;
                      293  apa1:
 EE54 [04] 1101       294                  bclr    OUT_1,PORTB             
                                                                  ;Apaga el led
 EE56 [01] 9D         295                  nop
 EE57 [04] 81         296                  rts
                      297  
                      298  ;apa2:
                      299                  ;bclr    OUT_2,PORTB             
                                                                  ;Apaga el led
                      300                  ;nop
                      301                  ;rts
                      302  
                      303  ;apa3:
                      304                  ;bclr    OUT_3,PORTB             
                                                                  ;Apaga el led
                      305                  ;nop
                      306                  ;rts
                      307  
                      308  ;apa4:
                      309                  ;bclr    OUT_4,PORTB             
                                                                  ;Apaga el led
                      310                  ;nop
                      311                  ;rts
                      312  ;===================================================
                                       =======================================;
                      313  


entrada-salida.asm     Assembled with CASM08Z  28/08/2013  1:04:41  PAGE 8



                      314  demora_qy:
 EE58 [02] AEFF       315                ldx    #$FF
                      316  dem_2:
 EE5A [02] A6FF       317                lda    #$FF
                      318  dem_1:
 EE5C [01] 4A         319                deca
 EE5D [03] 26FD       320                   bne dem_1
 EE5F [01] 5A         321                   decx
 EE60 [03] 26F8       322                   bne dem_2
 EE62 [04] 81         323                   rts
                      324  
                      325  demora_1000ms:
 EE63 [05] CDEE58     326                jsr    demora_qy
 EE66 [05] CDEE58     327                   jsr demora_qy
 EE69 [05] CDEE58     328                   jsr demora_qy
 EE6C [05] CDEE58     329                   jsr demora_qy
 EE6F [05] CDEE58     330                   jsr demora_qy
 EE72 [05] CDEE58     331                   jsr demora_qy
 EE75 [04] 81         332                   rts
                      333  adc_isr:
 EE76 [01] 9D         334                  nop
 EE77 [07] 80         335                  rti
                      336  
                      337  keyb_isr:
 EE78 [01] 9D         338                  nop
 EE79 [07] 80         339                  rti
                      340  
                      341  tim1_ov_isr:
 EE7A [01] 9D         342                  nop
 EE7B [07] 80         343                  rti
                      344  
                      345  tim1_0_isr:
 EE7C [01] 9D         346                  nop
 EE7D [07] 80         347                  rti
                      348  
                      349  tim1_1_isr:
 EE7E [01] 9D         350                  nop
 EE7F [07] 80         351                  rti
                      352  
                      353  irq_isr:
 EE80 [01] 9D         354                  nop
 EE81 [07] 80         355                  rti
                      356  swi_isr:
 EE82 [01] 9D         357                  nop
 EE83 [07] 80         358                  rti
                      359  
                      360  dummy_isr:
 EE84 [01] 9D         361                  nop
 EE85 [07] 80         362                  rti
                      363  
 FFD0                 364                  org  VECTORES
 FFD0      EE76       365       fdb     adc_isr         ; ADC Vector
 FFD2      EE78       366       fdb     keyb_isr        ; KEYBOARD Vector
                      367  
 FFF2                 368       org     $FFF2
 FFF2      EE7A       369       fdb     tim1_ov_isr     ; TIM1 Overflow Vector
 FFF4      EE7E       370       fdb     tim1_1_isr      ; TIM1 Channel 1 Vector
 FFF6      EE7C       371       fdb     tim1_0_isr      ; TIM1 Channel 0 Vector


entrada-salida.asm     Assembled with CASM08Z  28/08/2013  1:04:41  PAGE 9



                      372  
 FFFA                 373       org     $FFFA
 FFFA      EE80       374       fdb     irq_isr         ; IRQ1  Vector
 FFFC      EE82       375       fdb     swi_isr         ; SWI Vector
 FFFE      EE00       376       fdb     Start           ; Reset
                      377  
                      378  
                      379  end
                      380   

 Symbol Table 

ACK              0002
ACKK             0002
ADCO             0005
ADC_ISR          EE76
ADICLK           003F
ADRH             003D
ADRL             003E
ADSCR            003C
AIEN             0006
APA1             EE54
BCFE             0007
BDCOP            0000
BFCR             FE03
BRKAR            FE02
BRKH             FE09
BRKL             FE0A
BRKSCR           FE0B
BSR              FE00
CH0F             0007
CH0IE            0006
CH0MAX           0000
CH1F             0007
CH1IE            0006
CH1MAX           0000
COCO             0007
CODIGO           EE41
CONFIG1          001F
CONFIG2          001E
COP              0005
COPCTL           FFFF
DDRA             0004
DDRB             0005
DELNUS           280C
DEMORA_1000MS    EE63
DEMORA_QY        EE58
DEM_1            EE5C
DEM_2            EE5A
DUMMY_ISR        EE84
ECFS0            0002
ECFS1            0003
ECGON            0001
ECGST            0000
ELS0A            0002
ELS0B            0003
ELS1A            0002
ELS1B            0003


entrada-salida.asm     Assembled with CASM08Z  28/08/2013  1:04:41  PAGE 10



ENC1             EE50
END              0000
ENTRADA1         EE48
ERARNGE          2806
FLASH_INI        EE00
FLBPR            FFBE
FLCR             FE08
GETBYTE          2800
ICFS0            0004
ICFS1            0005
ILAD             0003
ILOP             0004
IMASK            0001
IMASKK           0001
INT1             FE04
INT2             FE05
INT3             FE06
INTSCR           001D
IN_1             0007
IN_2             0006
IN_3             0005
IN_4             0004
IOSCTRM          FFC0
IRQF             0003
IRQ_ISR          EE80
KBIER            001B
KBSCR            001A
KEYB_ISR         EE78
KEYF             0003
LVI              0001
LVISR            FE0C
MODE             0000
MODEK            0000
MODRST           0002
MS0A             0004
MS0B             0005
MS1A             0004
MS1B             0005
OSCOPT0          0006
OSCOPT1          0007
OSCSC            0036
OSCSTAT          0036
OSCTRIM          0038
OUT_1            0000
OUT_2            0001
OUT_3            0002
OUT_4            0003
PIN              0006
POR              0007
PORTA            0000
PORTB            0001
PRGRNGE          2809
PTA              0000
PTAPUE           000B
PTB              0001
PTBPUE           000C
RAM_INI          0080
RDVRRNG          2803


entrada-salida.asm     Assembled with CASM08Z  28/08/2013  1:04:41  PAGE 11



SBSW             0001
SRSR             FE01
START            EE00
START_00         EE32
SWI_ISR          EE82
TCH0H            0026
TCH0L            0027
TCH1H            0029
TCH1L            002A
TCNTH            0021
TCNTL            0022
TIM1_0_ISR       EE7C
TIM1_1_ISR       EE7E
TIM1_OV_ISR      EE7A
TMODH            0023
TMODL            0024
TOF              0007
TOIE             0006
TOV0             0001
TOV1             0001
TRST             0004
TSC              0020
TSC0             0025
TSC1             0028
TSTOP            0005
VECTORES         FFD0
