
Prender un led.asm     Assembled with CASM08Z  11/23/2012  10:46:07 PM  PAGE 1



 0000                   1  RAM_INI         EQU     $0080   ; DONDE COMIENZA LA 
                                                                    MEMORIA RAM
 0000                   2  FLASH_INI       EQU     $EE00   ; DONDE COMIENZA LA 
                                                                  MEMORIA FLASH
 0000                   3  VECTORES        EQU     $FFD0   ; Comienzo de 
                                                                       vectores
                        4  
 0000                   5  $base 10t                       ; Base decimal por 
                                                                        default
 0000                   6  $Include 'QTQY_Registers.inc'
                        7  ;***************************************************
                                                    ***************************
                        8  ;                    QTQY_REGISTERS.INC - ARCHIVO 
                                                                        INCLUDE
                        9  ; Contiene las Definiciones de los Registros del 
                                                       MC68HC908QTA/QYA/8/4/2/1
                       10  ;
                       11  ;                    SyHDe - Soft y Hard Desarrollos
                       12  ;***************************************************
                                                    ***************************
                       13  
                       14  ;***************************************************
                                                    ***************************
                       15  ;---------------REGISTROS DE PUERTOS ENT/SAL--------
                                                    ---------------------------
                       16  ;---------------PUERTO A----------------------------
                                                    ---------------------------
 0000                  17  PTA  EQU     $0000   ; Port A Data register
 0000                  18  PORTA        EQU     $0000   ; "
 0000                  19  DDRA EQU     $0004   ; Port A Data Direction 
                                                                       Register
 0000                  20  PTAPUE  EQU  $000B   ; Port A Pull Ups Enable
                       21  
                       22  ;---------------PUERTO B----------------------------
                                                    ---------------------------
 0000                  23  PTB  EQU     $0001   ; Port B Data register
 0000                  24  PORTB        EQU     $0001   ; "
 0000                  25  DDRB EQU     $0005   ; Port B Data Direction 
                                                                       Register
 0000                  26  PTBPUE  EQU  $000C   ; Port B Pull Ups Enable
                       27  
                       28  ;***************************************************
                                                    ***************************
                       29  ;---------------REGISTROS DEL MODULO KEYBOARD-------
                                                    ---------------------------
 0000                  30  KBSCR        EQU     $001A   ; Keyboard Status & 
                                                               Control register
 0000                  31  keyf equ     3       ;
 0000                  32  ackk equ     2       ;
 0000                  33  imaskk       equ     1       ;
 0000                  34  modek        equ     0       ;
                       35  
 0000                  36  KBIER        EQU     $001B   ; Keyboard interrupt 
                                                                enable register
                       37  
                       38  ;***************************************************
                                                    ***************************
                       39  ;---------------REGISTROS DE INTERRUPCION EXTERNA 


Prender un led.asm     Assembled with CASM08Z  11/23/2012  10:46:07 PM  PAGE 2



                                                  1----------------------------
 0000                  40  INTSCR       EQU     $001D   ; IRQ Status & Control 
                                                                       Register
 0000                  41  irqf equ     3       ;
 0000                  42  ack  equ     2       ;
 0000                  43  imask        equ     1       ;
 0000                  44  mode equ     0       ;
                       45  
                       46  ;***************************************************
                                                    ***************************
                       47  ;---------------REGISTROS DE CONFIGURACION----------
                                                    ---------------------------
 0000                  48  CONFIG1      EQU     $001F   ; Configuration 
                                                                     Register 1
                       49  
 0000                  50  CONFIG2      EQU     $001E   ; Configuration 
                                                                     Register 2
                       51  
                       52  ;***************************************************
                                                    ***************************
                       53  ;---------------REGISTROS DEL TIMER ----------------
                                                    ---------------------------
 0000                  54  TSC  EQU     $0020   ; Timer Status & Control 
                                                                       Register
 0000                  55  tof  equ     7       ;
 0000                  56  toie equ     6       ;
 0000                  57  tstop        equ     5       ;
 0000                  58  trst equ     4       ;
                       59  
 0000                  60  TCNTH        EQU     $0021   ; Timer Counter 
                                                                  Register High
 0000                  61  TCNTL        EQU     $0022   ; Timer Counter 
                                                                   Register Low
 0000                  62  TMODH        EQU     $0023   ; Timer Counter Modulo 
                                                                  Register High
 0000                  63  TMODL        EQU     $0024   ; Timer Counter Modulo 
                                                                   Register Low
                       64  
 0000                  65  TSC0 EQU     $0025   ; Timer Channel 0 Status & 
                                                               Control Register
 0000                  66  ch0f equ     7
 0000                  67  ch0ie        equ     6       ;
 0000                  68  ms0b equ     5       ;
 0000                  69  ms0a equ     4       ;
 0000                  70  els0b        equ     3       ;
 0000                  71  els0a        equ     2       ;
 0000                  72  tov0 equ     1       ;
 0000                  73  ch0max       equ     0       ;
                       74  
 0000                  75  TCH0H        EQU     $0026   ; Timer Channel 0 
                                                                  Register High
 0000                  76  TCH0L        EQU     $0027   ; Timer Channel 0 
                                                                   Register Low
                       77  
 0000                  78  TSC1 EQU     $0028   ; Timer Channel 1 Status & 
                                                               Control Register
 0000                  79  ch1f equ     7
 0000                  80  ch1ie        equ     6       ;


Prender un led.asm     Assembled with CASM08Z  11/23/2012  10:46:07 PM  PAGE 3



 0000                  81  ms1b equ     5       ;
 0000                  82  ms1a equ     4       ;
 0000                  83  els1b        equ     3       ;
 0000                  84  els1a        equ     2       ;
 0000                  85  tov1 equ     1       ;
 0000                  86  ch1max       equ     0       ;
                       87  
 0000                  88  TCH1H        EQU     $0029   ; Timer Channel 1 
                                                                  Register High
 0000                  89  TCH1L        EQU     $002A   ; Timer Channel 1 
                                                                   Register Low
                       90  
                       91  ;***************************************************
                                                    ***************************
                       92  ;---------------REGISTROS DEL OSCILADOR-------------
                                                    ---------------------------
 0000                  93  OSCSC        EQU     $0036   ;Oscillator Status and 
                                                               Control Register
 0000                  94  ecgst        equ     0       ;Read Only!!!!
 0000                  95  ecgon        equ     1       ;
 0000                  96  ecfs0        equ     2       ;
 0000                  97  ecfs1        equ     3       ;
 0000                  98  icfs0        equ     4       ;
 0000                  99  icfs1        equ     5       ;
 0000                 100  oscopt0      equ     6       ;
 0000                 101  oscopt1      equ     7       ;
                      102  
 0000                 103  OSCTRIM      EQU     $0038   ;Oscillator Trim 
                                                                       Register
                      104  
 0000                 105  OSCSTAT EQU  $0036   ;Oscillator Status and Control 
                                                         (No Vers A Solo QY/QT)
                      106  
                      107  ;***************************************************
                                                    ***************************
                      108  ;---------------REGISTROS DEL ADC-------------------
                                                    ---------------------------
 0000                 109  ADSCR        EQU     $003C   ; ADC Status & Control 
                                                                       Register
 0000                 110  coco equ     7       ;
 0000                 111  aien equ     6       ;
 0000                 112  adco equ     5       ;
                      113  
 0000                 114  ADRH EQU     $003D   ; ADC10 Data Register High
 0000                 115  ADRL EQU     $003E   ; ADC10 Data Register Low
 0000                 116  ADICLK       EQU     $003F   ; ADC10 Clock Control 
                                                                       Register
                      117  
                      118  ;***************************************************
                                                    ***************************
                      119  ;---------------REGISTROS DEL MODULO SIM------------
                                                    ---------------------------
 0000                 120  BSR  EQU     $FE00   ; Break Status Register
 0000                 121  sbsw equ     1       ; break wait bit
                      122  
 0000                 123  SRSR EQU     $FE01   ; SIM Reset Status Register
 0000                 124  por  equ     7       ;
 0000                 125  pin  equ     6       ;


Prender un led.asm     Assembled with CASM08Z  11/23/2012  10:46:07 PM  PAGE 4



 0000                 126  cop  equ     5       ;
 0000                 127  ilop equ     4       ;
 0000                 128  ilad equ     3       ;
 0000                 129  modrst       equ     2       ;
 0000                 130  lvi  equ     1       ;
                      131  
 0000                 132  BRKAR        EQU     $FE02   ; Break Auxiliary 
                                                                       Register
 0000                 133  bdcop        equ     0
                      134  
 0000                 135  BFCR EQU     $FE03   ; Break Flag Control Register
 0000                 136  bcfe equ     7       ;
                      137  
 0000                 138  INT1 EQU     $FE04   ; Interrupt Status Register 1
                      139  
 0000                 140  INT2 EQU     $FE05   ; Interrupt Status Register 2
                      141  
 0000                 142  INT3 EQU     $FE06   ; Interrupt Status Register 3
                      143  
                      144  ;***************************************************
                                                    ***************************
                      145  ;---------------REGISTROS DE LA MEMORIA FLASH-------
                                                    ---------------------------
 0000                 146  FLCR EQU     $FE08   ; FLASH Control Register
                      147  
 0000                 148  FLBPR        EQU     $FFBE   ; FLASH Block Protect
                      149  
                      150  ;***************************************************
                                                    ***************************
                      151  ;---------------REGISTROS DEL MODULO BREAK----------
                                                     --------------------------
 0000                 152  BRKH EQU     $FE09   ; Break address Hig Register
                      153  
 0000                 154  BRKL EQU     $FE0A   ; Break Address Low Register
                      155  
 0000                 156  BRKSCR       EQU     $FE0B   ; Break Status & 
                                                               Control Register
                      157  
                      158  ;***************************************************
                                                    ***************************
                      159  ;---------------REGISTROS DEL MODULO LVI------------
                                                    ---------------------------
 0000                 160  LVISR        EQU     $FE0C   ; LVI Status Register
                      161  
                      162  ;***************************************************
                                                    ***************************
                      163  ;---------------REGISTROS DEL MODULO OSCILLATOR-----
                                                    ---------------------------
 0000                 164  IOSCTRM EQU  $FFC0   ; Internal Oscillator Trim 
                                                  (Factory Prog Value Optional)
                      165  
                      166  ;***************************************************
                                                    ***************************
                      167  ;---------------REGISTROS DEL MODULO COP WATCHDOG---
                                                    ---------------------------
 0000                 168  COPCTL       EQU     $FFFF   ; COP Control Register
                      169  
                      170  ;***************************************************


Prender un led.asm     Assembled with CASM08Z  11/23/2012  10:46:07 PM  PAGE 5



                                                    ***************************
                      171  ;***************************************************
                                                    ***************************
                      172  ; RUTINAS DE MANEJO DE LA MEMORIA FLASH SITUADAS EN 
                                                    LA ROM MONITOR (HC908QTQYx)
                      173  ;***************************************************
                                                    ***************************
                      174  
 0000                 175  PRGRNGE              EQU     $2809   ;Programa un 
                                                  rango de direcciones de Flash
 0000                 176  ERARNGE              EQU     $2806   ;Borra una 
                                                        pagina de Memoria Flash
 0000                 177  GETBYTE              EQU     $2800   ;Recibe un 
                                              Byte en Modo Monitordesde el Port
 0000                 178  RDVRRNG              EQU     $2803   ;Usa un Rango 
                                               de la Flash y lo envia x el Port
 0000                 179  DELNUS               EQU     $280C   ;Rutina de 
                                                  Demora (usa parametros[A][X])
                      180  
                      181  ;***************************************************
                                                    ***************************
                      182  ;       SyHDe - Soft y Hard Desarrollos, 2000  - 
                                                          Derechos Reservados -
                      183  ; Ud.uede usar este archivo gratuitamente mientras 
                                                     incluya este pie de pagina
                      184  ;***************************************************
                                                    ***************************
                      185  
                      186  
 EE00                 187          org     FLASH_INI
                      188  start:
 EE00 [01] 9C         189          rsp                     ; reseteo stack 
                                                                        pointer
 EE01 [01] 4F         190          clra                    ; Limpio registros
 EE02 [01] 8C         191          clrh
 EE03 [01] 5F         192          clrx
 EE04 [02] 9B         193          sei                     ; deshabilito 
                                           instrucciones porque no uso pulsador
                      194  
 EE05 [04] 6E801E     195          mov     #%10000000,CONFIG2      ;configuro 
                                            el registro config2 mirar datasheet
 EE08 [04] 6E091F     196          mov     #%00001001,CONFIG1      ;deshabilito
                                                 el cop y el lvi trabaja con 5v
 EE0B [01] 9D         197          nop
                      198          
 EE0C [04] 6EFF05     199          mov     #%11111111,DDRB         ; todos los 
                                                 pines del puerto B como salida
 EE0F [04] 6EFF01     200          mov     #%11111111,PORTB        ; por el 
                                                        pin del puerto B sale 1
                      201          
                      202          
                      203  start_00:
                      204           
 EE12 [04] 1101       205          bclr            0,PORTB         ; pongo 0 
                                                              en todos los pin 
                      206  
                      207  demora:
 EE14 [02] AEFF       208          ldx             #$FF            ;cargo con 


Prender un led.asm     Assembled with CASM08Z  11/23/2012  10:46:07 PM  PAGE 6



                               todo 1 los bits del reg X. El ciclo de maq es[2]
                      209  
                      210  delay_2:
 EE16 [02] A6FF       211          lda             #$FF            ;cargo con 
                              todo 1 los bits del reg A.  El ciclo de maq es[2]
                      212  
                      213  
                      214  delay_1:
 EE18 [01] 4A         215          deca                            ; [1] 
                                                                     Decrece A.
 EE19 [03] 26FD       216          bne             delay_1         ; [3] 
                             Branch si... compara con algo y salta si no es 
                                                                         igual.
 EE1B [01] 5A         217          decx                            ; [1] 
                                                                     Decrece X.
 EE1C [03] 26F8       218          bne             delay_2         ; [3] 
                      219          
 EE1E [04] 1001       220          bset            0,PORTB         ; Para 
                                                                  apagar el led
 EE20 [03] 20F0       221          bra             start_00        ; Sirve 
                                                      para saltar a la etiqueta
                      222          
                      223  end
                      224                        
                      225  
                      226  
                      227  
                      228  
                      229  
                      230  
                      231  
                      232  
                      233   

 Symbol Table 

ACK              0002
ACKK             0002
ADCO             0005
ADICLK           003F
ADRH             003D
ADRL             003E
ADSCR            003C
AIEN             0006
BCFE             0007
BDCOP            0000
BFCR             FE03
BRKAR            FE02
BRKH             FE09
BRKL             FE0A
BRKSCR           FE0B
BSR              FE00
CH0F             0007
CH0IE            0006
CH0MAX           0000
CH1F             0007
CH1IE            0006
CH1MAX           0000


Prender un led.asm     Assembled with CASM08Z  11/23/2012  10:46:07 PM  PAGE 7



COCO             0007
CONFIG1          001F
CONFIG2          001E
COP              0005
COPCTL           FFFF
DDRA             0004
DDRB             0005
DELAY_1          EE18
DELAY_2          EE16
DELNUS           280C
DEMORA           EE14
ECFS0            0002
ECFS1            0003
ECGON            0001
ECGST            0000
ELS0A            0002
ELS0B            0003
ELS1A            0002
ELS1B            0003
END              EE22
ERARNGE          2806
FLASH_INI        EE00
FLBPR            FFBE
FLCR             FE08
GETBYTE          2800
ICFS0            0004
ICFS1            0005
ILAD             0003
ILOP             0004
IMASK            0001
IMASKK           0001
INT1             FE04
INT2             FE05
INT3             FE06
INTSCR           001D
IOSCTRM          FFC0
IRQF             0003
KBIER            001B
KBSCR            001A
KEYF             0003
LVI              0001
LVISR            FE0C
MODE             0000
MODEK            0000
MODRST           0002
MS0A             0004
MS0B             0005
MS1A             0004
MS1B             0005
OSCOPT0          0006
OSCOPT1          0007
OSCSC            0036
OSCSTAT          0036
OSCTRIM          0038
PIN              0006
POR              0007
PORTA            0000
PORTB            0001


Prender un led.asm     Assembled with CASM08Z  11/23/2012  10:46:07 PM  PAGE 8



PRGRNGE          2809
PTA              0000
PTAPUE           000B
PTB              0001
PTBPUE           000C
RAM_INI          0080
RDVRRNG          2803
SBSW             0001
SRSR             FE01
START            EE00
START_00         EE12
TCH0H            0026
TCH0L            0027
TCH1H            0029
TCH1L            002A
TCNTH            0021
TCNTL            0022
TMODH            0023
TMODL            0024
TOF              0007
TOIE             0006
TOV0             0001
TOV1             0001
TRST             0004
TSC              0020
TSC0             0025
TSC1             0028
TSTOP            0005
VECTORES         FFD0
