
prueba.asm             Assembled with CASM08Z  19/03/2014  09:36:12 p.m.  PAGE 
                                                                              1



 0000                   1  RAM_INI         EQU     $0080
 0000                   2  FLASH_INI       EQU     $EE00
 0000                   3  VECTORES        EQU     $FFDE
 0000                   4  IN_1            EQU     7
 0000                   5  IN_2            EQU     6
 0000                   6  IN_3            EQU     5
 0000                   7  IN_4            EQU     4
 0000                   8  OUT_1           EQU     0
 0000                   9  OUT_2           EQU     1
 0000                  10  OUT_3           EQU     2
 0000                  11  OUT_4           EQU     3
                       12  
 0000                  13  $base      10t
 0000                  14  $include   'QTQY_Registers.inc'
                       15  ;***************************************************
                                                    ***************************
                       16  ;                    QTQY_REGISTERS.INC - ARCHIVO 
                                                                        INCLUDE
                       17  ; Contiene las Definiciones de los Registros del 
                                                       MC68HC908QTA/QYA/8/4/2/1
                       18  ;
                       19  ;                    SyHDe - Soft y Hard Desarrollos
                       20  ;***************************************************
                                                    ***************************
                       21  
                       22  ;***************************************************
                                                    ***************************
                       23  ;---------------REGISTROS DE PUERTOS ENT/SAL--------
                                                    ---------------------------
                       24  ;---------------PUERTO A----------------------------
                                                    ---------------------------
 0000                  25  PTA  EQU     $0000   ; Port A Data register
 0000                  26  PORTA        EQU     $0000   ; "
 0000                  27  DDRA EQU     $0004   ; Port A Data Direction 
                                                                       Register
 0000                  28  PTAPUE  EQU  $000B   ; Port A Pull Ups Enable
                       29  
                       30  ;---------------PUERTO B----------------------------
                                                    ---------------------------
 0000                  31  PTB  EQU     $0001   ; Port B Data register
 0000                  32  PORTB        EQU     $0001   ; "
 0000                  33  DDRB EQU     $0005   ; Port B Data Direction 
                                                                       Register
 0000                  34  PTBPUE  EQU  $000C   ; Port B Pull Ups Enable
                       35  
                       36  ;***************************************************
                                                    ***************************
                       37  ;---------------REGISTROS DEL MODULO KEYBOARD-------
                                                    ---------------------------
 0000                  38  KBSCR        EQU     $001A   ; Keyboard Status & 
                                                               Control register
 0000                  39  keyf equ     3       ;
 0000                  40  ackk equ     2       ;
 0000                  41  imaskk       equ     1       ;
 0000                  42  modek        equ     0       ;
                       43  
 0000                  44  KBIER        EQU     $001B   ; Keyboard interrupt 


prueba.asm             Assembled with CASM08Z  19/03/2014  09:36:12 p.m.  PAGE 2



                                                                enable register
                       45  
                       46  ;***************************************************
                                                    ***************************
                       47  ;---------------REGISTROS DE INTERRUPCION EXTERNA 
                                                  1----------------------------
 0000                  48  INTSCR       EQU     $001D   ; IRQ Status & Control 
                                                                       Register
 0000                  49  irqf equ     3       ;
 0000                  50  ack  equ     2       ;
 0000                  51  imask        equ     1       ;
 0000                  52  mode equ     0       ;
                       53  
                       54  ;***************************************************
                                                    ***************************
                       55  ;---------------REGISTROS DE CONFIGURACION----------
                                                    ---------------------------
 0000                  56  CONFIG1      EQU     $001F   ; Configuration 
                                                                     Register 1
                       57  
 0000                  58  CONFIG2      EQU     $001E   ; Configuration 
                                                                     Register 2
                       59  
                       60  ;***************************************************
                                                    ***************************
                       61  ;---------------REGISTROS DEL TIMER ----------------
                                                    ---------------------------
 0000                  62  TSC  EQU     $0020   ; Timer Status & Control 
                                                                       Register
 0000                  63  tof  equ     7       ;
 0000                  64  toie equ     6       ;
 0000                  65  tstop        equ     5       ;
 0000                  66  trst equ     4       ;
                       67  
 0000                  68  TCNTH        EQU     $0021   ; Timer Counter 
                                                                  Register High
 0000                  69  TCNTL        EQU     $0022   ; Timer Counter 
                                                                   Register Low
 0000                  70  TMODH        EQU     $0023   ; Timer Counter Modulo 
                                                                  Register High
 0000                  71  TMODL        EQU     $0024   ; Timer Counter Modulo 
                                                                   Register Low
                       72  
 0000                  73  TSC0 EQU     $0025   ; Timer Channel 0 Status & 
                                                               Control Register
 0000                  74  ch0f equ     7
 0000                  75  ch0ie        equ     6       ;
 0000                  76  ms0b equ     5       ;
 0000                  77  ms0a equ     4       ;
 0000                  78  els0b        equ     3       ;
 0000                  79  els0a        equ     2       ;
 0000                  80  tov0 equ     1       ;
 0000                  81  ch0max       equ     0       ;
                       82  
 0000                  83  TCH0H        EQU     $0026   ; Timer Channel 0 
                                                                  Register High
 0000                  84  TCH0L        EQU     $0027   ; Timer Channel 0 
                                                                   Register Low


prueba.asm             Assembled with CASM08Z  19/03/2014  09:36:12 p.m.  PAGE 3



                       85  
 0000                  86  TSC1 EQU     $0028   ; Timer Channel 1 Status & 
                                                               Control Register
 0000                  87  ch1f equ     7
 0000                  88  ch1ie        equ     6       ;
 0000                  89  ms1b equ     5       ;
 0000                  90  ms1a equ     4       ;
 0000                  91  els1b        equ     3       ;
 0000                  92  els1a        equ     2       ;
 0000                  93  tov1 equ     1       ;
 0000                  94  ch1max       equ     0       ;
                       95  
 0000                  96  TCH1H        EQU     $0029   ; Timer Channel 1 
                                                                  Register High
 0000                  97  TCH1L        EQU     $002A   ; Timer Channel 1 
                                                                   Register Low
                       98  
                       99  ;***************************************************
                                                    ***************************
                      100  ;---------------REGISTROS DEL OSCILADOR-------------
                                                    ---------------------------
 0000                 101  OSCSC        EQU     $0036   ;Oscillator Status and 
                                                               Control Register
 0000                 102  ecgst        equ     0       ;Read Only!!!!
 0000                 103  ecgon        equ     1       ;
 0000                 104  ecfs0        equ     2       ;
 0000                 105  ecfs1        equ     3       ;
 0000                 106  icfs0        equ     4       ;
 0000                 107  icfs1        equ     5       ;
 0000                 108  oscopt0      equ     6       ;
 0000                 109  oscopt1      equ     7       ;
                      110  
 0000                 111  OSCTRIM      EQU     $0038   ;Oscillator Trim 
                                                                       Register
                      112  
 0000                 113  OSCSTAT EQU  $0036   ;Oscillator Status and Control 
                                                         (No Vers A Solo QY/QT)
                      114  
                      115  ;***************************************************
                                                    ***************************
                      116  ;---------------REGISTROS DEL ADC-------------------
                                                    ---------------------------
 0000                 117  ADSCR        EQU     $003C   ; ADC Status & Control 
                                                                       Register
 0000                 118  coco equ     7       ;
 0000                 119  aien equ     6       ;
 0000                 120  adco equ     5       ;
                      121  
 0000                 122  ADRH EQU     $003D   ; ADC10 Data Register High
 0000                 123  ADRL EQU     $003E   ; ADC10 Data Register Low
 0000                 124  ADICLK       EQU     $003F   ; ADC10 Clock Control 
                                                                       Register
                      125  
                      126  ;***************************************************
                                                    ***************************
                      127  ;---------------REGISTROS DEL MODULO SIM------------
                                                    ---------------------------
 0000                 128  BSR  EQU     $FE00   ; Break Status Register


prueba.asm             Assembled with CASM08Z  19/03/2014  09:36:12 p.m.  PAGE 4



 0000                 129  sbsw equ     1       ; break wait bit
                      130  
 0000                 131  SRSR EQU     $FE01   ; SIM Reset Status Register
 0000                 132  por  equ     7       ;
 0000                 133  pin  equ     6       ;
 0000                 134  cop  equ     5       ;
 0000                 135  ilop equ     4       ;
 0000                 136  ilad equ     3       ;
 0000                 137  modrst       equ     2       ;
 0000                 138  lvi  equ     1       ;
                      139  
 0000                 140  BRKAR        EQU     $FE02   ; Break Auxiliary 
                                                                       Register
 0000                 141  bdcop        equ     0
                      142  
 0000                 143  BFCR EQU     $FE03   ; Break Flag Control Register
 0000                 144  bcfe equ     7       ;
                      145  
 0000                 146  INT1 EQU     $FE04   ; Interrupt Status Register 1
                      147  
 0000                 148  INT2 EQU     $FE05   ; Interrupt Status Register 2
                      149  
 0000                 150  INT3 EQU     $FE06   ; Interrupt Status Register 3
                      151  
                      152  ;***************************************************
                                                    ***************************
                      153  ;---------------REGISTROS DE LA MEMORIA FLASH-------
                                                    ---------------------------
 0000                 154  FLCR EQU     $FE08   ; FLASH Control Register
                      155  
 0000                 156  FLBPR        EQU     $FFBE   ; FLASH Block Protect
                      157  
                      158  ;***************************************************
                                                    ***************************
                      159  ;---------------REGISTROS DEL MODULO BREAK----------
                                                     --------------------------
 0000                 160  BRKH EQU     $FE09   ; Break address Hig Register
                      161  
 0000                 162  BRKL EQU     $FE0A   ; Break Address Low Register
                      163  
 0000                 164  BRKSCR       EQU     $FE0B   ; Break Status & 
                                                               Control Register
                      165  
                      166  ;***************************************************
                                                    ***************************
                      167  ;---------------REGISTROS DEL MODULO LVI------------
                                                    ---------------------------
 0000                 168  LVISR        EQU     $FE0C   ; LVI Status Register
                      169  
                      170  ;***************************************************
                                                    ***************************
                      171  ;---------------REGISTROS DEL MODULO OSCILLATOR-----
                                                    ---------------------------
 0000                 172  IOSCTRM EQU  $FFC0   ; Internal Oscillator Trim 
                                                  (Factory Prog Value Optional)
                      173  
                      174  ;***************************************************
                                                    ***************************


prueba.asm             Assembled with CASM08Z  19/03/2014  09:36:12 p.m.  PAGE 5



                      175  ;---------------REGISTROS DEL MODULO COP WATCHDOG---
                                                    ---------------------------
 0000                 176  COPCTL       EQU     $FFFF   ; COP Control Register
                      177  
                      178  ;***************************************************
                                                    ***************************
                      179  ;***************************************************
                                                    ***************************
                      180  ; RUTINAS DE MANEJO DE LA MEMORIA FLASH SITUADAS EN 
                                                    LA ROM MONITOR (HC908QTQYx)
                      181  ;***************************************************
                                                    ***************************
                      182  
 0000                 183  PRGRNGE              EQU     $2809   ;Programa un 
                                                  rango de direcciones de Flash
 0000                 184  ERARNGE              EQU     $2806   ;Borra una 
                                                        pagina de Memoria Flash
 0000                 185  GETBYTE              EQU     $2800   ;Recibe un 
                                              Byte en Modo Monitordesde el Port
 0000                 186  RDVRRNG              EQU     $2803   ;Usa un Rango 
                                               de la Flash y lo envia x el Port
 0000                 187  DELNUS               EQU     $280C   ;Rutina de 
                                                  Demora (usa parametros[A][X])
                      188  
                      189  ;***************************************************
                                                    ***************************
                      190  ;       SyHDe - Soft y Hard Desarrollos, 2000  - 
                                                          Derechos Reservados -
                      191  ; Ud.uede usar este archivo gratuitamente mientras 
                                                     incluya este pie de pagina
                      192  ;***************************************************
                                                    ***************************
                      193  
                      194  
 EE00                 195                  org     FLASH_INI
                      196  start:
                      197  
 EE00 [01] 4F         198                  clra
 EE01 [01] 8C         199                  clrh
 EE02 [01] 5F         200                  clrx
 EE03 [01] 9C         201                  rsp
 EE04 [02] 9B         202                  sei
                      203  
 EE05 [04] 6E801E     204                  mov     #%10000000,CONFIG2
 EE08 [04] 6E0D1F     205                  mov     #%00001101,CONFIG1
 EE0B [01] 9D         206                  nop
 EE0C [01] 9D         207                  nop
 EE0D [01] 9D         208                  nop
                      209  
 EE0E [04] 6E2036     210                  mov  #%00100000,OSCSC
 EE11 [04] 6E8138     211               mov     #$81,OSCTRIM
                      212  
 EE14 [05] CDEE82     213                  jsr  demora_qy
 EE17 [05] CDEE82     214                  jsr  demora_qy
 EE1A [05] CDEE82     215                  jsr  demora_qy
 EE1D [05] CDEE82     216                  jsr  demora_qy
 EE20 [05] CDEE82     217                  jsr  demora_qy
 EE23 [05] CDEE82     218                  jsr  demora_qy


prueba.asm             Assembled with CASM08Z  19/03/2014  09:36:12 p.m.  PAGE 6



                      219  
                      220  
 EE26 [04] 6E0F01     221                  mov     #%00001111,PORTB        ;
 EE29 [04] 6E0F05     222                  mov     #%00001111,DDRB         
                                       ;Configuro los pines de salida y entrada
 EE2C [04] 6EF00C     223                  mov     #%11110000,PTBPUE       ;
 EE2F [04] 6E0001     224                  mov     #%00000000,PORTB        ;
                      225  
                      226  
                      227  
                      228  start_00:
 EE32 [05] CDEE42     229                  jsr     entrada1                 
                                                     ;Salta a las sub-funciones
 EE35 [05] CDEE4A     230                  jsr     entrada2
 EE38 [05] CDEE52     231                  jsr     entrada3
 EE3B [05] CDEE5A     232                  jsr     entrada4
 EE3E [01] 9D         233                  nop
 EE3F [01] 9D         234                  nop
 EE40 [03] 20F0       235                  bra     start_00                
                      236  ;===================================================
                                       =======================================;
                      237  entrada1:
 EE42 [05] 0E011D     238                  brset IN_1,PORTB,enc1           ;Si 
                                           hay un 1 salta a la sub funcion enc1
 EE45 [01] 9D         239                  nop
 EE46 [05] 0F0129     240                  brclr IN_1,PORTB,apa1           ;Si 
                                           hay un 0 salta a la sub funcion apa1
 EE49 [04] 81         241                  rts
                      242  entrada2:
 EE4A [05] 0C0119     243                  brset IN_2,PORTB,enc2           ;Si 
                                           hay un 1 salta a la sub funcion enc2
 EE4D [01] 9D         244                  nop
 EE4E [05] 0D0125     245                  brclr IN_2,PORTB,apa2           ;Si 
                                           hay un 0 salta a la sub funcion apa2
 EE51 [04] 81         246                  rts
                      247  entrada3:
 EE52 [05] 0A0115     248                  brset IN_3,PORTB,enc3           ;Si 
                                           hay un 1 salta a la sub funcion enc3
 EE55 [01] 9D         249                  nop
 EE56 [05] 0B0121     250                  brclr IN_3,PORTB,apa3           ;Si 
                                           hay un 0 salta a la sub funcion apa3
 EE59 [04] 81         251                  rts
                      252  entrada4:
 EE5A [05] 080111     253                  brset IN_4,PORTB,enc4           ;Si 
                                           hay un 1 salta a la sub funcion enc4
 EE5D [01] 9D         254                  nop
 EE5E [05] 09011D     255                  brclr IN_4,PORTB,apa4           ;Si 
                                           hay un 0 salta a la sub funcion apa4
 EE61 [04] 81         256                  rts               
                      257  ;===================================================
                                       =======================================;
                      258  enc1:
 EE62 [04] 1001       259                  bset    OUT_1,PORTB             
                                                               ;Enciende el led
 EE64 [01] 9D         260                  nop
 EE65 [04] 81         261                  rts
                      262  enc2:
 EE66 [04] 1201       263                  bset    OUT_2,PORTB             


prueba.asm             Assembled with CASM08Z  19/03/2014  09:36:12 p.m.  PAGE 7



                                                               ;Enciende el led
 EE68 [01] 9D         264                  nop
 EE69 [04] 81         265                  rts
                      266  enc3:
 EE6A [04] 1401       267                  bset    OUT_3,PORTB             
                                                               ;Enciende el led
 EE6C [01] 9D         268                  nop
 EE6D [04] 81         269                  rts
                      270  enc4:
 EE6E [04] 1601       271                  bset    OUT_4,PORTB             
                                                               ;Enciende el led
 EE70 [01] 9D         272                  nop
 EE71 [04] 81         273                  rts
                      274  ;===================================================
                                       =======================================;
                      275  apa1:
 EE72 [04] 1101       276                  bclr    OUT_1,PORTB             
                                                                  ;Apaga el led
 EE74 [01] 9D         277                  nop
 EE75 [04] 81         278                  rts
                      279  apa2:
 EE76 [04] 1301       280                  bclr    OUT_2,PORTB             
                                                                  ;Apaga el led
 EE78 [01] 9D         281                  nop
 EE79 [04] 81         282                  rts
                      283  apa3:
 EE7A [04] 1501       284                  bclr    OUT_3,PORTB             
                                                                  ;Apaga el led
 EE7C [01] 9D         285                  nop
 EE7D [04] 81         286                  rts
                      287  apa4:
 EE7E [04] 1701       288                  bclr    OUT_4,PORTB             
                                                                  ;Apaga el led
 EE80 [01] 9D         289                  nop
 EE81 [04] 81         290                  rts
                      291  ;===================================================
                                       =======================================;
                      292  demora_qy:
 EE82 [02] AEFF       293                ldx    #$FF
                      294  dem_2:
 EE84 [02] A6FF       295                lda    #$FF
                      296  dem_1:
 EE86 [01] 4A         297                deca
 EE87 [03] 26FD       298                   bne dem_1
 EE89 [01] 5A         299                   decx
 EE8A [03] 26F8       300                   bne dem_2
 EE8C [04] 81         301                   rts
                      302  
                      303  demora_1000ms:
 EE8D [05] CDEE82     304                jsr    demora_qy
 EE90 [05] CDEE82     305                   jsr demora_qy
 EE93 [05] CDEE82     306                   jsr demora_qy
 EE96 [05] CDEE82     307                   jsr demora_qy
 EE99 [05] CDEE82     308                   jsr demora_qy
 EE9C [05] CDEE82     309                   jsr demora_qy
 EE9F [04] 81         310                   rts
                      311  adc_isr:
 EEA0 [01] 9D         312                  nop


prueba.asm             Assembled with CASM08Z  19/03/2014  09:36:12 p.m.  PAGE 8



 EEA1 [07] 80         313                  rti
                      314  
                      315  keyb_isr:
 EEA2 [01] 9D         316                  nop
 EEA3 [07] 80         317                  rti
                      318  
                      319  tim1_ov_isr:
 EEA4 [01] 9D         320                  nop
 EEA5 [07] 80         321                  rti
                      322  
                      323  tim1_0_isr:
 EEA6 [01] 9D         324                  nop
 EEA7 [07] 80         325                  rti
                      326  
                      327  tim1_1_isr:
 EEA8 [01] 9D         328                  nop
 EEA9 [07] 80         329                  rti
                      330  
                      331  irq_isr:
 EEAA [01] 9D         332                  nop
 EEAB [07] 80         333                  rti
                      334  swi_isr:
 EEAC [01] 9D         335                  nop
 EEAD [07] 80         336                  rti
                      337  
                      338  dummy_isr:
 EEAE [01] 9D         339                  nop
 EEAF [07] 80         340                  rti
                      341  
 FFBE                 342          org  FLBPR
 FFBE      FF         343          fcb  $ff
                      344  
 FFDE                 345          org  VECTORES
 FFDE      EEA0       346       fdb     adc_isr         ; ADC Vector
 FFE0      EEA2       347       fdb     keyb_isr        ; KEYBOARD Vector
                      348  
 FFF2                 349       org     $FFF2
 FFF2      EEA4       350       fdb     tim1_ov_isr     ; TIM1 Overflow Vector
 FFF4      EEA8       351       fdb     tim1_1_isr      ; TIM1 Channel 1 Vector
 FFF6      EEA6       352       fdb     tim1_0_isr      ; TIM1 Channel 0 Vector
                      353  
 FFFA                 354       org     $FFFA
 FFFA      EEAA       355       fdb     irq_isr         ; IRQ1  Vector
 FFFC      EEAC       356       fdb     swi_isr         ; SWI Vector
 FFFE      EE00       357       fdb     Start           ; Reset
                      358  
                      359  
                      360  end
                      361   

 Symbol Table 

ACK              0002
ACKK             0002
ADCO             0005
ADC_ISR          EEA0
ADICLK           003F
ADRH             003D


prueba.asm             Assembled with CASM08Z  19/03/2014  09:36:12 p.m.  PAGE 9



ADRL             003E
ADSCR            003C
AIEN             0006
APA1             EE72
APA2             EE76
APA3             EE7A
APA4             EE7E
BCFE             0007
BDCOP            0000
BFCR             FE03
BRKAR            FE02
BRKH             FE09
BRKL             FE0A
BRKSCR           FE0B
BSR              FE00
CH0F             0007
CH0IE            0006
CH0MAX           0000
CH1F             0007
CH1IE            0006
CH1MAX           0000
COCO             0007
CONFIG1          001F
CONFIG2          001E
COP              0005
COPCTL           FFFF
DDRA             0004
DDRB             0005
DELNUS           280C
DEMORA_1000MS    EE8D
DEMORA_QY        EE82
DEM_1            EE86
DEM_2            EE84
DUMMY_ISR        EEAE
ECFS0            0002
ECFS1            0003
ECGON            0001
ECGST            0000
ELS0A            0002
ELS0B            0003
ELS1A            0002
ELS1B            0003
ENC1             EE62
ENC2             EE66
ENC3             EE6A
ENC4             EE6E
END              0000
ENTRADA1         EE42
ENTRADA2         EE4A
ENTRADA3         EE52
ENTRADA4         EE5A
ERARNGE          2806
FLASH_INI        EE00
FLBPR            FFBE
FLCR             FE08
GETBYTE          2800
ICFS0            0004
ICFS1            0005


prueba.asm             Assembled with CASM08Z  19/03/2014  09:36:12 p.m.  PAGE 10



ILAD             0003
ILOP             0004
IMASK            0001
IMASKK           0001
INT1             FE04
INT2             FE05
INT3             FE06
INTSCR           001D
IN_1             0007
IN_2             0006
IN_3             0005
IN_4             0004
IOSCTRM          FFC0
IRQF             0003
IRQ_ISR          EEAA
KBIER            001B
KBSCR            001A
KEYB_ISR         EEA2
KEYF             0003
LVI              0001
LVISR            FE0C
MODE             0000
MODEK            0000
MODRST           0002
MS0A             0004
MS0B             0005
MS1A             0004
MS1B             0005
OSCOPT0          0006
OSCOPT1          0007
OSCSC            0036
OSCSTAT          0036
OSCTRIM          0038
OUT_1            0000
OUT_2            0001
OUT_3            0002
OUT_4            0003
PIN              0006
POR              0007
PORTA            0000
PORTB            0001
PRGRNGE          2809
PTA              0000
PTAPUE           000B
PTB              0001
PTBPUE           000C
RAM_INI          0080
RDVRRNG          2803
SBSW             0001
SRSR             FE01
START            EE00
START_00         EE32
SWI_ISR          EEAC
TCH0H            0026
TCH0L            0027
TCH1H            0029
TCH1L            002A
TCNTH            0021


prueba.asm             Assembled with CASM08Z  19/03/2014  09:36:12 p.m.  PAGE 11



TCNTL            0022
TIM1_0_ISR       EEA6
TIM1_1_ISR       EEA8
TIM1_OV_ISR      EEA4
TMODH            0023
TMODL            0024
TOF              0007
TOIE             0006
TOV0             0001
TOV1             0001
TRST             0004
TSC              0020
TSC0             0025
TSC1             0028
TSTOP            0005
VECTORES         FFDE
