
LCD OK.asm             Assembled with CASM08Z  22/03/2014  01:58:17 a.m.  PAGE 
                                                                              1



 0000                   1  RAM_START  EQU  $0080
 0000                   2  ROM_START  EQU  $EE00
 0000                   3  VECTORS    EQU  $FFDE
 0000                   4  E          EQU   0
 0000                   5  RWR        EQU   5
 0000                   6  RS         EQU   4
                        7  
 0000                   8  $BASE 10T
 0000                   9  $include   'QTQY_Registers.inc'
                       10  ;***************************************************
                                                    ***************************
                       11  ;                    QTQY_REGISTERS.INC - ARCHIVO 
                                                                        INCLUDE
                       12  ; Contiene las Definiciones de los Registros del 
                                                       MC68HC908QTA/QYA/8/4/2/1
                       13  ;
                       14  ;                    SyHDe - Soft y Hard Desarrollos
                       15  ;***************************************************
                                                    ***************************
                       16  
                       17  ;***************************************************
                                                    ***************************
                       18  ;---------------REGISTROS DE PUERTOS ENT/SAL--------
                                                    ---------------------------
                       19  ;---------------PUERTO A----------------------------
                                                    ---------------------------
 0000                  20  PTA  EQU     $0000   ; Port A Data register
 0000                  21  PORTA        EQU     $0000   ; "
 0000                  22  DDRA EQU     $0004   ; Port A Data Direction 
                                                                       Register
 0000                  23  PTAPUE  EQU  $000B   ; Port A Pull Ups Enable
                       24  
                       25  ;---------------PUERTO B----------------------------
                                                    ---------------------------
 0000                  26  PTB  EQU     $0001   ; Port B Data register
 0000                  27  PORTB        EQU     $0001   ; "
 0000                  28  DDRB EQU     $0005   ; Port B Data Direction 
                                                                       Register
 0000                  29  PTBPUE  EQU  $000C   ; Port B Pull Ups Enable
                       30  
                       31  ;***************************************************
                                                    ***************************
                       32  ;---------------REGISTROS DEL MODULO KEYBOARD-------
                                                    ---------------------------
 0000                  33  KBSCR        EQU     $001A   ; Keyboard Status & 
                                                               Control register
 0000                  34  keyf equ     3       ;
 0000                  35  ackk equ     2       ;
 0000                  36  imaskk       equ     1       ;
 0000                  37  modek        equ     0       ;
                       38  
 0000                  39  KBIER        EQU     $001B   ; Keyboard interrupt 
                                                                enable register
                       40  
                       41  ;***************************************************
                                                    ***************************
                       42  ;---------------REGISTROS DE INTERRUPCION EXTERNA 


LCD OK.asm             Assembled with CASM08Z  22/03/2014  01:58:17 a.m.  PAGE 2



                                                  1----------------------------
 0000                  43  INTSCR       EQU     $001D   ; IRQ Status & Control 
                                                                       Register
 0000                  44  irqf equ     3       ;
 0000                  45  ack  equ     2       ;
 0000                  46  imask        equ     1       ;
 0000                  47  mode equ     0       ;
                       48  
                       49  ;***************************************************
                                                    ***************************
                       50  ;---------------REGISTROS DE CONFIGURACION----------
                                                    ---------------------------
 0000                  51  CONFIG1      EQU     $001F   ; Configuration 
                                                                     Register 1
                       52  
 0000                  53  CONFIG2      EQU     $001E   ; Configuration 
                                                                     Register 2
                       54  
                       55  ;***************************************************
                                                    ***************************
                       56  ;---------------REGISTROS DEL TIMER ----------------
                                                    ---------------------------
 0000                  57  TSC  EQU     $0020   ; Timer Status & Control 
                                                                       Register
 0000                  58  tof  equ     7       ;
 0000                  59  toie equ     6       ;
 0000                  60  tstop        equ     5       ;
 0000                  61  trst equ     4       ;
                       62  
 0000                  63  TCNTH        EQU     $0021   ; Timer Counter 
                                                                  Register High
 0000                  64  TCNTL        EQU     $0022   ; Timer Counter 
                                                                   Register Low
 0000                  65  TMODH        EQU     $0023   ; Timer Counter Modulo 
                                                                  Register High
 0000                  66  TMODL        EQU     $0024   ; Timer Counter Modulo 
                                                                   Register Low
                       67  
 0000                  68  TSC0 EQU     $0025   ; Timer Channel 0 Status & 
                                                               Control Register
 0000                  69  ch0f equ     7
 0000                  70  ch0ie        equ     6       ;
 0000                  71  ms0b equ     5       ;
 0000                  72  ms0a equ     4       ;
 0000                  73  els0b        equ     3       ;
 0000                  74  els0a        equ     2       ;
 0000                  75  tov0 equ     1       ;
 0000                  76  ch0max       equ     0       ;
                       77  
 0000                  78  TCH0H        EQU     $0026   ; Timer Channel 0 
                                                                  Register High
 0000                  79  TCH0L        EQU     $0027   ; Timer Channel 0 
                                                                   Register Low
                       80  
 0000                  81  TSC1 EQU     $0028   ; Timer Channel 1 Status & 
                                                               Control Register
 0000                  82  ch1f equ     7
 0000                  83  ch1ie        equ     6       ;


LCD OK.asm             Assembled with CASM08Z  22/03/2014  01:58:17 a.m.  PAGE 3



 0000                  84  ms1b equ     5       ;
 0000                  85  ms1a equ     4       ;
 0000                  86  els1b        equ     3       ;
 0000                  87  els1a        equ     2       ;
 0000                  88  tov1 equ     1       ;
 0000                  89  ch1max       equ     0       ;
                       90  
 0000                  91  TCH1H        EQU     $0029   ; Timer Channel 1 
                                                                  Register High
 0000                  92  TCH1L        EQU     $002A   ; Timer Channel 1 
                                                                   Register Low
                       93  
                       94  ;***************************************************
                                                    ***************************
                       95  ;---------------REGISTROS DEL OSCILADOR-------------
                                                    ---------------------------
 0000                  96  OSCSC        EQU     $0036   ;Oscillator Status and 
                                                               Control Register
 0000                  97  ecgst        equ     0       ;Read Only!!!!
 0000                  98  ecgon        equ     1       ;
 0000                  99  ecfs0        equ     2       ;
 0000                 100  ecfs1        equ     3       ;
 0000                 101  icfs0        equ     4       ;
 0000                 102  icfs1        equ     5       ;
 0000                 103  oscopt0      equ     6       ;
 0000                 104  oscopt1      equ     7       ;
                      105  
 0000                 106  OSCTRIM      EQU     $0038   ;Oscillator Trim 
                                                                       Register
                      107  
 0000                 108  OSCSTAT EQU  $0036   ;Oscillator Status and Control 
                                                         (No Vers A Solo QY/QT)
                      109  
                      110  ;***************************************************
                                                    ***************************
                      111  ;---------------REGISTROS DEL ADC-------------------
                                                    ---------------------------
 0000                 112  ADSCR        EQU     $003C   ; ADC Status & Control 
                                                                       Register
 0000                 113  coco equ     7       ;
 0000                 114  aien equ     6       ;
 0000                 115  adco equ     5       ;
                      116  
 0000                 117  ADRH EQU     $003D   ; ADC10 Data Register High
 0000                 118  ADRL EQU     $003E   ; ADC10 Data Register Low
 0000                 119  ADICLK       EQU     $003F   ; ADC10 Clock Control 
                                                                       Register
                      120  
                      121  ;***************************************************
                                                    ***************************
                      122  ;---------------REGISTROS DEL MODULO SIM------------
                                                    ---------------------------
 0000                 123  BSR  EQU     $FE00   ; Break Status Register
 0000                 124  sbsw equ     1       ; break wait bit
                      125  
 0000                 126  SRSR EQU     $FE01   ; SIM Reset Status Register
 0000                 127  por  equ     7       ;
 0000                 128  pin  equ     6       ;


LCD OK.asm             Assembled with CASM08Z  22/03/2014  01:58:17 a.m.  PAGE 4



 0000                 129  cop  equ     5       ;
 0000                 130  ilop equ     4       ;
 0000                 131  ilad equ     3       ;
 0000                 132  modrst       equ     2       ;
 0000                 133  lvi  equ     1       ;
                      134  
 0000                 135  BRKAR        EQU     $FE02   ; Break Auxiliary 
                                                                       Register
 0000                 136  bdcop        equ     0
                      137  
 0000                 138  BFCR EQU     $FE03   ; Break Flag Control Register
 0000                 139  bcfe equ     7       ;
                      140  
 0000                 141  INT1 EQU     $FE04   ; Interrupt Status Register 1
                      142  
 0000                 143  INT2 EQU     $FE05   ; Interrupt Status Register 2
                      144  
 0000                 145  INT3 EQU     $FE06   ; Interrupt Status Register 3
                      146  
                      147  ;***************************************************
                                                    ***************************
                      148  ;---------------REGISTROS DE LA MEMORIA FLASH-------
                                                    ---------------------------
 0000                 149  FLCR EQU     $FE08   ; FLASH Control Register
                      150  
 0000                 151  FLBPR        EQU     $FFBE   ; FLASH Block Protect
                      152  
                      153  ;***************************************************
                                                    ***************************
                      154  ;---------------REGISTROS DEL MODULO BREAK----------
                                                     --------------------------
 0000                 155  BRKH EQU     $FE09   ; Break address Hig Register
                      156  
 0000                 157  BRKL EQU     $FE0A   ; Break Address Low Register
                      158  
 0000                 159  BRKSCR       EQU     $FE0B   ; Break Status & 
                                                               Control Register
                      160  
                      161  ;***************************************************
                                                    ***************************
                      162  ;---------------REGISTROS DEL MODULO LVI------------
                                                    ---------------------------
 0000                 163  LVISR        EQU     $FE0C   ; LVI Status Register
                      164  
                      165  ;***************************************************
                                                    ***************************
                      166  ;---------------REGISTROS DEL MODULO OSCILLATOR-----
                                                    ---------------------------
 0000                 167  IOSCTRM EQU  $FFC0   ; Internal Oscillator Trim 
                                                  (Factory Prog Value Optional)
                      168  
                      169  ;***************************************************
                                                    ***************************
                      170  ;---------------REGISTROS DEL MODULO COP WATCHDOG---
                                                    ---------------------------
 0000                 171  COPCTL       EQU     $FFFF   ; COP Control Register
                      172  
                      173  ;***************************************************


LCD OK.asm             Assembled with CASM08Z  22/03/2014  01:58:17 a.m.  PAGE 5



                                                    ***************************
                      174  ;***************************************************
                                                    ***************************
                      175  ; RUTINAS DE MANEJO DE LA MEMORIA FLASH SITUADAS EN 
                                                    LA ROM MONITOR (HC908QTQYx)
                      176  ;***************************************************
                                                    ***************************
                      177  
 0000                 178  PRGRNGE              EQU     $2809   ;Programa un 
                                                  rango de direcciones de Flash
 0000                 179  ERARNGE              EQU     $2806   ;Borra una 
                                                        pagina de Memoria Flash
 0000                 180  GETBYTE              EQU     $2800   ;Recibe un 
                                              Byte en Modo Monitordesde el Port
 0000                 181  RDVRRNG              EQU     $2803   ;Usa un Rango 
                                               de la Flash y lo envia x el Port
 0000                 182  DELNUS               EQU     $280C   ;Rutina de 
                                                  Demora (usa parametros[A][X])
                      183  
                      184  ;***************************************************
                                                    ***************************
                      185  ;       SyHDe - Soft y Hard Desarrollos, 2000  - 
                                                          Derechos Reservados -
                      186  ; Ud.uede usar este archivo gratuitamente mientras 
                                                     incluya este pie de pagina
                      187  ;***************************************************
                                                    ***************************
                      188  
                      189  
                      190  ***********VARIABLES DE RAM**********
 0080                 191             ORG  RAM_START
                      192  
                      193  ****************************************************
                             **************************************************
                                                           ********************
 EE00                 194             ORG  ROM_START
                      195  START:
 EE00 [03] 3F36       196             CLR  OSCSC        ; Oscilador interno a 
                                                                          4 MHz
 EE02 [01] 9C         197             RSP          ;INICIALIZACION DEL 
                                                               MICROCONTROLADOR
 EE03 [01] 4F         198             CLRA
 EE04 [01] 8C         199             CLRH
 EE05 [01] 5F         200             CLRX
 EE06 [01] 98         201             CLC
                      202  
 EE07 [04] 6E091F     203             MOV  #%00001001,CONFIG1   ;PROGRAMACION 
                                                                 DE LOS CONFIGS
 EE0A [01] 9D         204             NOP
 EE0B [01] 9D         205             NOP
 EE0C [04] 6E801E     206             MOV  #%10000000,CONFIG2
 EE0F [01] 9D         207             NOP
 EE10 [01] 9D         208             NOP
                      209  
 EE11 [04] 6EFF05     210             MOV  #$FF,DDRB             ;PUERTO B 
                                                               TODO COMO SALIDA
 EE14 [04] 6E3104     211             MOV  #%00110001,DDRA       ;PTA5, PTA4 Y 
                              PTA3 SON SALIIDAS. PTA2, PTA1 Y PTA0 SON ENTRADAS


LCD OK.asm             Assembled with CASM08Z  22/03/2014  01:58:17 a.m.  PAGE 6



                      212  
                      213  
 EE17 [03] 3F00       214             CLR  PTA
 EE19 [03] 3F01       215             CLR  PTB
 EE1B [05] CDEEB1     216             JSR  RETARDO
                      217  
                      218  
                      219  ****************************************************
                             **************************************************
                                                           ********************
                      220  INICIO_LCD:                           ;PREPARA AL 
                                                    MODULO LCD PARA MODO 8 BITS
 EE1E [02] A638       221             LDA  #%00111000
 EE20 [05] CDEE8B     222             JSR  ESCRIBE_IR
 EE23 [02] A60E       223             LDA  #%00001110
 EE25 [05] CDEE8B     224             JSR  ESCRIBE_IR
 EE28 [02] A601       225             LDA  #%00000001
 EE2A [05] CDEE8B     226             JSR  ESCRIBE_IR
 EE2D [02] A606       227             LDA  #%00000110
 EE2F [05] CDEE8B     228             JSR  ESCRIBE_IR
 EE32 [02] A640       229             LDA  #%01000000
 EE34 [05] CDEE8B     230             JSR  ESCRIBE_IR
 EE37 [02] A60C       231             LDA  #%00001100
 EE39 [05] CDEE8B     232             JSR  ESCRIBE_IR
                      233  ****************************************************
                             **************************************************
                                                           ********************
                      234  SALUDO:
 EE3C [02] A601       235             LDA  #$01                 ;CLEAR DISPLAY
 EE3E [05] CDEE8B     236             JSR  ESCRIBE_IR
 EE41 [02] A60C       237             LDA  #$0C                 ;DISPLAY ON
 EE43 [05] CDEE8B     238             JSR  ESCRIBE_IR
                      239  
 EE46 [02] A683       240             LDA  #%10000011           ;SET DDRAM 
                                     $03. Va a la posicion 3 de la primera fila
 EE48 [05] CDEE8B     241             JSR  ESCRIBE_IR
 EE4B [02] AE14       242             LDX  #$14
 EE4D [04] D6EECF     243             LDA  TABLA,X                ;a
 EE50 [05] CDEE9E     244             JSR  ESCRIBE_DR
 EE53 [02] AE1C       245             LDX  #$1C
 EE55 [04] D6EECF     246             LDA  TABLA,X                ;r
 EE58 [05] CDEE9E     247             JSR  ESCRIBE_DR
 EE5B [02] AE15       248             LDX  #$15
 EE5D [04] D6EECF     249             LDA  TABLA,X                ;c
 EE60 [05] CDEE9E     250             JSR  ESCRIBE_DR
 EE63 [02] AE14       251             LDX  #$14
 EE65 [04] D6EECF     252             LDA  TABLA,X                ;a
 EE68 [05] CDEE9E     253             JSR  ESCRIBE_DR
 EE6B [02] AE24       254             LDX  #$24
 EE6D [04] D6EECF     255             LDA  TABLA,X                ;ESPACIO
 EE70 [05] CDEE9E     256             JSR  ESCRIBE_DR
 EE73 [02] AE28       257             LDX  #$28
 EE75 [04] D6EECF     258             LDA  TABLA,X                ;n
 EE78 [05] CDEE9E     259             JSR  ESCRIBE_DR
 EE7B [02] AE1A       260             LDX  #$1A
 EE7D [04] D6EECF     261             LDA  TABLA,X                ;o
 EE80 [05] CDEE9E     262             JSR  ESCRIBE_DR
 EE83 [02] AE26       263             LDX  #$26


LCD OK.asm             Assembled with CASM08Z  22/03/2014  01:58:17 a.m.  PAGE 7



 EE85 [04] D6EECF     264             LDA  TABLA,X                ;e
 EE88 [05] CDEE9E     265             JSR  ESCRIBE_DR             ;termina 
                             siempre con este salto, sino borra la ultima letra
                      266  
                      267             ;JSR  RETARDO               ;Retardo 
                                         para dar tiempo a que se lea el nombre
                      268             ;JSR  RETARDO
                      269             ;JSR  RETARDO
                      270             ;JSR  RETARDO
                      271             ;JSR  RETARDO
                      272             ;JSR  RETARDO
                      273             ;JSR  RETARDO
                      274  ****************************************************
                             **************************************************
                                                           ********************
                      275             ;LDA  #$01         ;CLEAR DISPLAY
                      276             ;JSR  ESCRIBE_IR
                      277  ****************************************************
                             **************************************************
                                                           ********************
                      278  ESCRIBE_IR:                  ;SUBRUTINA QUE SIRVE 
                                      PARA MANDARLE INSTRUCCIONES AL MODULO LCD
 EE8B [04] 1900       279             BCLR  RS,PTA
 EE8D [04] 1B00       280             BCLR  RWR,PTA
 EE8F [04] 1000       281             BSET  E,PTA
 EE91 [03] B701       282             STA   PTB
 EE93 [05] CDEEC7     283             JSR   DEMORA100
 EE96 [04] 1100       284             BCLR  E,PTA
 EE98 [05] CDEEC7     285             JSR   DEMORA100
 EE9B [04] 1900       286             BCLR  RS,PTA
 EE9D [04] 81         287             RTS
                      288  ****************************************************
                             **************************************************
                                                           ********************
                      289  ESCRIBE_DR:                  ;SUBRUTINA QUE SIRVE 
                                 PARA MANDARLE DATOS (CARACTERES) AL MODULO LCD
 EE9E [04] 1800       290             BSET  RS,PTA
 EEA0 [04] 1B00       291             BCLR  RWR,PTA
 EEA2 [04] 1000       292             BSET  E,PTA
 EEA4 [03] B701       293             STA   PTB
 EEA6 [05] CDEEC7     294             JSR   DEMORA100
 EEA9 [04] 1100       295             BCLR  E,PTA
 EEAB [05] CDEEC7     296             JSR   DEMORA100
 EEAE [04] 1900       297             BCLR  RS,PTA
 EEB0 [04] 81         298             RTS
                      299  ****************************************************
                             **************************************************
                                                           ********************
                      300  RETARDO
 EEB1 [02] 87         301          PSHA
 EEB2 [02] 8B         302          PSHH
 EEB3 [02] 89         303          PSHX
 EEB4 [02] A6FF       304          LDA     #$FF
                      305  DELAY
 EEB6 [03] 4500EF     306          LDHX    #$00EF
                      307  LOOP1
 EEB9 [02] AFFF       308          AIX     #-1
 EEBB [03] 650000     309          CPHX    #0


LCD OK.asm             Assembled with CASM08Z  22/03/2014  01:58:17 a.m.  PAGE 8



 EEBE [03] 26F9       310          BNE     LOOP1
 EEC0 [01] 4A         311          DECA
 EEC1 [03] 26F3       312          BNE     DELAY
 EEC3 [02] 88         313          PULX
 EEC4 [02] 8A         314          PULH
 EEC5 [02] 86         315          PULA
 EEC6 [04] 81         316          RTS
                      317  ****************************************************
                             **************************************************
                                                           ********************
                      318  DEMORA100:                        ;RUTINA QUE 
                                                    GENERA UNA DEMORA DE APROX.
 EEC7 [02] 87         319             PSHA
 EEC8 [02] A6FF       320             LDA  #$FF
                      321  RESTA3:
 EECA [01] 4A         322             DECA
 EECB [03] 26FD       323             BNE  RESTA3
                      324  
 EECD [02] 86         325             PULA
 EECE [04] 81         326             RTS
                      327  ****************************************************
                             **************************************************
                                                           ********************
                      328  TABLA:                                ;TABLA EN 
                                  DONDE SE DEFINEN LOS CARACTERES QUE SE USARAN
 EECF      30         329             DB  %00110000;0 X = $00
 EED0      31         330             DB  %00110001;1 X = $01
 EED1      32         331             DB  %00110010;2 X = $02
 EED2      33         332             DB  %00110011;3 X = $03
 EED3      34         333             DB  %00110100;4 X = $04
 EED4      35         334             DB  %00110101;5 X = $05
 EED5      36         335             DB  %00110110;6 X = $06
 EED6      37         336             DB  %00110111;7 X = $07
 EED7      38         337             DB  %00111000;8 X = $08
 EED8      39         338             DB  %00111001;9 X = $09
 EED9      50         339             DB  %01010000;P X = $0A
 EEDA      52         340             DB  %01010010;R X = $0B
 EEDB      54         341             DB  %01010100;T X = $0C
 EEDC      55         342             DB  %01010101;U X = $0D
 EEDD      43         343             DB  %01000011;C X = $0E
 EEDE      45         344             DB  %01000101;E X = $0F
 EEDF      46         345             DB  %01000110;F X = $10
 EEE0      48         346             DB  %01001000;H X = $11
 EEE1      4C         347             DB  %01001100;L X = $12
 EEE2      4E         348             DB  %01001110;N X = $13
 EEE3      61         349             DB  %01100001;a X = $14
 EEE4      63         350             DB  %01100011;c X = $15
 EEE5      67         351             DB  %01100111;g X = $16
 EEE6      69         352             DB  %01101001;i X = $17
 EEE7      6A         353             DB  %01101010;j X = $18
 EEE8      6C         354             DB  %01101100;l X = $19
 EEE9      6F         355             DB  %01101111;o X = $1A
 EEEA      70         356             DB  %01110000;p X = $1B
 EEEB      72         357             DB  %01110010;r X = $1C
 EEEC      73         358             DB  %01110011;s X = $1D
 EEED      75         359             DB  %01110101;u X = $1E
 EEEE      2E         360             DB  %00101110;punto X = $1F
 EEEF      2C         361             DB  %00101100;coma X = $20


LCD OK.asm             Assembled with CASM08Z  22/03/2014  01:58:17 a.m.  PAGE 9



 EEF0      3F         362             DB  %00111111;pregunta X = $21
 EEF1      3D         363             DB  %00111101;igual X = $22
 EEF2      00         364             DB  %00000000; mu X=$23
 EEF3      20         365             DB  %00100000;ESPACIO X=$24
 EEF4      01         366             DB  %00000001; Yaz X=$25
 EEF5      65         367             DB  %01100101;e  X = $26
 EEF6      3A         368             DB  %00111010;dos puntos X = $27
 EEF7      6E         369             DB  %01101110;n  X = $28
 EEF8      42         370             DB  %01000010;B  X = $29
 EEF9      64         371             DB  %01100100;d  X = $2A
 EEFA      4A         372             DB  %01001010;J  X = $2B
 EEFB      76         373             DB  %01110110;v  X = $2C
                      374  ****************************************************
                             **************************************************
                                                           ********************
                      375  BOBO                       ;Rutina para los 
                                vectores no utilizados. Se pone "por las dudas"
 EEFC [01] 9D         376             NOP
 EEFD [07] 80         377             RTI
                      378  *************************************TABLA DE 
                             VECTORES******************************************
                                                      *************************
                      379  
 FFDE                 380             ORG  VECTORS
                      381  
 FFDE      EEFC       382             DW   BOBO  ;FFDE-FFDF
 FFE0      EEFC       383             DW   BOBO  ;FFE0-FFE1
 FFE2      EEFC       384             DW   BOBO  ;FFE2-FFE3
 FFE4      EEFC       385             DW   BOBO  ;FFE4-FFE5
 FFE6      EEFC       386             DW   BOBO  ;FFE6-FFE7
 FFE8      EEFC       387             DW   BOBO  ;FFE8-FFE9
 FFEA      EEFC       388             DW   BOBO  ;FFEA-FFEB
 FFEC      EEFC       389             DW   BOBO  ;FFEC-FFED
 FFEE      EEFC       390             DW   BOBO  ;FFEE-FFEF
 FFF0      EEFC       391             DW   BOBO  ;FFF0-FFF1
 FFF2      EEFC       392             DW   BOBO  ;FFF2-FFF3
 FFF4      EEFC       393             DW   BOBO  ;FFF4-FFF5
 FFF6      EEFC       394             DW   BOBO  ;FFF6-FFF7
 FFF8      EEFC       395             DW   BOBO  ;FFFF8-FFF9
 FFFA      EEFC       396             DW   BOBO  ;FFFA-FFFB
 FFFC      EEFC       397             DW   BOBO  ;FFFC-FFFD
 FFFE      EE00       398             DW   START ;FFFE-FFFF
                      399  ****************************************************
                             **************************************************
                                                           ********************
                      400  END
                      401  ****************************************************
                             **************************************************
                                                           ********************
                      402  
                      403  
                      404  
                      405  
                      406  
                      407  
                      408  
                      409  
                      410  


LCD OK.asm             Assembled with CASM08Z  22/03/2014  01:58:17 a.m.  PAGE 10



                      411  
                      412  
                      413  
                      414  
                      415  
                      416  
                      417   

 Symbol Table 

ACK              0002
ACKK             0002
ADCO             0005
ADICLK           003F
ADRH             003D
ADRL             003E
ADSCR            003C
AIEN             0006
BCFE             0007
BDCOP            0000
BFCR             FE03
BOBO             EEFC
BRKAR            FE02
BRKH             FE09
BRKL             FE0A
BRKSCR           FE0B
BSR              FE00
CH0F             0007
CH0IE            0006
CH0MAX           0000
CH1F             0007
CH1IE            0006
CH1MAX           0000
COCO             0007
CONFIG1          001F
CONFIG2          001E
COP              0005
COPCTL           FFFF
DDRA             0004
DDRB             0005
DELAY            EEB6
DELNUS           280C
DEMORA100        EEC7
E                0000
ECFS0            0002
ECFS1            0003
ECGON            0001
ECGST            0000
ELS0A            0002
ELS0B            0003
ELS1A            0002
ELS1B            0003
END              0000
ERARNGE          2806
ESCRIBE_DR       EE9E
ESCRIBE_IR       EE8B
FLBPR            FFBE
FLCR             FE08


LCD OK.asm             Assembled with CASM08Z  22/03/2014  01:58:17 a.m.  PAGE 11



GETBYTE          2800
ICFS0            0004
ICFS1            0005
ILAD             0003
ILOP             0004
IMASK            0001
IMASKK           0001
INICIO_LCD       EE1E
INT1             FE04
INT2             FE05
INT3             FE06
INTSCR           001D
IOSCTRM          FFC0
IRQF             0003
KBIER            001B
KBSCR            001A
KEYF             0003
LOOP1            EEB9
LVI              0001
LVISR            FE0C
MODE             0000
MODEK            0000
MODRST           0002
MS0A             0004
MS0B             0005
MS1A             0004
MS1B             0005
OSCOPT0          0006
OSCOPT1          0007
OSCSC            0036
OSCSTAT          0036
OSCTRIM          0038
PIN              0006
POR              0007
PORTA            0000
PORTB            0001
PRGRNGE          2809
PTA              0000
PTAPUE           000B
PTB              0001
PTBPUE           000C
RAM_START        0080
RDVRRNG          2803
RESTA3           EECA
RETARDO          EEB1
ROM_START        EE00
RS               0004
RWR              0005
SALUDO           EE3C
SBSW             0001
SRSR             FE01
START            EE00
TABLA            EECF
TCH0H            0026
TCH0L            0027
TCH1H            0029
TCH1L            002A
TCNTH            0021


LCD OK.asm             Assembled with CASM08Z  22/03/2014  01:58:17 a.m.  PAGE 12



TCNTL            0022
TMODH            0023
TMODL            0024
TOF              0007
TOIE             0006
TOV0             0001
TOV1             0001
TRST             0004
TSC              0020
TSC0             0025
TSC1             0028
TSTOP            0005
VECTORS          FFDE
