
includegp32.inc        Assembled with CASM08Z  17/06/2013  03:52:26 p.m.  PAGE 
                                                                              1



                        1   ; 68HC908GT16/GP32 Equates
                        2  
 0000                   3  PTA    EQU $0000     ; Ports and data direction
 0000                   4  PORTA  EQU $0000
 0000                   5  PTB    EQU $0001
 0000                   6  PORTB  EQU $0001
 0000                   7  PTC    EQU $0002
 0000                   8  PORTC  EQU $0002
 0000                   9  PTD    EQU $0003
 0000                  10  PORTD  EQU $0003
 0000                  11  DDRA   EQU $0004
 0000                  12  DDRB   EQU $0005
 0000                  13  DDRC   EQU $0006
 0000                  14  DDRD   EQU $0007
 0000                  15  PTE    EQU $0008
 0000                  16  PORTE  EQU $0008
                       17  
 0000                  18  SCPSC   EQU $0009    ;GT16 Only - Enhanced SCI
 0000                  19  SCIACTL EQU $000A    ;GT16 Only
 0000                  20  SCIADAT EQU $000B    ;GT16 Only
                       21  
 0000                  22  DDRE    EQU $000C    ; Ports and data direction
                       23  
 0000                  24  PTAPUE  EQU $000D    ; Port pull-up enables
 0000                  25  PTCPUE  EQU $000E
 0000                  26  PTDPUE  EQU $000F
                       27  
 0000                  28  SPCR    EQU $0010    ; SPI (Syncronous communication
                                                                             s)
 0000                  29  SPSCR   EQU $0011
 0000                  30  SPDR    EQU $0012
                       31  
 0000                  32  SCC1    EQU $0013    ; SCI (Asyncronous communicatio
                                                                            ns)
 0000                  33  SCC2    EQU $0014
 0000                  34  SCC3    EQU $0015
 0000                  35  SCS1    EQU $0016
 0000                  36  SCS2    EQU $0017
 0000                  37  SCDR    EQU $0018
 0000                  38  SCBR    EQU $0019
                       39  
 0000                  40  INTKBSCR EQU $001a   ; Keyboard interrupt control/st
                                                                           atus
 0000                  41  INTKBIER EQU $001b
                       42  
 0000                  43  TBCR    EQU $001c    ; Time base module
                       44  
 0000                  45  INTSCR  EQU $001d    ; IRQ status/control
                       46  
 0000                  47  CONFIG2 EQU $001e    ; System configuration
 0000                  48  CONFIG1 EQU $001f
                       49  
 0000                  50  T1SC    EQU $0020    ; Timer 1
 0000                  51  T1CNTH  EQU $0021
 0000                  52  T1CNTL  EQU $0022
 0000                  53  T1MODH  EQU $0023
 0000                  54  T1MODL  EQU $0024


includegp32.inc        Assembled with CASM08Z  17/06/2013  03:52:26 p.m.  PAGE 2



 0000                  55  T1SC0   EQU $0025
 0000                  56  T1CH0H  EQU $0026
 0000                  57  T1CH0L  EQU $0027
 0000                  58  T1SC1   EQU $0028
 0000                  59  T1CH1H  EQU $0029
 0000                  60  T1CH1L  EQU $002a
                       61  
 0000                  62  T2SC    EQU $002b    ; Timer 2
 0000                  63  T2CNTH  EQU $002c
 0000                  64  T2CNTL  EQU $002d
 0000                  65  T2MODH  EQU $002e
 0000                  66  T2MODL  EQU $002f
 0000                  67  T2SC0   EQU $0030
 0000                  68  T2CH0H  EQU $0031
 0000                  69  T2CH0L  EQU $0032
 0000                  70  T2SC1   EQU $0033
 0000                  71  T2CH1H  EQU $0034
 0000                  72  T2CH1L  EQU $0035
                       73  
 0000                  74  PCTL    EQU $0036    ; GP32 Only - Phase lock loop 
                                                                 (for crystals)
 0000                  75  PBWC    EQU $0037    ; GP32 Only
 0000                  76  PMSH    EQU $0038    ; GP32 Only
 0000                  77  PMSL    EQU $0039    ; GP32 Only
 0000                  78  PMRS    EQU $003A    ; GP32 Only
 0000                  79  PMDS    EQU $003B    ; GP32 Only
                       80  
 0000                  81  ICGCR   EQU $0036    ; GT16 Only - Internal Clock 
                                                                      Generator
 0000                  82  ICGMR   EQU $0037    ; GT16 Only
 0000                  83  ICGTR   EQU $0038    ; GT16 Only
 0000                  84  ICGDVR  EQU $0039    ; GT16 Only
 0000                  85  ICGDSR  EQU $003A    ; GT16 Only
 0000                  86  ICGTR5  EQU $FF80    ; GT16 Only
 0000                  87  ICGTR3  EQU $FF81    ; GT16 Only
                       88  
 0000                  89  ADSCR   EQU $003C    ; A to D converter
 0000                  90  ADR     EQU $003D
 0000                  91  ADCLK   EQU $003E
                       92  
 0000                  93  SBSR    EQU $fe00    ; System integration
 0000                  94  SRSR    EQU $fe01
 0000                  95  SUBAR   EQU $fe02
 0000                  96  SBFCR   EQU $fe03
                       97  
 0000                  98  INT1    EQU $fe04    ; Interrupt status
 0000                  99  INT2    EQU $fe05
 0000                 100  INT3    EQU $fe06
                      101  
 0000                 102  FLTCR   EQU $fe07    ; Flash test/programming
 0000                 103  FLCR    EQU $fe08
                      104  
 0000                 105  BRKH    EQU $fe09    ; Hardware breakpoint
 0000                 106  BRKL    EQU $fe0a
 0000                 107  BRKSCR  EQU $fe0b
                      108  
 0000                 109  LVISR   EQU $fe0c    ; Low voltage detect
                      110  


includegp32.inc        Assembled with CASM08Z  17/06/2013  03:52:26 p.m.  PAGE 3



 0000                 111  FLBPR   EQU $ff7e    ; Flash boot protect
                      112  
 0000                 113  COPCTL  EQU $ffff    ; COP (Computer operating 
                                                              properly) control
                      114  
                      115  
                      116  
                      117  ; (C)opywrite P&E Microcomputer Systems, 1998, 2002
                      118  ; http://www.pemicro.com
                      119  
                      120   

 Symbol Table 

ADCLK            003E
ADR              003D
ADSCR            003C
BRKH             FE09
BRKL             FE0A
BRKSCR           FE0B
CONFIG1          001F
CONFIG2          001E
COPCTL           FFFF
DDRA             0004
DDRB             0005
DDRC             0006
DDRD             0007
DDRE             000C
FLBPR            FF7E
FLCR             FE08
FLTCR            FE07
ICGCR            0036
ICGDSR           003A
ICGDVR           0039
ICGMR            0037
ICGTR            0038
ICGTR3           FF81
ICGTR5           FF80
INT1             FE04
INT2             FE05
INT3             FE06
INTKBIER         001B
INTKBSCR         001A
INTSCR           001D
LVISR            FE0C
PBWC             0037
PCTL             0036
PMDS             003B
PMRS             003A
PMSH             0038
PMSL             0039
PORTA            0000
PORTB            0001
PORTC            0002
PORTD            0003
PORTE            0008
PTA              0000
PTAPUE           000D


includegp32.inc        Assembled with CASM08Z  17/06/2013  03:52:26 p.m.  PAGE 4



PTB              0001
PTC              0002
PTCPUE           000E
PTD              0003
PTDPUE           000F
PTE              0008
SBFCR            FE03
SBSR             FE00
SCBR             0019
SCC1             0013
SCC2             0014
SCC3             0015
SCDR             0018
SCIACTL          000A
SCIADAT          000B
SCPSC            0009
SCS1             0016
SCS2             0017
SPCR             0010
SPDR             0012
SPSCR            0011
SRSR             FE01
SUBAR            FE02
T1CH0H           0026
T1CH0L           0027
T1CH1H           0029
T1CH1L           002A
T1CNTH           0021
T1CNTL           0022
T1MODH           0023
T1MODL           0024
T1SC             0020
T1SC0            0025
T1SC1            0028
T2CH0H           0031
T2CH0L           0032
T2CH1H           0034
T2CH1L           0035
T2CNTH           002C
T2CNTL           002D
T2MODH           002E
T2MODL           002F
T2SC             002B
T2SC0            0030
T2SC1            0033
TBCR             001C
