
prender-apagar 1 led.asm   Assembled with CASM08Z  14/12/2012  17:01:37  PAGE 1



 0000                   1  RAM_INI         EQU     $0080
 0000                   2  FLASH_INI       EQU     $F800
 0000                   3  VECTORES        EQU     $FFDE
 0000                   4  LED_1           EQU     7
                        5  
                        6  
 0000                   7  $base   10t
 0000                   8  $include   'QTQY_Registers.inc'
                        9  ;***************************************************
                                                    ***************************
                       10  ;                    QTQY_REGISTERS.INC - ARCHIVO 
                                                                        INCLUDE
                       11  ; Contiene las Definiciones de los Registros del 
                                                       MC68HC908QTA/QYA/8/4/2/1
                       12  ;
                       13  ;                    SyHDe - Soft y Hard Desarrollos
                       14  ;***************************************************
                                                    ***************************
                       15  
                       16  ;***************************************************
                                                    ***************************
                       17  ;---------------REGISTROS DE PUERTOS ENT/SAL--------
                                                    ---------------------------
                       18  ;---------------PUERTO A----------------------------
                                                    ---------------------------
 0000                  19  PTA  EQU     $0000   ; Port A Data register
 0000                  20  PORTA        EQU     $0000   ; "
 0000                  21  DDRA EQU     $0004   ; Port A Data Direction 
                                                                       Register
 0000                  22  PTAPUE  EQU  $000B   ; Port A Pull Ups Enable
                       23  
                       24  ;---------------PUERTO B----------------------------
                                                    ---------------------------
 0000                  25  PTB  EQU     $0001   ; Port B Data register
 0000                  26  PORTB        EQU     $0001   ; "
 0000                  27  DDRB EQU     $0005   ; Port B Data Direction 
                                                                       Register
 0000                  28  PTBPUE  EQU  $000C   ; Port B Pull Ups Enable
                       29  
                       30  ;***************************************************
                                                    ***************************
                       31  ;---------------REGISTROS DEL MODULO KEYBOARD-------
                                                    ---------------------------
 0000                  32  KBSCR        EQU     $001A   ; Keyboard Status & 
                                                               Control register
 0000                  33  keyf equ     3       ;
 0000                  34  ackk equ     2       ;
 0000                  35  imaskk       equ     1       ;
 0000                  36  modek        equ     0       ;
                       37  
 0000                  38  KBIER        EQU     $001B   ; Keyboard interrupt 
                                                                enable register
                       39  
                       40  ;***************************************************
                                                    ***************************
                       41  ;---------------REGISTROS DE INTERRUPCION EXTERNA 
                                                  1----------------------------
 0000                  42  INTSCR       EQU     $001D   ; IRQ Status & Control 


prender-apagar 1 led.asm   Assembled with CASM08Z  14/12/2012  17:01:37  PAGE 2



                                                                       Register
 0000                  43  irqf equ     3       ;
 0000                  44  ack  equ     2       ;
 0000                  45  imask        equ     1       ;
 0000                  46  mode equ     0       ;
                       47  
                       48  ;***************************************************
                                                    ***************************
                       49  ;---------------REGISTROS DE CONFIGURACION----------
                                                    ---------------------------
 0000                  50  CONFIG1      EQU     $001F   ; Configuration 
                                                                     Register 1
                       51  
 0000                  52  CONFIG2      EQU     $001E   ; Configuration 
                                                                     Register 2
                       53  
                       54  ;***************************************************
                                                    ***************************
                       55  ;---------------REGISTROS DEL TIMER ----------------
                                                    ---------------------------
 0000                  56  TSC  EQU     $0020   ; Timer Status & Control 
                                                                       Register
 0000                  57  tof  equ     7       ;
 0000                  58  toie equ     6       ;
 0000                  59  tstop        equ     5       ;
 0000                  60  trst equ     4       ;
                       61  
 0000                  62  TCNTH        EQU     $0021   ; Timer Counter 
                                                                  Register High
 0000                  63  TCNTL        EQU     $0022   ; Timer Counter 
                                                                   Register Low
 0000                  64  TMODH        EQU     $0023   ; Timer Counter Modulo 
                                                                  Register High
 0000                  65  TMODL        EQU     $0024   ; Timer Counter Modulo 
                                                                   Register Low
                       66  
 0000                  67  TSC0 EQU     $0025   ; Timer Channel 0 Status & 
                                                               Control Register
 0000                  68  ch0f equ     7
 0000                  69  ch0ie        equ     6       ;
 0000                  70  ms0b equ     5       ;
 0000                  71  ms0a equ     4       ;
 0000                  72  els0b        equ     3       ;
 0000                  73  els0a        equ     2       ;
 0000                  74  tov0 equ     1       ;
 0000                  75  ch0max       equ     0       ;
                       76  
 0000                  77  TCH0H        EQU     $0026   ; Timer Channel 0 
                                                                  Register High
 0000                  78  TCH0L        EQU     $0027   ; Timer Channel 0 
                                                                   Register Low
                       79  
 0000                  80  TSC1 EQU     $0028   ; Timer Channel 1 Status & 
                                                               Control Register
 0000                  81  ch1f equ     7
 0000                  82  ch1ie        equ     6       ;
 0000                  83  ms1b equ     5       ;
 0000                  84  ms1a equ     4       ;


prender-apagar 1 led.asm   Assembled with CASM08Z  14/12/2012  17:01:37  PAGE 3



 0000                  85  els1b        equ     3       ;
 0000                  86  els1a        equ     2       ;
 0000                  87  tov1 equ     1       ;
 0000                  88  ch1max       equ     0       ;
                       89  
 0000                  90  TCH1H        EQU     $0029   ; Timer Channel 1 
                                                                  Register High
 0000                  91  TCH1L        EQU     $002A   ; Timer Channel 1 
                                                                   Register Low
                       92  
                       93  ;***************************************************
                                                    ***************************
                       94  ;---------------REGISTROS DEL OSCILADOR-------------
                                                    ---------------------------
 0000                  95  OSCSC        EQU     $0036   ;Oscillator Status and 
                                                               Control Register
 0000                  96  ecgst        equ     0       ;Read Only!!!!
 0000                  97  ecgon        equ     1       ;
 0000                  98  ecfs0        equ     2       ;
 0000                  99  ecfs1        equ     3       ;
 0000                 100  icfs0        equ     4       ;
 0000                 101  icfs1        equ     5       ;
 0000                 102  oscopt0      equ     6       ;
 0000                 103  oscopt1      equ     7       ;
                      104  
 0000                 105  OSCTRIM      EQU     $0038   ;Oscillator Trim 
                                                                       Register
                      106  
 0000                 107  OSCSTAT EQU  $0036   ;Oscillator Status and Control 
                                                         (No Vers A Solo QY/QT)
                      108  
                      109  ;***************************************************
                                                    ***************************
                      110  ;---------------REGISTROS DEL ADC-------------------
                                                    ---------------------------
 0000                 111  ADSCR        EQU     $003C   ; ADC Status & Control 
                                                                       Register
 0000                 112  coco equ     7       ;
 0000                 113  aien equ     6       ;
 0000                 114  adco equ     5       ;
                      115  
 0000                 116  ADRH EQU     $003D   ; ADC10 Data Register High
 0000                 117  ADRL EQU     $003E   ; ADC10 Data Register Low
 0000                 118  ADICLK       EQU     $003F   ; ADC10 Clock Control 
                                                                       Register
                      119  
                      120  ;***************************************************
                                                    ***************************
                      121  ;---------------REGISTROS DEL MODULO SIM------------
                                                    ---------------------------
 0000                 122  BSR  EQU     $FE00   ; Break Status Register
 0000                 123  sbsw equ     1       ; break wait bit
                      124  
 0000                 125  SRSR EQU     $FE01   ; SIM Reset Status Register
 0000                 126  por  equ     7       ;
 0000                 127  pin  equ     6       ;
 0000                 128  cop  equ     5       ;
 0000                 129  ilop equ     4       ;


prender-apagar 1 led.asm   Assembled with CASM08Z  14/12/2012  17:01:37  PAGE 4



 0000                 130  ilad equ     3       ;
 0000                 131  modrst       equ     2       ;
 0000                 132  lvi  equ     1       ;
                      133  
 0000                 134  BRKAR        EQU     $FE02   ; Break Auxiliary 
                                                                       Register
 0000                 135  bdcop        equ     0
                      136  
 0000                 137  BFCR EQU     $FE03   ; Break Flag Control Register
 0000                 138  bcfe equ     7       ;
                      139  
 0000                 140  INT1 EQU     $FE04   ; Interrupt Status Register 1
                      141  
 0000                 142  INT2 EQU     $FE05   ; Interrupt Status Register 2
                      143  
 0000                 144  INT3 EQU     $FE06   ; Interrupt Status Register 3
                      145  
                      146  ;***************************************************
                                                    ***************************
                      147  ;---------------REGISTROS DE LA MEMORIA FLASH-------
                                                    ---------------------------
 0000                 148  FLCR EQU     $FE08   ; FLASH Control Register
                      149  
 0000                 150  FLBPR        EQU     $FFBE   ; FLASH Block Protect
                      151  
                      152  ;***************************************************
                                                    ***************************
                      153  ;---------------REGISTROS DEL MODULO BREAK----------
                                                     --------------------------
 0000                 154  BRKH EQU     $FE09   ; Break address Hig Register
                      155  
 0000                 156  BRKL EQU     $FE0A   ; Break Address Low Register
                      157  
 0000                 158  BRKSCR       EQU     $FE0B   ; Break Status & 
                                                               Control Register
                      159  
                      160  ;***************************************************
                                                    ***************************
                      161  ;---------------REGISTROS DEL MODULO LVI------------
                                                    ---------------------------
 0000                 162  LVISR        EQU     $FE0C   ; LVI Status Register
                      163  
                      164  ;***************************************************
                                                    ***************************
                      165  ;---------------REGISTROS DEL MODULO OSCILLATOR-----
                                                    ---------------------------
 0000                 166  IOSCTRM EQU  $FFC0   ; Internal Oscillator Trim 
                                                  (Factory Prog Value Optional)
                      167  
                      168  ;***************************************************
                                                    ***************************
                      169  ;---------------REGISTROS DEL MODULO COP WATCHDOG---
                                                    ---------------------------
 0000                 170  COPCTL       EQU     $FFFF   ; COP Control Register
                      171  
                      172  ;***************************************************
                                                    ***************************
                      173  ;***************************************************


prender-apagar 1 led.asm   Assembled with CASM08Z  14/12/2012  17:01:37  PAGE 5



                                                    ***************************
                      174  ; RUTINAS DE MANEJO DE LA MEMORIA FLASH SITUADAS EN 
                                                    LA ROM MONITOR (HC908QTQYx)
                      175  ;***************************************************
                                                    ***************************
                      176  
 0000                 177  PRGRNGE              EQU     $2809   ;Programa un 
                                                  rango de direcciones de Flash
 0000                 178  ERARNGE              EQU     $2806   ;Borra una 
                                                        pagina de Memoria Flash
 0000                 179  GETBYTE              EQU     $2800   ;Recibe un 
                                              Byte en Modo Monitordesde el Port
 0000                 180  RDVRRNG              EQU     $2803   ;Usa un Rango 
                                               de la Flash y lo envia x el Port
 0000                 181  DELNUS               EQU     $280C   ;Rutina de 
                                                  Demora (usa parametros[A][X])
                      182  
                      183  ;***************************************************
                                                    ***************************
                      184  ;       SyHDe - Soft y Hard Desarrollos, 2000  - 
                                                          Derechos Reservados -
                      185  ; Ud.uede usar este archivo gratuitamente mientras 
                                                     incluya este pie de pagina
                      186  ;***************************************************
                                                    ***************************
                      187  
                      188  
 F800                 189                  org     FLASH_INI
                      190  start:
 F800 [01] 9C         191                  rsp
 F801 [01] 4F         192                  clra
 F802 [01] 8C         193                  clrh
 F803 [01] 5F         194                  clrx
 F804 [02] 9B         195                  sei
                      196  
 F805 [04] 6E801E     197                  mov             #%10000000,CONFIG2
 F808 [04] 6E0D1F     198                  mov             #%00001101,CONFIG1
 F80B [01] 9D         199                  nop
 F80C [01] 9D         200                  nop
 F80D [01] 9D         201                  nop
                      202  
 F80E [04] 6E2036     203                  mov  #%00100000,OSCSC
 F811 [04] 6E8138     204         mov   #%10000001,OSCTRIM
                      205  
 F814 [05] CDF838     206                  jsr  demora_qy
 F817 [05] CDF838     207                  jsr  demora_qy
 F81A [05] CDF838     208                  jsr  demora_qy
 F81D [05] CDF838     209                  jsr  demora_qy
 F820 [05] CDF838     210                  jsr  demora_qy
 F823 [05] CDF838     211                  jsr  demora_qy
                      212  
 F826 [04] 6EC005     213                  mov             #%11000000,DDRB
 F829 [04] 6EC001     214                  mov             #%11000000,PORTB
                      215  
                      216  start_00:
                      217  
 F82C [04] 1F01       218                  bclr    led_1,PORTB
 F82E [05] CDF843     219                  jsr      demora_1000ms


prender-apagar 1 led.asm   Assembled with CASM08Z  14/12/2012  17:01:37  PAGE 6



 F831 [04] 1E01       220                  bset    led_1,PORTB
 F833 [05] CDF843     221                  jsr      demora_1000ms
                      222                  
 F836 [03] 20F4       223                  bra     start_00
                      224  
                      225  demora_qy:
 F838 [02] AEFF       226                ldx    #$FF
                      227  dem_2:
 F83A [02] A6FF       228                lda    #$FF
                      229  dem_1:
 F83C [01] 4A         230                deca
 F83D [03] 26FD       231                   bne dem_1
 F83F [01] 5A         232                   decx
 F840 [03] 26F8       233                   bne dem_2
 F842 [04] 81         234                   rts
                      235  
                      236  demora_1000ms:
 F843 [05] CDF838     237                jsr    demora_qy
 F846 [05] CDF838     238                   jsr demora_qy
 F849 [05] CDF838     239                   jsr demora_qy
 F84C [05] CDF838     240                   jsr demora_qy
 F84F [05] CDF838     241                   jsr demora_qy
 F852 [05] CDF838     242                   jsr demora_qy
 F855 [04] 81         243                   rts
                      244  adc_isr:
 F856 [01] 9D         245                  nop
 F857 [07] 80         246                  rti
                      247  
                      248  keyb_isr:
 F858 [01] 9D         249                  nop
 F859 [07] 80         250                  rti
                      251  
                      252  tim1_ov_isr:
 F85A [01] 9D         253                  nop
 F85B [07] 80         254                  rti
                      255  
                      256  tim1_0_isr:
 F85C [01] 9D         257                  nop
 F85D [07] 80         258                  rti
                      259  
                      260  tim1_1_isr:
 F85E [01] 9D         261                  nop
 F85F [07] 80         262                  rti
                      263  
                      264  irq_isr:
 F860 [01] 9D         265                  nop
 F861 [07] 80         266                  rti
                      267  swi_isr:
 F862 [01] 9D         268                  nop
 F863 [07] 80         269                  rti
                      270  
                      271  dummy_isr:
 F864 [01] 9D         272                  nop
 F865 [07] 80         273                  rti
                      274  
 FFDE                 275                  org  VECTORES
 FFDE      F856       276       fdb     adc_isr         ; ADC Vector
 FFE0      F858       277       fdb     keyb_isr        ; KEYBOARD Vector


prender-apagar 1 led.asm   Assembled with CASM08Z  14/12/2012  17:01:37  PAGE 7



                      278  
 FFF2                 279       org     $FFF2
 FFF2      F85A       280       fdb     tim1_ov_isr     ; TIM1 Overflow Vector
 FFF4      F85E       281       fdb     tim1_1_isr      ; TIM1 Channel 1 Vector
 FFF6      F85C       282       fdb     tim1_0_isr      ; TIM1 Channel 0 Vector
                      283  
 FFFA                 284       org     $FFFA
 FFFA      F860       285       fdb     irq_isr         ; IRQ1  Vector
 FFFC      F862       286       fdb     swi_isr         ; SWI Vector
 FFFE      F800       287       fdb     Start           ; Reset
                      288  
                      289  
                      290  end
                      291   

 Symbol Table 

ACK              0002
ACKK             0002
ADCO             0005
ADC_ISR          F856
ADICLK           003F
ADRH             003D
ADRL             003E
ADSCR            003C
AIEN             0006
BCFE             0007
BDCOP            0000
BFCR             FE03
BRKAR            FE02
BRKH             FE09
BRKL             FE0A
BRKSCR           FE0B
BSR              FE00
CH0F             0007
CH0IE            0006
CH0MAX           0000
CH1F             0007
CH1IE            0006
CH1MAX           0000
COCO             0007
CONFIG1          001F
CONFIG2          001E
COP              0005
COPCTL           FFFF
DDRA             0004
DDRB             0005
DELNUS           280C
DEMORA_1000MS    F843
DEMORA_QY        F838
DEM_1            F83C
DEM_2            F83A
DUMMY_ISR        F864
ECFS0            0002
ECFS1            0003
ECGON            0001
ECGST            0000
ELS0A            0002


prender-apagar 1 led.asm   Assembled with CASM08Z  14/12/2012  17:01:37  PAGE 8



ELS0B            0003
ELS1A            0002
ELS1B            0003
END              0000
ERARNGE          2806
FLASH_INI        F800
FLBPR            FFBE
FLCR             FE08
GETBYTE          2800
ICFS0            0004
ICFS1            0005
ILAD             0003
ILOP             0004
IMASK            0001
IMASKK           0001
INT1             FE04
INT2             FE05
INT3             FE06
INTSCR           001D
IOSCTRM          FFC0
IRQF             0003
IRQ_ISR          F860
KBIER            001B
KBSCR            001A
KEYB_ISR         F858
KEYF             0003
LED_1            0007
LVI              0001
LVISR            FE0C
MODE             0000
MODEK            0000
MODRST           0002
MS0A             0004
MS0B             0005
MS1A             0004
MS1B             0005
OSCOPT0          0006
OSCOPT1          0007
OSCSC            0036
OSCSTAT          0036
OSCTRIM          0038
PIN              0006
POR              0007
PORTA            0000
PORTB            0001
PRGRNGE          2809
PTA              0000
PTAPUE           000B
PTB              0001
PTBPUE           000C
RAM_INI          0080
RDVRRNG          2803
SBSW             0001
SRSR             FE01
START            F800
START_00         F82C
SWI_ISR          F862
TCH0H            0026


prender-apagar 1 led.asm   Assembled with CASM08Z  14/12/2012  17:01:37  PAGE 9



TCH0L            0027
TCH1H            0029
TCH1L            002A
TCNTH            0021
TCNTL            0022
TIM1_0_ISR       F85C
TIM1_1_ISR       F85E
TIM1_OV_ISR      F85A
TMODH            0023
TMODL            0024
TOF              0007
TOIE             0006
TOV0             0001
TOV1             0001
TRST             0004
TSC              0020
TSC0             0025
TSC1             0028
TSTOP            0005
VECTORES         FFDE
